#! /usr/bin/vvp
:ivl_version "11.0 (stable)";
:ivl_delay_selection "TYPICAL";
:vpi_time_precision + 0;
:vpi_module "/usr/lib/x86_64-linux-gnu/ivl/system.vpi";
:vpi_module "/usr/lib/x86_64-linux-gnu/ivl/vhdl_sys.vpi";
:vpi_module "/usr/lib/x86_64-linux-gnu/ivl/vhdl_textio.vpi";
:vpi_module "/usr/lib/x86_64-linux-gnu/ivl/v2005_math.vpi";
:vpi_module "/usr/lib/x86_64-linux-gnu/ivl/va_math.vpi";
S_0x5555eab22d90 .scope module, "pc" "pc" 2 1;
 .timescale 0 0;
    .port_info 0 /INPUT 1 "clk";
    .port_info 1 /INPUT 1 "rst";
    .port_info 2 /INPUT 8 "adrs_in";
    .port_info 3 /OUTPUT 8 "adrs_out";
    .port_info 4 /INPUT 1 "en_pc";
L_0x5555eab6c3b0 .functor BUFZ 8, v0x5555eab6c230_0, C4<00000000>, C4<00000000>, C4<00000000>;
o0x7f839a2bf018 .functor BUFZ 8, C4<zzzzzzzz>; HiZ drive
v0x5555eab22f40_0 .net "adrs_in", 7 0, o0x7f839a2bf018;  0 drivers
v0x5555eab6beb0_0 .net "adrs_out", 7 0, L_0x5555eab6c3b0;  1 drivers
o0x7f839a2bf078 .functor BUFZ 1, C4<z>; HiZ drive
v0x5555eab6bf90_0 .net "clk", 0 0, o0x7f839a2bf078;  0 drivers
o0x7f839a2bf0a8 .functor BUFZ 1, C4<z>; HiZ drive
v0x5555eab6c060_0 .net "en_pc", 0 0, o0x7f839a2bf0a8;  0 drivers
o0x7f839a2bf0d8 .functor BUFZ 1, C4<z>; HiZ drive
v0x5555eab6c120_0 .net "rst", 0 0, o0x7f839a2bf0d8;  0 drivers
v0x5555eab6c230_0 .var "temp_adrs", 7 0;
E_0x5555eab23790/0 .event negedge, v0x5555eab6c120_0;
E_0x5555eab23790/1 .event posedge, v0x5555eab6bf90_0;
E_0x5555eab23790 .event/or E_0x5555eab23790/0, E_0x5555eab23790/1;
    .scope S_0x5555eab22d90;
T_0 ;
    %wait E_0x5555eab23790;
    %load/vec4 v0x5555eab6c120_0;
    %cmpi/e 0, 0, 1;
    %jmp/0xz  T_0.0, 6;
    %pushi/vec4 0, 0, 8;
    %assign/vec4 v0x5555eab6c230_0, 0;
    %jmp T_0.1;
T_0.0 ;
    %load/vec4 v0x5555eab6c060_0;
    %cmpi/e 1, 0, 1;
    %jmp/0xz  T_0.2, 6;
    %load/vec4 v0x5555eab22f40_0;
    %assign/vec4 v0x5555eab6c230_0, 0;
T_0.2 ;
T_0.1 ;
    %jmp T_0;
    .thread T_0;
# The file index is used to find the file name in the following table.
:file_names 3;
    "N/A";
    "<interactive>";
    "pc.v";
