#! /usr/bin/vvp
:ivl_version "11.0 (stable)";
:ivl_delay_selection "TYPICAL";
:vpi_time_precision + 0;
:vpi_module "/usr/lib/x86_64-linux-gnu/ivl/system.vpi";
:vpi_module "/usr/lib/x86_64-linux-gnu/ivl/vhdl_sys.vpi";
:vpi_module "/usr/lib/x86_64-linux-gnu/ivl/vhdl_textio.vpi";
:vpi_module "/usr/lib/x86_64-linux-gnu/ivl/v2005_math.vpi";
:vpi_module "/usr/lib/x86_64-linux-gnu/ivl/va_math.vpi";
S_0x55ae821bdd60 .scope module, "pc_tb" "pc_tb" 2 1;
 .timescale 0 0;
v0x55ae821d2cf0_0 .var "tstadrs_in", 7 0;
v0x55ae821d2dd0_0 .net "tstadrs_out", 7 0, L_0x55ae821aa020;  1 drivers
v0x55ae821d2e70_0 .var "tstclk", 0 0;
v0x55ae821d2f10_0 .var "tstclr", 0 0;
v0x55ae821d2fe0_0 .var "tsten_pc", 0 0;
E_0x55ae821bbdc0 .event posedge, v0x55ae821aa7b0_0;
S_0x55ae821bdf10 .scope module, "dut" "pc" 2 8, 3 1 0, S_0x55ae821bdd60;
 .timescale 0 0;
    .port_info 0 /INPUT 1 "clk";
    .port_info 1 /INPUT 1 "clr";
    .port_info 2 /INPUT 8 "adrs_in";
    .port_info 3 /OUTPUT 8 "adrs_out";
    .port_info 4 /INPUT 1 "en_pc";
L_0x55ae821aa020 .functor BUFZ 8, v0x55ae821d2b70_0, C4<00000000>, C4<00000000>, C4<00000000>;
v0x55ae821aa180_0 .net "adrs_in", 7 0, v0x55ae821d2cf0_0;  1 drivers
v0x55ae821aa4b0_0 .net "adrs_out", 7 0, L_0x55ae821aa020;  alias, 1 drivers
v0x55ae821aa7b0_0 .net "clk", 0 0, v0x55ae821d2e70_0;  1 drivers
v0x55ae821aab00_0 .net "clr", 0 0, v0x55ae821d2f10_0;  1 drivers
v0x55ae821d2a60_0 .net "en_pc", 0 0, v0x55ae821d2fe0_0;  1 drivers
v0x55ae821d2b70_0 .var "temp_adrs", 7 0;
E_0x55ae821bc3f0/0 .event negedge, v0x55ae821aab00_0;
E_0x55ae821bc3f0/1 .event posedge, v0x55ae821aa7b0_0;
E_0x55ae821bc3f0 .event/or E_0x55ae821bc3f0/0, E_0x55ae821bc3f0/1;
    .scope S_0x55ae821bdf10;
T_0 ;
    %wait E_0x55ae821bc3f0;
    %load/vec4 v0x55ae821aab00_0;
    %cmpi/e 0, 0, 1;
    %jmp/0xz  T_0.0, 6;
    %pushi/vec4 0, 0, 8;
    %assign/vec4 v0x55ae821d2b70_0, 0;
    %jmp T_0.1;
T_0.0 ;
    %load/vec4 v0x55ae821d2a60_0;
    %cmpi/e 1, 0, 1;
    %jmp/0xz  T_0.2, 6;
    %load/vec4 v0x55ae821aa180_0;
    %assign/vec4 v0x55ae821d2b70_0, 0;
T_0.2 ;
T_0.1 ;
    %jmp T_0;
    .thread T_0;
    .scope S_0x55ae821bdd60;
T_1 ;
    %pushi/vec4 0, 0, 1;
    %assign/vec4 v0x55ae821d2e70_0, 0;
    %delay 5, 0;
    %pushi/vec4 1, 0, 1;
    %assign/vec4 v0x55ae821d2e70_0, 0;
    %delay 5, 0;
    %jmp T_1;
    .thread T_1;
    .scope S_0x55ae821bdd60;
T_2 ;
    %vpi_call 2 25 "$dumpvars" {0 0 0};
    %pushi/vec4 0, 0, 1;
    %assign/vec4 v0x55ae821d2f10_0, 0;
    %pushi/vec4 1, 0, 1;
    %assign/vec4 v0x55ae821d2fe0_0, 0;
    %wait E_0x55ae821bbdc0;
    %pushi/vec4 1, 0, 1;
    %assign/vec4 v0x55ae821d2f10_0, 0;
    %pushi/vec4 1, 0, 8;
    %assign/vec4 v0x55ae821d2cf0_0, 0;
    %wait E_0x55ae821bbdc0;
    %pushi/vec4 2, 0, 8;
    %assign/vec4 v0x55ae821d2cf0_0, 0;
    %wait E_0x55ae821bbdc0;
    %pushi/vec4 3, 0, 8;
    %assign/vec4 v0x55ae821d2cf0_0, 0;
    %wait E_0x55ae821bbdc0;
    %pushi/vec4 4, 0, 8;
    %assign/vec4 v0x55ae821d2cf0_0, 0;
    %wait E_0x55ae821bbdc0;
    %pushi/vec4 5, 0, 8;
    %assign/vec4 v0x55ae821d2cf0_0, 0;
    %delay 50, 0;
    %vpi_call 2 62 "$finish" {0 0 0};
    %end;
    .thread T_2;
# The file index is used to find the file name in the following table.
:file_names 4;
    "N/A";
    "<interactive>";
    "pc_tb.v";
    "pc.v";
