#! /usr/bin/vvp
:ivl_version "11.0 (stable)";
:ivl_delay_selection "TYPICAL";
:vpi_time_precision + 0;
:vpi_module "/usr/lib/x86_64-linux-gnu/ivl/system.vpi";
:vpi_module "/usr/lib/x86_64-linux-gnu/ivl/vhdl_sys.vpi";
:vpi_module "/usr/lib/x86_64-linux-gnu/ivl/vhdl_textio.vpi";
:vpi_module "/usr/lib/x86_64-linux-gnu/ivl/v2005_math.vpi";
:vpi_module "/usr/lib/x86_64-linux-gnu/ivl/va_math.vpi";
S_0x55cde00b7a00 .scope module, "toplevel_tb" "toplevel_tb" 2 1;
 .timescale 0 0;
v0x55cde00d9e20_0 .net "tstadrs", 7 0, v0x55cde00d8060_0;  1 drivers
v0x55cde00d9f50_0 .var "tstclk", 0 0;
v0x55cde00da010_0 .var "tstclr", 0 0;
v0x55cde00da0b0_0 .var "tstdin", 15 0;
v0x55cde00da1a0_0 .net "tstdout", 7 0, v0x55cde009fc00_0;  1 drivers
v0x55cde00da290_0 .net "tstrw", 0 0, v0x55cde00d62a0_0;  1 drivers
E_0x55cde008a770 .event posedge, v0x55cde009fcd0_0;
S_0x55cde0082fa0 .scope module, "dut" "toplevel" 2 10, 3 1 0, S_0x55cde00b7a00;
 .timescale 0 0;
    .port_info 0 /INPUT 16 "din";
    .port_info 1 /INPUT 1 "clk";
    .port_info 2 /INPUT 1 "clr";
    .port_info 3 /OUTPUT 1 "rw";
    .port_info 4 /OUTPUT 8 "adrs";
    .port_info 5 /OUTPUT 8 "dout";
v0x55cde00d8b30_0 .net "a", 7 0, v0x55cde00d73a0_0;  1 drivers
v0x55cde00d8c60_0 .net "adrs", 7 0, v0x55cde00d8060_0;  alias, 1 drivers
o0x7fa269337068 .functor BUFZ 8, C4<zzzzzzzz>; HiZ drive
v0x55cde00d8d20_0 .net "adrs_in", 7 0, o0x7fa269337068;  0 drivers
v0x55cde00d8df0_0 .net "alu", 4 0, v0x55cde00d4e60_0;  1 drivers
v0x55cde00d8ee0_0 .net "alu_result", 7 0, L_0x55cde00da6f0;  1 drivers
v0x55cde00d9020_0 .net "b", 7 0, v0x55cde00d79e0_0;  1 drivers
v0x55cde00d9130_0 .net "carry", 0 0, L_0x55cde00da790;  1 drivers
v0x55cde00d9220_0 .net "clk", 0 0, v0x55cde00d9f50_0;  1 drivers
v0x55cde00d92c0_0 .net "clr", 0 0, v0x55cde00da010_0;  1 drivers
v0x55cde00d93f0_0 .net "din", 15 0, v0x55cde00da0b0_0;  1 drivers
v0x55cde00d94b0_0 .net "dout", 7 0, v0x55cde009fc00_0;  alias, 1 drivers
v0x55cde00d9550_0 .net "en_da", 0 0, v0x55cde00d5450_0;  1 drivers
v0x55cde00d95f0_0 .net "en_ir", 0 0, v0x55cde00d5520_0;  1 drivers
v0x55cde00d9690_0 .net "en_pc", 0 0, v0x55cde00d55c0_0;  1 drivers
v0x55cde00d9780_0 .net "ir_out", 15 0, v0x55cde00d6ea0_0;  1 drivers
v0x55cde00d9840_0 .net "muxa", 0 0, v0x55cde00d5fa0_0;  1 drivers
v0x55cde00d9930_0 .net "muxb", 0 0, v0x55cde00d6060_0;  1 drivers
v0x55cde00d9a20_0 .net "muxc", 0 0, v0x55cde00d6120_0;  1 drivers
v0x55cde00d9b10_0 .net "pc_out", 7 0, v0x55cde00d8760_0;  1 drivers
v0x55cde00d9bb0_0 .net "rw", 0 0, v0x55cde00d62a0_0;  alias, 1 drivers
v0x55cde00d9c50_0 .net "zero", 0 0, v0x55cde00d3570_0;  1 drivers
L_0x55cde00da650 .part v0x55cde00d6ea0_0, 8, 8;
L_0x55cde00da880 .part v0x55cde00da0b0_0, 0, 8;
L_0x55cde00da920 .part v0x55cde00d6ea0_0, 0, 8;
L_0x55cde00da9c0 .part v0x55cde00d6ea0_0, 0, 8;
S_0x55cde0083180 .scope module, "dut_acc" "acc" 3 76, 4 1 0, S_0x55cde0082fa0;
 .timescale 0 0;
    .port_info 0 /INPUT 1 "clk";
    .port_info 1 /INPUT 1 "clr";
    .port_info 2 /INPUT 8 "acc_in";
    .port_info 3 /OUTPUT 8 "acc_out";
    .port_info 4 /INPUT 1 "en_da";
v0x55cde004c490_0 .net "acc_in", 7 0, L_0x55cde00da6f0;  alias, 1 drivers
v0x55cde009fc00_0 .var "acc_out", 7 0;
v0x55cde009fcd0_0 .net "clk", 0 0, v0x55cde00d9f50_0;  alias, 1 drivers
v0x55cde00ae440_0 .net "clr", 0 0, v0x55cde00da010_0;  alias, 1 drivers
v0x55cde00b21b0_0 .net "en_da", 0 0, v0x55cde00d5450_0;  alias, 1 drivers
E_0x55cde0038a70/0 .event negedge, v0x55cde00ae440_0;
E_0x55cde0038a70/1 .event posedge, v0x55cde009fcd0_0;
E_0x55cde0038a70 .event/or E_0x55cde0038a70/0, E_0x55cde0038a70/1;
S_0x55cde00d29d0 .scope module, "dut_alu" "alu" 3 67, 5 1 0, S_0x55cde0082fa0;
 .timescale 0 0;
    .port_info 0 /INPUT 8 "a";
    .port_info 1 /INPUT 8 "b";
    .port_info 2 /INPUT 5 "alu";
    .port_info 3 /OUTPUT 8 "dout";
    .port_info 4 /OUTPUT 1 "carry";
    .port_info 5 /OUTPUT 1 "zero";
P_0x55cde00d2bd0 .param/l "ADD" 1 5 19, C4<00000>;
P_0x55cde00d2c10 .param/l "BITAND" 1 5 20, C4<00001>;
P_0x55cde00d2c50 .param/l "INCREMENT" 1 5 24, C4<10100>;
P_0x55cde00d2c90 .param/l "INP_A" 1 5 21, C4<00010>;
P_0x55cde00d2cd0 .param/l "INP_B" 1 5 22, C4<00011>;
P_0x55cde00d2d10 .param/l "SUB" 1 5 23, C4<01100>;
v0x55cde00d3040_0 .net "a", 7 0, v0x55cde00d73a0_0;  alias, 1 drivers
v0x55cde00d3140_0 .net "alu", 4 0, v0x55cde00d4e60_0;  alias, 1 drivers
v0x55cde00d3220_0 .net "b", 7 0, v0x55cde00d79e0_0;  alias, 1 drivers
v0x55cde00d32e0_0 .net "carry", 0 0, L_0x55cde00da790;  alias, 1 drivers
v0x55cde00d33a0_0 .net "dout", 7 0, L_0x55cde00da6f0;  alias, 1 drivers
v0x55cde00d34b0_0 .var "temp_dout", 8 0;
v0x55cde00d3570_0 .var "zero", 0 0;
E_0x55cde00b9760 .event edge, v0x55cde00d34b0_0;
E_0x55cde00b99c0 .event edge, v0x55cde00d3140_0, v0x55cde00d3040_0, v0x55cde00d3220_0;
L_0x55cde00da6f0 .part v0x55cde00d34b0_0, 0, 8;
L_0x55cde00da790 .part v0x55cde00d34b0_0, 8, 1;
S_0x55cde00d3730 .scope module, "dut_decoder" "decoder" 3 52, 6 1 0, S_0x55cde0082fa0;
 .timescale 0 0;
    .port_info 0 /INPUT 1 "clk";
    .port_info 1 /INPUT 1 "clr";
    .port_info 2 /INPUT 1 "carry";
    .port_info 3 /INPUT 1 "zero";
    .port_info 4 /INPUT 8 "ir";
    .port_info 5 /OUTPUT 1 "rw";
    .port_info 6 /OUTPUT 5 "alu";
    .port_info 7 /OUTPUT 1 "muxa";
    .port_info 8 /OUTPUT 1 "muxb";
    .port_info 9 /OUTPUT 1 "muxc";
    .port_info 10 /OUTPUT 1 "en_ir";
    .port_info 11 /OUTPUT 1 "en_da";
    .port_info 12 /OUTPUT 1 "en_pc";
P_0x55cde00d3910 .param/l "ADD" 1 6 38, C4<0100>;
P_0x55cde00d3950 .param/l "BITAND" 1 6 39, C4<0001>;
P_0x55cde00d3990 .param/l "CARRY" 1 6 46, C4<10>;
P_0x55cde00d39d0 .param/l "DECODE" 1 6 34, C4<0100>;
P_0x55cde00d3a10 .param/l "EXECUTE" 1 6 35, C4<0010>;
P_0x55cde00d3a50 .param/l "FETCH" 1 6 33, C4<1000>;
P_0x55cde00d3a90 .param/l "IDLE" 1 6 32, C4<0000>;
P_0x55cde00d3ad0 .param/l "INCREMENT" 1 6 36, C4<0001>;
P_0x55cde00d3b10 .param/l "INPUT" 1 6 41, C4<1010>;
P_0x55cde00d3b50 .param/l "JUMP" 1 6 43, C4<1000>;
P_0x55cde00d3b90 .param/l "JUMP_CONDITION" 1 6 44, C4<1001>;
P_0x55cde00d3bd0 .param/l "LOAD" 1 6 37, C4<0000>;
P_0x55cde00d3c10 .param/l "NO_CARRY" 1 6 48, C4<11>;
P_0x55cde00d3c50 .param/l "NO_ZERO" 1 6 47, C4<01>;
P_0x55cde00d3c90 .param/l "OUTPUT" 1 6 42, C4<1110>;
P_0x55cde00d3cd0 .param/l "SUB" 1 6 40, C4<0110>;
P_0x55cde00d3d10 .param/l "ZERO" 1 6 45, C4<00>;
v0x55cde00d4da0_0 .var "add", 0 0;
v0x55cde00d4e60_0 .var "alu", 4 0;
v0x55cde00d4f20_0 .var "bitand", 0 0;
v0x55cde00d4fc0_0 .net "carry", 0 0, L_0x55cde00da790;  alias, 1 drivers
v0x55cde00d5060_0 .var "carry_reg", 0 0;
v0x55cde00d5100_0 .net "clk", 0 0, v0x55cde00d9f50_0;  alias, 1 drivers
v0x55cde00d51a0_0 .net "clr", 0 0, v0x55cde00da010_0;  alias, 1 drivers
v0x55cde00d5270_0 .net "d", 0 0, L_0x55cde00da420;  1 drivers
v0x55cde00d5310_0 .var "decexe", 0 0;
v0x55cde00d53b0_0 .net "e", 0 0, L_0x55cde00da510;  1 drivers
v0x55cde00d5450_0 .var "en_da", 0 0;
v0x55cde00d5520_0 .var "en_ir", 0 0;
v0x55cde00d55c0_0 .var "en_pc", 0 0;
v0x55cde00d5680_0 .net "f", 0 0, L_0x55cde00da380;  1 drivers
v0x55cde00d5740_0 .net "i", 0 0, L_0x55cde00da5b0;  1 drivers
v0x55cde00d5800_0 .var "inp", 0 0;
v0x55cde00d58c0_0 .net "ir", 7 0, L_0x55cde00da650;  1 drivers
v0x55cde00d59a0_0 .var "jump", 0 0;
v0x55cde00d5a60_0 .var "jump_not_taken", 0 0;
v0x55cde00d5b20_0 .var "jump_taken", 0 0;
v0x55cde00d5be0_0 .var "jumpc", 0 0;
v0x55cde00d5ca0_0 .var "jumpnc", 0 0;
v0x55cde00d5d60_0 .var "jumpnz", 0 0;
v0x55cde00d5e20_0 .var "jumpz", 0 0;
v0x55cde00d5ee0_0 .var "load", 0 0;
v0x55cde00d5fa0_0 .var "muxa", 0 0;
v0x55cde00d6060_0 .var "muxb", 0 0;
v0x55cde00d6120_0 .var "muxc", 0 0;
v0x55cde00d61e0_0 .var "outp", 0 0;
v0x55cde00d62a0_0 .var "rw", 0 0;
v0x55cde00d6360_0 .var "state", 3 0;
v0x55cde00d6440_0 .var "sub", 0 0;
v0x55cde00d6500_0 .net "zero", 0 0, v0x55cde00d3570_0;  alias, 1 drivers
v0x55cde00d67e0_0 .var "zero_reg", 0 0;
E_0x55cde00b95e0 .event edge, v0x55cde00d5740_0, v0x55cde00d5a60_0, v0x55cde00d53b0_0, v0x55cde00d5b20_0;
E_0x55cde00d4640/0 .event edge, v0x55cde00d5e20_0, v0x55cde00d67e0_0, v0x55cde00d5d60_0, v0x55cde00d5be0_0;
E_0x55cde00d4640/1 .event edge, v0x55cde00d5060_0, v0x55cde00d5ca0_0, v0x55cde00d59a0_0;
E_0x55cde00d4640 .event/or E_0x55cde00d4640/0, E_0x55cde00d4640/1;
E_0x55cde00d46c0/0 .event edge, v0x55cde00d53b0_0, v0x55cde00d5ee0_0, v0x55cde00d4da0_0, v0x55cde00d6440_0;
E_0x55cde00d46c0/1 .event edge, v0x55cde00d4f20_0, v0x55cde00d5800_0;
E_0x55cde00d46c0 .event/or E_0x55cde00d46c0/0, E_0x55cde00d46c0/1;
E_0x55cde00d4740 .event edge, v0x55cde00d5680_0;
E_0x55cde00d47d0 .event edge, v0x55cde00d5800_0, v0x55cde00d61e0_0;
E_0x55cde00d4830 .event edge, v0x55cde00d5ee0_0, v0x55cde00d4da0_0, v0x55cde00d4f20_0, v0x55cde00d6440_0;
E_0x55cde00d48e0 .event edge, v0x55cde00d5740_0;
E_0x55cde00d4940 .event edge, v0x55cde00d6440_0;
E_0x55cde00d4870 .event edge, v0x55cde00d5740_0, v0x55cde00d6440_0;
E_0x55cde00d4a10/0 .event edge, v0x55cde00d61e0_0, v0x55cde00d5800_0, v0x55cde00d5ee0_0, v0x55cde00d59a0_0;
E_0x55cde00d4a10/1 .event edge, v0x55cde00d5be0_0, v0x55cde00d5ca0_0, v0x55cde00d5e20_0, v0x55cde00d5d60_0;
E_0x55cde00d4a10 .event/or E_0x55cde00d4a10/0, E_0x55cde00d4a10/1;
E_0x55cde00d4b00/0 .event edge, v0x55cde00d4f20_0, v0x55cde00d5800_0, v0x55cde00d5ee0_0, v0x55cde00d59a0_0;
E_0x55cde00d4b00/1 .event edge, v0x55cde00d5be0_0, v0x55cde00d5ca0_0, v0x55cde00d5e20_0, v0x55cde00d5d60_0;
E_0x55cde00d4b00 .event/or E_0x55cde00d4b00/0, E_0x55cde00d4b00/1;
E_0x55cde00d4b90 .event edge, v0x55cde00d53b0_0, v0x55cde00d61e0_0;
E_0x55cde00d4c60 .event edge, v0x55cde00d58c0_0, v0x55cde00d5310_0;
E_0x55cde00d4cc0 .event edge, v0x55cde00d5270_0, v0x55cde00d53b0_0;
L_0x55cde00da380 .part v0x55cde00d6360_0, 3, 1;
L_0x55cde00da420 .part v0x55cde00d6360_0, 2, 1;
L_0x55cde00da510 .part v0x55cde00d6360_0, 1, 1;
L_0x55cde00da5b0 .part v0x55cde00d6360_0, 0, 1;
S_0x55cde00d6a20 .scope module, "dut_ir" "ir" 3 36, 7 9 0, S_0x55cde0082fa0;
 .timescale 0 0;
    .port_info 0 /INPUT 1 "clk";
    .port_info 1 /INPUT 1 "clr";
    .port_info 2 /INPUT 16 "d_in";
    .port_info 3 /OUTPUT 16 "d_out";
    .port_info 4 /INPUT 1 "en_ir";
v0x55cde00d6be0_0 .net "clk", 0 0, v0x55cde00d9f50_0;  alias, 1 drivers
v0x55cde00d6cf0_0 .net "clr", 0 0, v0x55cde00da010_0;  alias, 1 drivers
v0x55cde00d6e00_0 .net "d_in", 15 0, v0x55cde00da0b0_0;  alias, 1 drivers
v0x55cde00d6ea0_0 .var "d_out", 15 0;
v0x55cde00d6f80_0 .net "en_ir", 0 0, v0x55cde00d5520_0;  alias, 1 drivers
S_0x55cde00d70f0 .scope module, "dut_muxa" "mux_a" 3 84, 8 1 0, S_0x55cde0082fa0;
 .timescale 0 0;
    .port_info 0 /INPUT 1 "muxa";
    .port_info 1 /INPUT 8 "acc";
    .port_info 2 /INPUT 8 "pc";
    .port_info 3 /OUTPUT 8 "a";
v0x55cde00d73a0_0 .var "a", 7 0;
v0x55cde00d7480_0 .net "acc", 7 0, v0x55cde009fc00_0;  alias, 1 drivers
v0x55cde00d7550_0 .net "muxa", 0 0, v0x55cde00d5fa0_0;  alias, 1 drivers
v0x55cde00d7650_0 .net "pc", 7 0, v0x55cde00d8760_0;  alias, 1 drivers
E_0x55cde00d7320 .event edge, v0x55cde00d5fa0_0, v0x55cde009fc00_0, v0x55cde00d7650_0;
S_0x55cde00d7780 .scope module, "dut_muxb" "mux_b" 3 91, 9 1 0, S_0x55cde0082fa0;
 .timescale 0 0;
    .port_info 0 /INPUT 1 "muxb";
    .port_info 1 /INPUT 8 "mem";
    .port_info 2 /INPUT 8 "ir";
    .port_info 3 /OUTPUT 8 "b";
v0x55cde00d79e0_0 .var "b", 7 0;
v0x55cde00d7af0_0 .net "ir", 7 0, L_0x55cde00da920;  1 drivers
v0x55cde00d7bb0_0 .net "mem", 7 0, L_0x55cde00da880;  1 drivers
v0x55cde00d7ca0_0 .net "muxb", 0 0, v0x55cde00d6060_0;  alias, 1 drivers
E_0x55cde00d7960 .event edge, v0x55cde00d6060_0, v0x55cde00d7bb0_0, v0x55cde00d7af0_0;
S_0x55cde00d7e00 .scope module, "dut_muxc" "mux_c" 3 98, 10 1 0, S_0x55cde0082fa0;
 .timescale 0 0;
    .port_info 0 /INPUT 1 "muxc";
    .port_info 1 /INPUT 8 "pc";
    .port_info 2 /INPUT 8 "ir";
    .port_info 3 /OUTPUT 8 "c";
v0x55cde00d8060_0 .var "c", 7 0;
v0x55cde00d8160_0 .net "ir", 7 0, L_0x55cde00da9c0;  1 drivers
v0x55cde00d8240_0 .net "muxc", 0 0, v0x55cde00d6120_0;  alias, 1 drivers
v0x55cde00d8340_0 .net "pc", 7 0, v0x55cde00d8760_0;  alias, 1 drivers
E_0x55cde00d7fe0 .event edge, v0x55cde00d6120_0, v0x55cde00d7650_0, v0x55cde00d8160_0;
S_0x55cde00d8480 .scope module, "dut_pc" "pc" 3 44, 11 1 0, S_0x55cde0082fa0;
 .timescale 0 0;
    .port_info 0 /INPUT 1 "clk";
    .port_info 1 /INPUT 1 "clr";
    .port_info 2 /INPUT 8 "adrs_in";
    .port_info 3 /OUTPUT 8 "adrs_out";
    .port_info 4 /INPUT 1 "en_pc";
v0x55cde00d8660_0 .net "adrs_in", 7 0, o0x7fa269337068;  alias, 0 drivers
v0x55cde00d8760_0 .var "adrs_out", 7 0;
v0x55cde00d8870_0 .net "clk", 0 0, v0x55cde00d9f50_0;  alias, 1 drivers
v0x55cde00d8910_0 .net "clr", 0 0, v0x55cde00da010_0;  alias, 1 drivers
v0x55cde00d89b0_0 .net "en_pc", 0 0, v0x55cde00d55c0_0;  alias, 1 drivers
    .scope S_0x55cde00d6a20;
T_0 ;
    %wait E_0x55cde0038a70;
    %load/vec4 v0x55cde00d6cf0_0;
    %cmpi/e 0, 0, 1;
    %jmp/0xz  T_0.0, 6;
    %pushi/vec4 0, 0, 16;
    %assign/vec4 v0x55cde00d6ea0_0, 0;
    %jmp T_0.1;
T_0.0 ;
    %load/vec4 v0x55cde00d6f80_0;
    %cmpi/e 1, 0, 1;
    %jmp/0xz  T_0.2, 6;
    %load/vec4 v0x55cde00d6e00_0;
    %assign/vec4 v0x55cde00d6ea0_0, 0;
T_0.2 ;
T_0.1 ;
    %jmp T_0;
    .thread T_0;
    .scope S_0x55cde00d8480;
T_1 ;
    %wait E_0x55cde0038a70;
    %load/vec4 v0x55cde00d8910_0;
    %cmpi/e 0, 0, 1;
    %jmp/0xz  T_1.0, 4;
    %pushi/vec4 0, 0, 8;
    %assign/vec4 v0x55cde00d8760_0, 0;
    %jmp T_1.1;
T_1.0 ;
    %load/vec4 v0x55cde00d89b0_0;
    %cmpi/e 1, 0, 1;
    %jmp/0xz  T_1.2, 4;
    %load/vec4 v0x55cde00d8660_0;
    %assign/vec4 v0x55cde00d8760_0, 0;
T_1.2 ;
T_1.1 ;
    %jmp T_1;
    .thread T_1;
    .scope S_0x55cde00d3730;
T_2 ;
    %wait E_0x55cde0038a70;
    %load/vec4 v0x55cde00d51a0_0;
    %cmpi/e 0, 0, 1;
    %jmp/0xz  T_2.0, 4;
    %pushi/vec4 0, 0, 4;
    %assign/vec4 v0x55cde00d6360_0, 0;
    %jmp T_2.1;
T_2.0 ;
    %load/vec4 v0x55cde00d6360_0;
    %dup/vec4;
    %pushi/vec4 0, 0, 4;
    %cmp/u;
    %jmp/1 T_2.2, 6;
    %dup/vec4;
    %pushi/vec4 8, 0, 4;
    %cmp/u;
    %jmp/1 T_2.3, 6;
    %dup/vec4;
    %pushi/vec4 4, 0, 4;
    %cmp/u;
    %jmp/1 T_2.4, 6;
    %dup/vec4;
    %pushi/vec4 2, 0, 4;
    %cmp/u;
    %jmp/1 T_2.5, 6;
    %dup/vec4;
    %pushi/vec4 1, 0, 4;
    %cmp/u;
    %jmp/1 T_2.6, 6;
    %pushi/vec4 0, 0, 4;
    %assign/vec4 v0x55cde00d6360_0, 0;
    %jmp T_2.8;
T_2.2 ;
    %pushi/vec4 8, 0, 4;
    %assign/vec4 v0x55cde00d6360_0, 0;
    %jmp T_2.8;
T_2.3 ;
    %pushi/vec4 4, 0, 4;
    %assign/vec4 v0x55cde00d6360_0, 0;
    %jmp T_2.8;
T_2.4 ;
    %pushi/vec4 2, 0, 4;
    %assign/vec4 v0x55cde00d6360_0, 0;
    %jmp T_2.8;
T_2.5 ;
    %pushi/vec4 1, 0, 4;
    %assign/vec4 v0x55cde00d6360_0, 0;
    %jmp T_2.8;
T_2.6 ;
    %pushi/vec4 8, 0, 4;
    %assign/vec4 v0x55cde00d6360_0, 0;
    %jmp T_2.8;
T_2.8 ;
    %pop/vec4 1;
T_2.1 ;
    %jmp T_2;
    .thread T_2;
    .scope S_0x55cde00d3730;
T_3 ;
    %wait E_0x55cde0038a70;
    %load/vec4 v0x55cde00d51a0_0;
    %cmpi/e 0, 0, 1;
    %jmp/0xz  T_3.0, 4;
    %pushi/vec4 0, 0, 1;
    %assign/vec4 v0x55cde00d5060_0, 0;
    %jmp T_3.1;
T_3.0 ;
    %load/vec4 v0x55cde00d4da0_0;
    %load/vec4 v0x55cde00d6440_0;
    %or;
    %load/vec4 v0x55cde00d4f20_0;
    %pushi/vec4 1, 0, 1;
    %cmp/e;
    %flag_get/vec4 4;
    %or;
    %flag_set/vec4 8;
    %jmp/0xz  T_3.2, 8;
    %load/vec4 v0x55cde00d4fc0_0;
    %assign/vec4 v0x55cde00d5060_0, 0;
T_3.2 ;
T_3.1 ;
    %jmp T_3;
    .thread T_3;
    .scope S_0x55cde00d3730;
T_4 ;
    %wait E_0x55cde0038a70;
    %load/vec4 v0x55cde00d51a0_0;
    %cmpi/e 0, 0, 1;
    %jmp/0xz  T_4.0, 4;
    %pushi/vec4 0, 0, 1;
    %assign/vec4 v0x55cde00d67e0_0, 0;
    %jmp T_4.1;
T_4.0 ;
    %load/vec4 v0x55cde00d4da0_0;
    %load/vec4 v0x55cde00d6440_0;
    %or;
    %load/vec4 v0x55cde00d4f20_0;
    %pushi/vec4 1, 0, 1;
    %cmp/e;
    %flag_get/vec4 4;
    %or;
    %flag_set/vec4 8;
    %jmp/0xz  T_4.2, 8;
    %load/vec4 v0x55cde00d6500_0;
    %assign/vec4 v0x55cde00d67e0_0, 0;
T_4.2 ;
T_4.1 ;
    %jmp T_4;
    .thread T_4;
    .scope S_0x55cde00d3730;
T_5 ;
    %wait E_0x55cde00d4cc0;
    %load/vec4 v0x55cde00d5270_0;
    %flag_set/vec4 8;
    %load/vec4 v0x55cde00d53b0_0;
    %cmpi/e 1, 0, 1;
    %flag_or 4, 8;
    %jmp/0xz  T_5.0, 4;
    %pushi/vec4 1, 0, 1;
    %assign/vec4 v0x55cde00d5310_0, 0;
    %jmp T_5.1;
T_5.0 ;
    %pushi/vec4 0, 0, 1;
    %assign/vec4 v0x55cde00d5310_0, 0;
T_5.1 ;
    %jmp T_5;
    .thread T_5, $push;
    .scope S_0x55cde00d3730;
T_6 ;
    %wait E_0x55cde00d4c60;
    %load/vec4 v0x55cde00d58c0_0;
    %parti/s 4, 4, 4;
    %dup/vec4;
    %pushi/vec4 0, 0, 4;
    %cmp/u;
    %jmp/1 T_6.0, 6;
    %dup/vec4;
    %pushi/vec4 4, 0, 4;
    %cmp/u;
    %jmp/1 T_6.1, 6;
    %dup/vec4;
    %pushi/vec4 1, 0, 4;
    %cmp/u;
    %jmp/1 T_6.2, 6;
    %dup/vec4;
    %pushi/vec4 6, 0, 4;
    %cmp/u;
    %jmp/1 T_6.3, 6;
    %dup/vec4;
    %pushi/vec4 10, 0, 4;
    %cmp/u;
    %jmp/1 T_6.4, 6;
    %dup/vec4;
    %pushi/vec4 14, 0, 4;
    %cmp/u;
    %jmp/1 T_6.5, 6;
    %dup/vec4;
    %pushi/vec4 8, 0, 4;
    %cmp/u;
    %jmp/1 T_6.6, 6;
    %dup/vec4;
    %pushi/vec4 9, 0, 4;
    %cmp/u;
    %jmp/1 T_6.7, 6;
    %jmp T_6.8;
T_6.0 ;
    %load/vec4 v0x55cde00d5310_0;
    %assign/vec4 v0x55cde00d5ee0_0, 0;
    %pushi/vec4 0, 0, 1;
    %assign/vec4 v0x55cde00d5800_0, 0;
    %pushi/vec4 0, 0, 1;
    %assign/vec4 v0x55cde00d61e0_0, 0;
    %pushi/vec4 0, 0, 1;
    %assign/vec4 v0x55cde00d6440_0, 0;
    %pushi/vec4 0, 0, 1;
    %assign/vec4 v0x55cde00d4da0_0, 0;
    %pushi/vec4 0, 0, 1;
    %assign/vec4 v0x55cde00d4f20_0, 0;
    %pushi/vec4 0, 0, 1;
    %assign/vec4 v0x55cde00d59a0_0, 0;
    %pushi/vec4 0, 0, 1;
    %assign/vec4 v0x55cde00d5e20_0, 0;
    %pushi/vec4 0, 0, 1;
    %assign/vec4 v0x55cde00d5d60_0, 0;
    %pushi/vec4 0, 0, 1;
    %assign/vec4 v0x55cde00d5be0_0, 0;
    %pushi/vec4 0, 0, 1;
    %assign/vec4 v0x55cde00d5ca0_0, 0;
    %jmp T_6.8;
T_6.1 ;
    %load/vec4 v0x55cde00d5310_0;
    %assign/vec4 v0x55cde00d4da0_0, 0;
    %pushi/vec4 0, 0, 1;
    %assign/vec4 v0x55cde00d5800_0, 0;
    %pushi/vec4 0, 0, 1;
    %assign/vec4 v0x55cde00d61e0_0, 0;
    %pushi/vec4 0, 0, 1;
    %assign/vec4 v0x55cde00d6440_0, 0;
    %pushi/vec4 0, 0, 1;
    %assign/vec4 v0x55cde00d5ee0_0, 0;
    %pushi/vec4 0, 0, 1;
    %assign/vec4 v0x55cde00d4f20_0, 0;
    %pushi/vec4 0, 0, 1;
    %assign/vec4 v0x55cde00d59a0_0, 0;
    %pushi/vec4 0, 0, 1;
    %assign/vec4 v0x55cde00d5e20_0, 0;
    %pushi/vec4 0, 0, 1;
    %assign/vec4 v0x55cde00d5d60_0, 0;
    %pushi/vec4 0, 0, 1;
    %assign/vec4 v0x55cde00d5be0_0, 0;
    %pushi/vec4 0, 0, 1;
    %assign/vec4 v0x55cde00d5ca0_0, 0;
    %jmp T_6.8;
T_6.2 ;
    %load/vec4 v0x55cde00d5310_0;
    %assign/vec4 v0x55cde00d4f20_0, 0;
    %pushi/vec4 0, 0, 1;
    %assign/vec4 v0x55cde00d5800_0, 0;
    %pushi/vec4 0, 0, 1;
    %assign/vec4 v0x55cde00d61e0_0, 0;
    %pushi/vec4 0, 0, 1;
    %assign/vec4 v0x55cde00d6440_0, 0;
    %pushi/vec4 0, 0, 1;
    %assign/vec4 v0x55cde00d5ee0_0, 0;
    %pushi/vec4 0, 0, 1;
    %assign/vec4 v0x55cde00d4da0_0, 0;
    %pushi/vec4 0, 0, 1;
    %assign/vec4 v0x55cde00d59a0_0, 0;
    %pushi/vec4 0, 0, 1;
    %assign/vec4 v0x55cde00d5e20_0, 0;
    %pushi/vec4 0, 0, 1;
    %assign/vec4 v0x55cde00d5d60_0, 0;
    %pushi/vec4 0, 0, 1;
    %assign/vec4 v0x55cde00d5be0_0, 0;
    %pushi/vec4 0, 0, 1;
    %assign/vec4 v0x55cde00d5ca0_0, 0;
    %jmp T_6.8;
T_6.3 ;
    %load/vec4 v0x55cde00d5310_0;
    %assign/vec4 v0x55cde00d6440_0, 0;
    %pushi/vec4 0, 0, 1;
    %assign/vec4 v0x55cde00d5800_0, 0;
    %pushi/vec4 0, 0, 1;
    %assign/vec4 v0x55cde00d61e0_0, 0;
    %pushi/vec4 0, 0, 1;
    %assign/vec4 v0x55cde00d4da0_0, 0;
    %pushi/vec4 0, 0, 1;
    %assign/vec4 v0x55cde00d5ee0_0, 0;
    %pushi/vec4 0, 0, 1;
    %assign/vec4 v0x55cde00d4f20_0, 0;
    %pushi/vec4 0, 0, 1;
    %assign/vec4 v0x55cde00d59a0_0, 0;
    %pushi/vec4 0, 0, 1;
    %assign/vec4 v0x55cde00d5e20_0, 0;
    %pushi/vec4 0, 0, 1;
    %assign/vec4 v0x55cde00d5d60_0, 0;
    %pushi/vec4 0, 0, 1;
    %assign/vec4 v0x55cde00d5be0_0, 0;
    %pushi/vec4 0, 0, 1;
    %assign/vec4 v0x55cde00d5ca0_0, 0;
    %jmp T_6.8;
T_6.4 ;
    %load/vec4 v0x55cde00d5310_0;
    %assign/vec4 v0x55cde00d5800_0, 0;
    %pushi/vec4 0, 0, 1;
    %assign/vec4 v0x55cde00d4da0_0, 0;
    %pushi/vec4 0, 0, 1;
    %assign/vec4 v0x55cde00d61e0_0, 0;
    %pushi/vec4 0, 0, 1;
    %assign/vec4 v0x55cde00d6440_0, 0;
    %pushi/vec4 0, 0, 1;
    %assign/vec4 v0x55cde00d5ee0_0, 0;
    %pushi/vec4 0, 0, 1;
    %assign/vec4 v0x55cde00d4f20_0, 0;
    %pushi/vec4 0, 0, 1;
    %assign/vec4 v0x55cde00d59a0_0, 0;
    %pushi/vec4 0, 0, 1;
    %assign/vec4 v0x55cde00d5e20_0, 0;
    %pushi/vec4 0, 0, 1;
    %assign/vec4 v0x55cde00d5d60_0, 0;
    %pushi/vec4 0, 0, 1;
    %assign/vec4 v0x55cde00d5be0_0, 0;
    %pushi/vec4 0, 0, 1;
    %assign/vec4 v0x55cde00d5ca0_0, 0;
    %jmp T_6.8;
T_6.5 ;
    %load/vec4 v0x55cde00d5310_0;
    %assign/vec4 v0x55cde00d61e0_0, 0;
    %pushi/vec4 0, 0, 1;
    %assign/vec4 v0x55cde00d5800_0, 0;
    %pushi/vec4 0, 0, 1;
    %assign/vec4 v0x55cde00d4da0_0, 0;
    %pushi/vec4 0, 0, 1;
    %assign/vec4 v0x55cde00d6440_0, 0;
    %pushi/vec4 0, 0, 1;
    %assign/vec4 v0x55cde00d5ee0_0, 0;
    %pushi/vec4 0, 0, 1;
    %assign/vec4 v0x55cde00d4f20_0, 0;
    %pushi/vec4 0, 0, 1;
    %assign/vec4 v0x55cde00d59a0_0, 0;
    %pushi/vec4 0, 0, 1;
    %assign/vec4 v0x55cde00d5e20_0, 0;
    %pushi/vec4 0, 0, 1;
    %assign/vec4 v0x55cde00d5d60_0, 0;
    %pushi/vec4 0, 0, 1;
    %assign/vec4 v0x55cde00d5be0_0, 0;
    %pushi/vec4 0, 0, 1;
    %assign/vec4 v0x55cde00d5ca0_0, 0;
    %jmp T_6.8;
T_6.6 ;
    %load/vec4 v0x55cde00d5310_0;
    %assign/vec4 v0x55cde00d59a0_0, 0;
    %pushi/vec4 0, 0, 1;
    %assign/vec4 v0x55cde00d5800_0, 0;
    %pushi/vec4 0, 0, 1;
    %assign/vec4 v0x55cde00d61e0_0, 0;
    %pushi/vec4 0, 0, 1;
    %assign/vec4 v0x55cde00d6440_0, 0;
    %pushi/vec4 0, 0, 1;
    %assign/vec4 v0x55cde00d5ee0_0, 0;
    %pushi/vec4 0, 0, 1;
    %assign/vec4 v0x55cde00d4f20_0, 0;
    %pushi/vec4 0, 0, 1;
    %assign/vec4 v0x55cde00d4da0_0, 0;
    %pushi/vec4 0, 0, 1;
    %assign/vec4 v0x55cde00d5e20_0, 0;
    %pushi/vec4 0, 0, 1;
    %assign/vec4 v0x55cde00d5d60_0, 0;
    %pushi/vec4 0, 0, 1;
    %assign/vec4 v0x55cde00d5be0_0, 0;
    %pushi/vec4 0, 0, 1;
    %assign/vec4 v0x55cde00d5ca0_0, 0;
    %jmp T_6.8;
T_6.7 ;
    %load/vec4 v0x55cde00d58c0_0;
    %parti/s 2, 2, 3;
    %dup/vec4;
    %pushi/vec4 0, 0, 2;
    %cmp/u;
    %jmp/1 T_6.9, 6;
    %dup/vec4;
    %pushi/vec4 2, 0, 2;
    %cmp/u;
    %jmp/1 T_6.10, 6;
    %dup/vec4;
    %pushi/vec4 1, 0, 2;
    %cmp/u;
    %jmp/1 T_6.11, 6;
    %dup/vec4;
    %pushi/vec4 3, 0, 2;
    %cmp/u;
    %jmp/1 T_6.12, 6;
    %pushi/vec4 0, 0, 1;
    %assign/vec4 v0x55cde00d5ca0_0, 0;
    %pushi/vec4 0, 0, 1;
    %assign/vec4 v0x55cde00d5800_0, 0;
    %pushi/vec4 0, 0, 1;
    %assign/vec4 v0x55cde00d61e0_0, 0;
    %pushi/vec4 0, 0, 1;
    %assign/vec4 v0x55cde00d6440_0, 0;
    %pushi/vec4 0, 0, 1;
    %assign/vec4 v0x55cde00d5ee0_0, 0;
    %pushi/vec4 0, 0, 1;
    %assign/vec4 v0x55cde00d4f20_0, 0;
    %pushi/vec4 0, 0, 1;
    %assign/vec4 v0x55cde00d59a0_0, 0;
    %pushi/vec4 0, 0, 1;
    %assign/vec4 v0x55cde00d5e20_0, 0;
    %pushi/vec4 0, 0, 1;
    %assign/vec4 v0x55cde00d5d60_0, 0;
    %pushi/vec4 0, 0, 1;
    %assign/vec4 v0x55cde00d5be0_0, 0;
    %pushi/vec4 0, 0, 1;
    %assign/vec4 v0x55cde00d4da0_0, 0;
    %jmp T_6.14;
T_6.9 ;
    %load/vec4 v0x55cde00d5310_0;
    %assign/vec4 v0x55cde00d5e20_0, 0;
    %pushi/vec4 0, 0, 1;
    %assign/vec4 v0x55cde00d5800_0, 0;
    %pushi/vec4 0, 0, 1;
    %assign/vec4 v0x55cde00d61e0_0, 0;
    %pushi/vec4 0, 0, 1;
    %assign/vec4 v0x55cde00d6440_0, 0;
    %pushi/vec4 0, 0, 1;
    %assign/vec4 v0x55cde00d5ee0_0, 0;
    %pushi/vec4 0, 0, 1;
    %assign/vec4 v0x55cde00d4f20_0, 0;
    %pushi/vec4 0, 0, 1;
    %assign/vec4 v0x55cde00d59a0_0, 0;
    %pushi/vec4 0, 0, 1;
    %assign/vec4 v0x55cde00d4da0_0, 0;
    %pushi/vec4 0, 0, 1;
    %assign/vec4 v0x55cde00d5d60_0, 0;
    %pushi/vec4 0, 0, 1;
    %assign/vec4 v0x55cde00d5be0_0, 0;
    %pushi/vec4 0, 0, 1;
    %assign/vec4 v0x55cde00d5ca0_0, 0;
    %jmp T_6.14;
T_6.10 ;
    %load/vec4 v0x55cde00d5310_0;
    %assign/vec4 v0x55cde00d5be0_0, 0;
    %pushi/vec4 0, 0, 1;
    %assign/vec4 v0x55cde00d5800_0, 0;
    %pushi/vec4 0, 0, 1;
    %assign/vec4 v0x55cde00d61e0_0, 0;
    %pushi/vec4 0, 0, 1;
    %assign/vec4 v0x55cde00d6440_0, 0;
    %pushi/vec4 0, 0, 1;
    %assign/vec4 v0x55cde00d5ee0_0, 0;
    %pushi/vec4 0, 0, 1;
    %assign/vec4 v0x55cde00d4f20_0, 0;
    %pushi/vec4 0, 0, 1;
    %assign/vec4 v0x55cde00d59a0_0, 0;
    %pushi/vec4 0, 0, 1;
    %assign/vec4 v0x55cde00d5e20_0, 0;
    %pushi/vec4 0, 0, 1;
    %assign/vec4 v0x55cde00d5d60_0, 0;
    %pushi/vec4 0, 0, 1;
    %assign/vec4 v0x55cde00d4da0_0, 0;
    %pushi/vec4 0, 0, 1;
    %assign/vec4 v0x55cde00d5ca0_0, 0;
    %jmp T_6.14;
T_6.11 ;
    %load/vec4 v0x55cde00d5310_0;
    %assign/vec4 v0x55cde00d5d60_0, 0;
    %pushi/vec4 0, 0, 1;
    %assign/vec4 v0x55cde00d5800_0, 0;
    %pushi/vec4 0, 0, 1;
    %assign/vec4 v0x55cde00d61e0_0, 0;
    %pushi/vec4 0, 0, 1;
    %assign/vec4 v0x55cde00d6440_0, 0;
    %pushi/vec4 0, 0, 1;
    %assign/vec4 v0x55cde00d5ee0_0, 0;
    %pushi/vec4 0, 0, 1;
    %assign/vec4 v0x55cde00d4f20_0, 0;
    %pushi/vec4 0, 0, 1;
    %assign/vec4 v0x55cde00d59a0_0, 0;
    %pushi/vec4 0, 0, 1;
    %assign/vec4 v0x55cde00d5e20_0, 0;
    %pushi/vec4 0, 0, 1;
    %assign/vec4 v0x55cde00d4da0_0, 0;
    %pushi/vec4 0, 0, 1;
    %assign/vec4 v0x55cde00d5be0_0, 0;
    %pushi/vec4 0, 0, 1;
    %assign/vec4 v0x55cde00d5ca0_0, 0;
    %jmp T_6.14;
T_6.12 ;
    %load/vec4 v0x55cde00d5310_0;
    %assign/vec4 v0x55cde00d5ca0_0, 0;
    %pushi/vec4 0, 0, 1;
    %assign/vec4 v0x55cde00d5800_0, 0;
    %pushi/vec4 0, 0, 1;
    %assign/vec4 v0x55cde00d61e0_0, 0;
    %pushi/vec4 0, 0, 1;
    %assign/vec4 v0x55cde00d6440_0, 0;
    %pushi/vec4 0, 0, 1;
    %assign/vec4 v0x55cde00d5ee0_0, 0;
    %pushi/vec4 0, 0, 1;
    %assign/vec4 v0x55cde00d4f20_0, 0;
    %pushi/vec4 0, 0, 1;
    %assign/vec4 v0x55cde00d59a0_0, 0;
    %pushi/vec4 0, 0, 1;
    %assign/vec4 v0x55cde00d5e20_0, 0;
    %pushi/vec4 0, 0, 1;
    %assign/vec4 v0x55cde00d5d60_0, 0;
    %pushi/vec4 0, 0, 1;
    %assign/vec4 v0x55cde00d5be0_0, 0;
    %pushi/vec4 0, 0, 1;
    %assign/vec4 v0x55cde00d4da0_0, 0;
    %jmp T_6.14;
T_6.14 ;
    %pop/vec4 1;
    %jmp T_6.8;
T_6.8 ;
    %pop/vec4 1;
    %jmp T_6;
    .thread T_6, $push;
    .scope S_0x55cde00d3730;
T_7 ;
    %wait E_0x55cde00d4b90;
    %load/vec4 v0x55cde00d53b0_0;
    %load/vec4 v0x55cde00d61e0_0;
    %pushi/vec4 1, 0, 1;
    %cmp/e;
    %flag_get/vec4 4;
    %and;
    %flag_set/vec4 8;
    %jmp/0xz  T_7.0, 8;
    %pushi/vec4 1, 0, 1;
    %assign/vec4 v0x55cde00d62a0_0, 0;
    %jmp T_7.1;
T_7.0 ;
    %pushi/vec4 0, 0, 1;
    %assign/vec4 v0x55cde00d62a0_0, 0;
T_7.1 ;
    %jmp T_7;
    .thread T_7, $push;
    .scope S_0x55cde00d3730;
T_8 ;
    %wait E_0x55cde00d4b00;
    %load/vec4 v0x55cde00d4f20_0;
    %load/vec4 v0x55cde00d5800_0;
    %or;
    %load/vec4 v0x55cde00d5ee0_0;
    %or;
    %load/vec4 v0x55cde00d59a0_0;
    %or;
    %load/vec4 v0x55cde00d5be0_0;
    %or;
    %load/vec4 v0x55cde00d5ca0_0;
    %or;
    %load/vec4 v0x55cde00d5e20_0;
    %or;
    %load/vec4 v0x55cde00d5d60_0;
    %or;
    %cmpi/e 1, 0, 1;
    %jmp/0xz  T_8.0, 4;
    %pushi/vec4 1, 0, 1;
    %ix/load 4, 0, 0;
    %ix/load 5, 0, 0;
    %flag_set/imm 4, 0;
    %assign/vec4/off/d v0x55cde00d4e60_0, 4, 5;
    %jmp T_8.1;
T_8.0 ;
    %pushi/vec4 0, 0, 1;
    %ix/load 4, 0, 0;
    %ix/load 5, 0, 0;
    %flag_set/imm 4, 0;
    %assign/vec4/off/d v0x55cde00d4e60_0, 4, 5;
T_8.1 ;
    %jmp T_8;
    .thread T_8, $push;
    .scope S_0x55cde00d3730;
T_9 ;
    %wait E_0x55cde00d4a10;
    %load/vec4 v0x55cde00d61e0_0;
    %load/vec4 v0x55cde00d5800_0;
    %or;
    %load/vec4 v0x55cde00d5ee0_0;
    %or;
    %load/vec4 v0x55cde00d59a0_0;
    %or;
    %load/vec4 v0x55cde00d5be0_0;
    %or;
    %load/vec4 v0x55cde00d5ca0_0;
    %or;
    %load/vec4 v0x55cde00d5e20_0;
    %or;
    %load/vec4 v0x55cde00d5d60_0;
    %or;
    %cmpi/e 1, 0, 1;
    %jmp/0xz  T_9.0, 4;
    %pushi/vec4 1, 0, 1;
    %ix/load 4, 1, 0;
    %ix/load 5, 0, 0;
    %flag_set/imm 4, 0;
    %assign/vec4/off/d v0x55cde00d4e60_0, 4, 5;
    %jmp T_9.1;
T_9.0 ;
    %pushi/vec4 0, 0, 1;
    %ix/load 4, 1, 0;
    %ix/load 5, 0, 0;
    %flag_set/imm 4, 0;
    %assign/vec4/off/d v0x55cde00d4e60_0, 4, 5;
T_9.1 ;
    %jmp T_9;
    .thread T_9, $push;
    .scope S_0x55cde00d3730;
T_10 ;
    %wait E_0x55cde00d4870;
    %load/vec4 v0x55cde00d5740_0;
    %load/vec4 v0x55cde00d6440_0;
    %pushi/vec4 1, 0, 1;
    %cmp/e;
    %flag_get/vec4 4;
    %or;
    %flag_set/vec4 8;
    %jmp/0xz  T_10.0, 8;
    %pushi/vec4 1, 0, 1;
    %ix/load 4, 2, 0;
    %ix/load 5, 0, 0;
    %flag_set/imm 4, 0;
    %assign/vec4/off/d v0x55cde00d4e60_0, 4, 5;
    %jmp T_10.1;
T_10.0 ;
    %pushi/vec4 0, 0, 1;
    %ix/load 4, 2, 0;
    %ix/load 5, 0, 0;
    %flag_set/imm 4, 0;
    %assign/vec4/off/d v0x55cde00d4e60_0, 4, 5;
T_10.1 ;
    %jmp T_10;
    .thread T_10, $push;
    .scope S_0x55cde00d3730;
T_11 ;
    %wait E_0x55cde00d4940;
    %load/vec4 v0x55cde00d6440_0;
    %cmpi/e 1, 0, 1;
    %jmp/0xz  T_11.0, 4;
    %pushi/vec4 1, 0, 1;
    %ix/load 4, 3, 0;
    %ix/load 5, 0, 0;
    %flag_set/imm 4, 0;
    %assign/vec4/off/d v0x55cde00d4e60_0, 4, 5;
    %jmp T_11.1;
T_11.0 ;
    %pushi/vec4 0, 0, 1;
    %ix/load 4, 3, 0;
    %ix/load 5, 0, 0;
    %flag_set/imm 4, 0;
    %assign/vec4/off/d v0x55cde00d4e60_0, 4, 5;
T_11.1 ;
    %jmp T_11;
    .thread T_11, $push;
    .scope S_0x55cde00d3730;
T_12 ;
    %wait E_0x55cde00d48e0;
    %load/vec4 v0x55cde00d5740_0;
    %cmpi/e 1, 0, 1;
    %jmp/0xz  T_12.0, 4;
    %pushi/vec4 1, 0, 1;
    %ix/load 4, 4, 0;
    %ix/load 5, 0, 0;
    %flag_set/imm 4, 0;
    %assign/vec4/off/d v0x55cde00d4e60_0, 4, 5;
    %jmp T_12.1;
T_12.0 ;
    %pushi/vec4 0, 0, 1;
    %ix/load 4, 4, 0;
    %ix/load 5, 0, 0;
    %flag_set/imm 4, 0;
    %assign/vec4/off/d v0x55cde00d4e60_0, 4, 5;
T_12.1 ;
    %jmp T_12;
    .thread T_12, $push;
    .scope S_0x55cde00d3730;
T_13 ;
    %wait E_0x55cde00d48e0;
    %load/vec4 v0x55cde00d5740_0;
    %cmpi/e 1, 0, 1;
    %jmp/0xz  T_13.0, 4;
    %pushi/vec4 1, 0, 1;
    %assign/vec4 v0x55cde00d5fa0_0, 0;
    %jmp T_13.1;
T_13.0 ;
    %pushi/vec4 0, 0, 1;
    %assign/vec4 v0x55cde00d5fa0_0, 0;
T_13.1 ;
    %jmp T_13;
    .thread T_13, $push;
    .scope S_0x55cde00d3730;
T_14 ;
    %wait E_0x55cde00d4830;
    %load/vec4 v0x55cde00d5ee0_0;
    %load/vec4 v0x55cde00d4da0_0;
    %or;
    %load/vec4 v0x55cde00d4f20_0;
    %or;
    %load/vec4 v0x55cde00d6440_0;
    %or;
    %cmpi/e 1, 0, 1;
    %jmp/0xz  T_14.0, 4;
    %pushi/vec4 1, 0, 1;
    %assign/vec4 v0x55cde00d6060_0, 0;
    %jmp T_14.1;
T_14.0 ;
    %pushi/vec4 0, 0, 1;
    %assign/vec4 v0x55cde00d6060_0, 0;
T_14.1 ;
    %jmp T_14;
    .thread T_14, $push;
    .scope S_0x55cde00d3730;
T_15 ;
    %wait E_0x55cde00d47d0;
    %load/vec4 v0x55cde00d5800_0;
    %load/vec4 v0x55cde00d61e0_0;
    %or;
    %cmpi/e 1, 0, 1;
    %jmp/0xz  T_15.0, 4;
    %pushi/vec4 1, 0, 1;
    %assign/vec4 v0x55cde00d6120_0, 0;
    %jmp T_15.1;
T_15.0 ;
    %pushi/vec4 0, 0, 1;
    %assign/vec4 v0x55cde00d6120_0, 0;
T_15.1 ;
    %jmp T_15;
    .thread T_15, $push;
    .scope S_0x55cde00d3730;
T_16 ;
    %wait E_0x55cde00d4740;
    %load/vec4 v0x55cde00d5680_0;
    %cmpi/e 1, 0, 1;
    %jmp/0xz  T_16.0, 4;
    %pushi/vec4 1, 0, 1;
    %assign/vec4 v0x55cde00d5520_0, 0;
    %jmp T_16.1;
T_16.0 ;
    %pushi/vec4 0, 0, 1;
    %assign/vec4 v0x55cde00d5520_0, 0;
T_16.1 ;
    %jmp T_16;
    .thread T_16, $push;
    .scope S_0x55cde00d3730;
T_17 ;
    %wait E_0x55cde00d46c0;
    %load/vec4 v0x55cde00d53b0_0;
    %load/vec4 v0x55cde00d5ee0_0;
    %load/vec4 v0x55cde00d4da0_0;
    %or;
    %load/vec4 v0x55cde00d6440_0;
    %or;
    %load/vec4 v0x55cde00d4f20_0;
    %or;
    %load/vec4 v0x55cde00d5800_0;
    %or;
    %and;
    %cmpi/e 1, 0, 1;
    %jmp/0xz  T_17.0, 4;
    %pushi/vec4 1, 0, 1;
    %assign/vec4 v0x55cde00d5450_0, 0;
    %jmp T_17.1;
T_17.0 ;
    %pushi/vec4 0, 0, 1;
    %assign/vec4 v0x55cde00d5450_0, 0;
T_17.1 ;
    %jmp T_17;
    .thread T_17, $push;
    .scope S_0x55cde00d3730;
T_18 ;
    %wait E_0x55cde00d4640;
    %load/vec4 v0x55cde00d5e20_0;
    %load/vec4 v0x55cde00d67e0_0;
    %and;
    %load/vec4 v0x55cde00d5d60_0;
    %load/vec4 v0x55cde00d67e0_0;
    %inv;
    %and;
    %or;
    %load/vec4 v0x55cde00d5be0_0;
    %load/vec4 v0x55cde00d5060_0;
    %and;
    %or;
    %load/vec4 v0x55cde00d5ca0_0;
    %load/vec4 v0x55cde00d67e0_0;
    %inv;
    %and;
    %or;
    %load/vec4 v0x55cde00d59a0_0;
    %pushi/vec4 1, 0, 1;
    %cmp/e;
    %flag_get/vec4 4;
    %or;
    %flag_set/vec4 8;
    %jmp/0xz  T_18.0, 8;
    %pushi/vec4 1, 0, 1;
    %assign/vec4 v0x55cde00d5b20_0, 0;
    %jmp T_18.1;
T_18.0 ;
    %pushi/vec4 0, 0, 1;
    %assign/vec4 v0x55cde00d5b20_0, 0;
T_18.1 ;
    %jmp T_18;
    .thread T_18, $push;
    .scope S_0x55cde00d3730;
T_19 ;
    %wait E_0x55cde0038a70;
    %load/vec4 v0x55cde00d51a0_0;
    %cmpi/e 0, 0, 1;
    %jmp/0xz  T_19.0, 4;
    %pushi/vec4 1, 0, 1;
    %assign/vec4 v0x55cde00d5a60_0, 0;
    %jmp T_19.1;
T_19.0 ;
    %load/vec4 v0x55cde00d5b20_0;
    %inv;
    %assign/vec4 v0x55cde00d5a60_0, 0;
T_19.1 ;
    %jmp T_19;
    .thread T_19;
    .scope S_0x55cde00d3730;
T_20 ;
    %wait E_0x55cde00b95e0;
    %load/vec4 v0x55cde00d5740_0;
    %load/vec4 v0x55cde00d5a60_0;
    %and;
    %load/vec4 v0x55cde00d53b0_0;
    %load/vec4 v0x55cde00d5b20_0;
    %and;
    %pushi/vec4 1, 0, 1;
    %cmp/e;
    %flag_get/vec4 4;
    %or;
    %flag_set/vec4 8;
    %jmp/0xz  T_20.0, 8;
    %pushi/vec4 1, 0, 1;
    %assign/vec4 v0x55cde00d55c0_0, 0;
    %jmp T_20.1;
T_20.0 ;
    %pushi/vec4 0, 0, 1;
    %assign/vec4 v0x55cde00d55c0_0, 0;
T_20.1 ;
    %jmp T_20;
    .thread T_20, $push;
    .scope S_0x55cde00d29d0;
T_21 ;
    %wait E_0x55cde00b99c0;
    %load/vec4 v0x55cde00d3140_0;
    %dup/vec4;
    %pushi/vec4 0, 0, 5;
    %cmp/u;
    %jmp/1 T_21.0, 6;
    %dup/vec4;
    %pushi/vec4 1, 0, 5;
    %cmp/u;
    %jmp/1 T_21.1, 6;
    %dup/vec4;
    %pushi/vec4 2, 0, 5;
    %cmp/u;
    %jmp/1 T_21.2, 6;
    %dup/vec4;
    %pushi/vec4 3, 0, 5;
    %cmp/u;
    %jmp/1 T_21.3, 6;
    %dup/vec4;
    %pushi/vec4 12, 0, 5;
    %cmp/u;
    %jmp/1 T_21.4, 6;
    %dup/vec4;
    %pushi/vec4 20, 0, 5;
    %cmp/u;
    %jmp/1 T_21.5, 6;
    %jmp T_21.6;
T_21.0 ;
    %load/vec4 v0x55cde00d3040_0;
    %pad/u 9;
    %load/vec4 v0x55cde00d3220_0;
    %pad/u 9;
    %add;
    %assign/vec4 v0x55cde00d34b0_0, 0;
    %jmp T_21.6;
T_21.1 ;
    %load/vec4 v0x55cde00d3040_0;
    %pad/u 9;
    %load/vec4 v0x55cde00d3220_0;
    %pad/u 9;
    %and;
    %assign/vec4 v0x55cde00d34b0_0, 0;
    %jmp T_21.6;
T_21.2 ;
    %load/vec4 v0x55cde00d3040_0;
    %pad/u 9;
    %assign/vec4 v0x55cde00d34b0_0, 0;
    %jmp T_21.6;
T_21.3 ;
    %load/vec4 v0x55cde00d3220_0;
    %pad/u 9;
    %assign/vec4 v0x55cde00d34b0_0, 0;
    %jmp T_21.6;
T_21.4 ;
    %load/vec4 v0x55cde00d3040_0;
    %pad/u 9;
    %load/vec4 v0x55cde00d3220_0;
    %pad/u 9;
    %sub;
    %assign/vec4 v0x55cde00d34b0_0, 0;
    %jmp T_21.6;
T_21.5 ;
    %load/vec4 v0x55cde00d3040_0;
    %pad/u 9;
    %addi 1, 0, 9;
    %assign/vec4 v0x55cde00d34b0_0, 0;
    %jmp T_21.6;
T_21.6 ;
    %pop/vec4 1;
    %jmp T_21;
    .thread T_21, $push;
    .scope S_0x55cde00d29d0;
T_22 ;
    %wait E_0x55cde00b9760;
    %load/vec4 v0x55cde00d34b0_0;
    %cmpi/e 0, 0, 9;
    %jmp/0xz  T_22.0, 4;
    %pushi/vec4 1, 0, 1;
    %assign/vec4 v0x55cde00d3570_0, 0;
    %jmp T_22.1;
T_22.0 ;
    %pushi/vec4 0, 0, 1;
    %assign/vec4 v0x55cde00d3570_0, 0;
T_22.1 ;
    %jmp T_22;
    .thread T_22, $push;
    .scope S_0x55cde0083180;
T_23 ;
    %wait E_0x55cde0038a70;
    %load/vec4 v0x55cde00ae440_0;
    %cmpi/e 0, 0, 1;
    %jmp/0xz  T_23.0, 6;
    %pushi/vec4 0, 0, 8;
    %assign/vec4 v0x55cde009fc00_0, 0;
    %jmp T_23.1;
T_23.0 ;
    %load/vec4 v0x55cde00b21b0_0;
    %cmpi/e 1, 0, 1;
    %jmp/0xz  T_23.2, 6;
    %load/vec4 v0x55cde004c490_0;
    %assign/vec4 v0x55cde009fc00_0, 0;
T_23.2 ;
T_23.1 ;
    %jmp T_23;
    .thread T_23;
    .scope S_0x55cde00d70f0;
T_24 ;
    %wait E_0x55cde00d7320;
    %load/vec4 v0x55cde00d7550_0;
    %cmpi/e 0, 0, 1;
    %jmp/0xz  T_24.0, 6;
    %load/vec4 v0x55cde00d7480_0;
    %assign/vec4 v0x55cde00d73a0_0, 0;
    %jmp T_24.1;
T_24.0 ;
    %load/vec4 v0x55cde00d7650_0;
    %assign/vec4 v0x55cde00d73a0_0, 0;
T_24.1 ;
    %jmp T_24;
    .thread T_24, $push;
    .scope S_0x55cde00d7780;
T_25 ;
    %wait E_0x55cde00d7960;
    %load/vec4 v0x55cde00d7ca0_0;
    %cmpi/e 0, 0, 1;
    %jmp/0xz  T_25.0, 6;
    %load/vec4 v0x55cde00d7bb0_0;
    %assign/vec4 v0x55cde00d79e0_0, 0;
    %jmp T_25.1;
T_25.0 ;
    %load/vec4 v0x55cde00d7af0_0;
    %assign/vec4 v0x55cde00d79e0_0, 0;
T_25.1 ;
    %jmp T_25;
    .thread T_25, $push;
    .scope S_0x55cde00d7e00;
T_26 ;
    %wait E_0x55cde00d7fe0;
    %load/vec4 v0x55cde00d8240_0;
    %cmpi/e 0, 0, 1;
    %jmp/0xz  T_26.0, 6;
    %load/vec4 v0x55cde00d8340_0;
    %assign/vec4 v0x55cde00d8060_0, 0;
    %jmp T_26.1;
T_26.0 ;
    %load/vec4 v0x55cde00d8160_0;
    %assign/vec4 v0x55cde00d8060_0, 0;
T_26.1 ;
    %jmp T_26;
    .thread T_26, $push;
    .scope S_0x55cde00b7a00;
T_27 ;
    %pushi/vec4 0, 0, 1;
    %assign/vec4 v0x55cde00d9f50_0, 0;
    %delay 5, 0;
    %pushi/vec4 1, 0, 1;
    %assign/vec4 v0x55cde00d9f50_0, 0;
    %delay 5, 0;
    %jmp T_27;
    .thread T_27;
    .scope S_0x55cde00b7a00;
T_28 ;
    %vpi_call 2 28 "$dumpvars" {0 0 0};
    %pushi/vec4 0, 0, 1;
    %assign/vec4 v0x55cde00da010_0, 0;
    %pushi/vec4 3, 0, 32;
T_28.0 %dup/vec4;
    %pushi/vec4 0, 0, 32;
    %cmp/s;
    %jmp/1xz T_28.1, 5;
    %jmp/1 T_28.1, 4;
    %pushi/vec4 1, 0, 32;
    %sub;
    %wait E_0x55cde008a770;
    %jmp T_28.0;
T_28.1 ;
    %pop/vec4 1;
    %wait E_0x55cde008a770;
    %pushi/vec4 1, 0, 1;
    %assign/vec4 v0x55cde00da010_0, 0;
    %pushi/vec4 41088, 0, 16;
    %assign/vec4 v0x55cde00da0b0_0, 0;
    %pushi/vec4 4, 0, 32;
T_28.2 %dup/vec4;
    %pushi/vec4 0, 0, 32;
    %cmp/s;
    %jmp/1xz T_28.3, 5;
    %jmp/1 T_28.3, 4;
    %pushi/vec4 1, 0, 32;
    %sub;
    %wait E_0x55cde008a770;
    %jmp T_28.2;
T_28.3 ;
    %pop/vec4 1;
    %wait E_0x55cde008a770;
    %pushi/vec4 16399, 0, 16;
    %assign/vec4 v0x55cde00da0b0_0, 0;
    %delay 200, 0;
    %vpi_call 2 55 "$finish" {0 0 0};
    %end;
    .thread T_28;
# The file index is used to find the file name in the following table.
:file_names 12;
    "N/A";
    "<interactive>";
    "toplevel_tb.v";
    "toplevel.v";
    "acc.v";
    "alu.v";
    "decoder.v";
    "ir.v";
    "mux_a.v";
    "mux_b.v";
    "mux_c.v";
    "pc.v";
