#! /usr/bin/vvp
:ivl_version "11.0 (stable)";
:ivl_delay_selection "TYPICAL";
:vpi_time_precision + 0;
:vpi_module "/usr/lib/x86_64-linux-gnu/ivl/system.vpi";
:vpi_module "/usr/lib/x86_64-linux-gnu/ivl/vhdl_sys.vpi";
:vpi_module "/usr/lib/x86_64-linux-gnu/ivl/vhdl_textio.vpi";
:vpi_module "/usr/lib/x86_64-linux-gnu/ivl/v2005_math.vpi";
:vpi_module "/usr/lib/x86_64-linux-gnu/ivl/va_math.vpi";
S_0x558f90765de0 .scope module, "ir" "ir" 2 9;
 .timescale 0 0;
    .port_info 0 /INPUT 1 "clk";
    .port_info 1 /INPUT 1 "rst";
    .port_info 2 /INPUT 16 "d_in";
    .port_info 3 /OUTPUT 16 "d_out";
    .port_info 4 /INPUT 1 "en_ir";
o0x7f4dd0e6d018 .functor BUFZ 1, C4<z>; HiZ drive
v0x558f90767c00_0 .net "clk", 0 0, o0x7f4dd0e6d018;  0 drivers
o0x7f4dd0e6d048 .functor BUFZ 16, C4<zzzzzzzzzzzzzzzz>; HiZ drive
v0x558f907ae480_0 .net "d_in", 15 0, o0x7f4dd0e6d048;  0 drivers
v0x558f907ae560_0 .var "d_out", 15 0;
o0x7f4dd0e6d0a8 .functor BUFZ 1, C4<z>; HiZ drive
v0x558f907ae650_0 .net "en_ir", 0 0, o0x7f4dd0e6d0a8;  0 drivers
o0x7f4dd0e6d0d8 .functor BUFZ 1, C4<z>; HiZ drive
v0x558f907ae710_0 .net "rst", 0 0, o0x7f4dd0e6d0d8;  0 drivers
E_0x558f9079ea40/0 .event negedge, v0x558f907ae710_0;
E_0x558f9079ea40/1 .event posedge, v0x558f90767c00_0;
E_0x558f9079ea40 .event/or E_0x558f9079ea40/0, E_0x558f9079ea40/1;
    .scope S_0x558f90765de0;
T_0 ;
    %wait E_0x558f9079ea40;
    %load/vec4 v0x558f907ae710_0;
    %cmpi/e 0, 0, 1;
    %jmp/0xz  T_0.0, 6;
    %pushi/vec4 0, 0, 16;
    %assign/vec4 v0x558f907ae560_0, 0;
    %jmp T_0.1;
T_0.0 ;
    %load/vec4 v0x558f907ae650_0;
    %cmpi/e 0, 0, 1;
    %jmp/0xz  T_0.2, 6;
    %load/vec4 v0x558f907ae480_0;
    %assign/vec4 v0x558f907ae560_0, 0;
T_0.2 ;
T_0.1 ;
    %jmp T_0;
    .thread T_0;
# The file index is used to find the file name in the following table.
:file_names 3;
    "N/A";
    "<interactive>";
    "ir.v";
