#! /usr/bin/vvp
:ivl_version "11.0 (stable)";
:ivl_delay_selection "TYPICAL";
:vpi_time_precision + 0;
:vpi_module "/usr/lib/x86_64-linux-gnu/ivl/system.vpi";
:vpi_module "/usr/lib/x86_64-linux-gnu/ivl/vhdl_sys.vpi";
:vpi_module "/usr/lib/x86_64-linux-gnu/ivl/vhdl_textio.vpi";
:vpi_module "/usr/lib/x86_64-linux-gnu/ivl/v2005_math.vpi";
:vpi_module "/usr/lib/x86_64-linux-gnu/ivl/va_math.vpi";
S_0x562cf780bb80 .scope module, "ir_tb" "ir_tb" 2 1;
 .timescale 0 0;
v0x562cf781fdc0_0 .var "tstclk", 0 0;
v0x562cf781fe80_0 .var "tstd_in", 15 0;
v0x562cf781ff20_0 .net "tstd_out", 15 0, v0x562cf77f8ad0_0;  1 drivers
v0x562cf781fff0_0 .var "tstrst", 0 0;
E_0x562cf780ae80 .event posedge, v0x562cf77d3c00_0;
S_0x562cf77d1cf0 .scope module, "dut" "ir" 2 7, 3 9 0, S_0x562cf780bb80;
 .timescale 0 0;
    .port_info 0 /INPUT 1 "clk";
    .port_info 1 /INPUT 1 "rst";
    .port_info 2 /INPUT 16 "d_in";
    .port_info 3 /OUTPUT 16 "d_out";
v0x562cf77d3c00_0 .net "clk", 0 0, v0x562cf781fdc0_0;  1 drivers
v0x562cf77f8730_0 .net "d_in", 15 0, v0x562cf781fe80_0;  1 drivers
v0x562cf77f8ad0_0 .var "d_out", 15 0;
v0x562cf77f8f90_0 .net "rst", 0 0, v0x562cf781fff0_0;  1 drivers
E_0x562cf77d24f0/0 .event negedge, v0x562cf77f8f90_0;
E_0x562cf77d24f0/1 .event posedge, v0x562cf77d3c00_0;
E_0x562cf77d24f0 .event/or E_0x562cf77d24f0/0, E_0x562cf77d24f0/1;
    .scope S_0x562cf77d1cf0;
T_0 ;
    %wait E_0x562cf77d24f0;
    %load/vec4 v0x562cf77f8730_0;
    %assign/vec4 v0x562cf77f8ad0_0, 0;
    %jmp T_0;
    .thread T_0;
    .scope S_0x562cf780bb80;
T_1 ;
    %pushi/vec4 1, 0, 1;
    %assign/vec4 v0x562cf781fdc0_0, 0;
    %delay 5, 0;
    %pushi/vec4 0, 0, 1;
    %assign/vec4 v0x562cf781fdc0_0, 0;
    %delay 5, 0;
    %jmp T_1;
    .thread T_1;
    .scope S_0x562cf780bb80;
T_2 ;
    %vpi_call 2 22 "$dumpvars" {0 0 0};
    %pushi/vec4 17457, 0, 16;
    %assign/vec4 v0x562cf781fe80_0, 0;
    %wait E_0x562cf780ae80;
    %pushi/vec4 12081, 0, 16;
    %assign/vec4 v0x562cf781fe80_0, 0;
    %wait E_0x562cf780ae80;
    %pushi/vec4 40625, 0, 16;
    %assign/vec4 v0x562cf781fe80_0, 0;
    %wait E_0x562cf780ae80;
    %pushi/vec4 17457, 0, 16;
    %assign/vec4 v0x562cf781fe80_0, 0;
    %wait E_0x562cf780ae80;
    %pushi/vec4 50225, 0, 16;
    %assign/vec4 v0x562cf781fe80_0, 0;
    %wait E_0x562cf780ae80;
    %pushi/vec4 1073, 0, 16;
    %assign/vec4 v0x562cf781fe80_0, 0;
    %delay 100, 0;
    %vpi_call 2 60 "$finish" {0 0 0};
    %end;
    .thread T_2;
# The file index is used to find the file name in the following table.
:file_names 4;
    "N/A";
    "<interactive>";
    "ir_tb.v";
    "ir.v";
