#! /usr/bin/vvp
:ivl_version "11.0 (stable)";
:ivl_delay_selection "TYPICAL";
:vpi_time_precision + 0;
:vpi_module "/usr/lib/x86_64-linux-gnu/ivl/system.vpi";
:vpi_module "/usr/lib/x86_64-linux-gnu/ivl/vhdl_sys.vpi";
:vpi_module "/usr/lib/x86_64-linux-gnu/ivl/vhdl_textio.vpi";
:vpi_module "/usr/lib/x86_64-linux-gnu/ivl/v2005_math.vpi";
:vpi_module "/usr/lib/x86_64-linux-gnu/ivl/va_math.vpi";
S_0x55c38617bcf0 .scope module, "seq_gen" "seq_gen" 2 1;
 .timescale 0 0;
    .port_info 0 /INPUT 1 "clk";
    .port_info 1 /INPUT 1 "clr";
    .port_info 2 /OUTPUT 1 "f";
    .port_info 3 /OUTPUT 1 "d";
    .port_info 4 /OUTPUT 1 "e";
    .port_info 5 /OUTPUT 1 "i";
o0x7ff15869a018 .functor BUFZ 1, C4<z>; HiZ drive
v0x55c38617bf20_0 .net "clk", 0 0, o0x7ff15869a018;  0 drivers
o0x7ff15869a048 .functor BUFZ 1, C4<z>; HiZ drive
v0x55c3861c89b0_0 .net "clr", 0 0, o0x7ff15869a048;  0 drivers
v0x55c3861c8a70_0 .net "d", 0 0, L_0x55c3861c8fe0;  1 drivers
v0x55c3861c8b10_0 .net "e", 0 0, L_0x55c3861c9100;  1 drivers
v0x55c3861c8bd0_0 .net "f", 0 0, L_0x55c3861c8f40;  1 drivers
v0x55c3861c8ce0_0 .net "i", 0 0, L_0x55c3861c91a0;  1 drivers
v0x55c3861c8da0_0 .var "state", 3 0;
E_0x55c38617c5a0/0 .event negedge, v0x55c3861c89b0_0;
E_0x55c38617c5a0/1 .event posedge, v0x55c38617bf20_0;
E_0x55c38617c5a0 .event/or E_0x55c38617c5a0/0, E_0x55c38617c5a0/1;
L_0x55c3861c8f40 .part v0x55c3861c8da0_0, 0, 1;
L_0x55c3861c8fe0 .part v0x55c3861c8da0_0, 1, 1;
L_0x55c3861c9100 .part v0x55c3861c8da0_0, 2, 1;
L_0x55c3861c91a0 .part v0x55c3861c8da0_0, 3, 1;
    .scope S_0x55c38617bcf0;
T_0 ;
    %wait E_0x55c38617c5a0;
    %load/vec4 v0x55c3861c89b0_0;
    %cmpi/e 0, 0, 1;
    %jmp/0xz  T_0.0, 6;
    %pushi/vec4 0, 0, 4;
    %assign/vec4 v0x55c3861c8da0_0, 0;
    %jmp T_0.1;
T_0.0 ;
    %load/vec4 v0x55c3861c8da0_0;
    %dup/vec4;
    %pushi/vec4 0, 0, 4;
    %cmp/u;
    %jmp/1 T_0.2, 6;
    %dup/vec4;
    %pushi/vec4 8, 0, 4;
    %cmp/u;
    %jmp/1 T_0.3, 6;
    %dup/vec4;
    %pushi/vec4 4, 0, 4;
    %cmp/u;
    %jmp/1 T_0.4, 6;
    %dup/vec4;
    %pushi/vec4 2, 0, 4;
    %cmp/u;
    %jmp/1 T_0.5, 6;
    %dup/vec4;
    %pushi/vec4 1, 0, 4;
    %cmp/u;
    %jmp/1 T_0.6, 6;
    %pushi/vec4 0, 0, 4;
    %assign/vec4 v0x55c3861c8da0_0, 0;
    %jmp T_0.8;
T_0.2 ;
    %pushi/vec4 8, 0, 4;
    %assign/vec4 v0x55c3861c8da0_0, 0;
    %jmp T_0.8;
T_0.3 ;
    %pushi/vec4 4, 0, 4;
    %assign/vec4 v0x55c3861c8da0_0, 0;
    %jmp T_0.8;
T_0.4 ;
    %pushi/vec4 2, 0, 4;
    %assign/vec4 v0x55c3861c8da0_0, 0;
    %jmp T_0.8;
T_0.5 ;
    %pushi/vec4 1, 0, 4;
    %assign/vec4 v0x55c3861c8da0_0, 0;
    %jmp T_0.8;
T_0.6 ;
    %pushi/vec4 8, 0, 4;
    %assign/vec4 v0x55c3861c8da0_0, 0;
    %jmp T_0.8;
T_0.8 ;
    %pop/vec4 1;
T_0.1 ;
    %jmp T_0;
    .thread T_0;
# The file index is used to find the file name in the following table.
:file_names 3;
    "N/A";
    "<interactive>";
    "seq_gen.v";
