#! /usr/bin/vvp
:ivl_version "11.0 (stable)";
:ivl_delay_selection "TYPICAL";
:vpi_time_precision + 0;
:vpi_module "/usr/lib/x86_64-linux-gnu/ivl/system.vpi";
:vpi_module "/usr/lib/x86_64-linux-gnu/ivl/vhdl_sys.vpi";
:vpi_module "/usr/lib/x86_64-linux-gnu/ivl/vhdl_textio.vpi";
:vpi_module "/usr/lib/x86_64-linux-gnu/ivl/v2005_math.vpi";
:vpi_module "/usr/lib/x86_64-linux-gnu/ivl/va_math.vpi";
S_0x564df6da9eb0 .scope module, "seq_gen_tb" "seq_gen_tb" 2 1;
 .timescale 0 0;
v0x564df6dbe4e0_0 .var "tstclk", 0 0;
v0x564df6dbe5a0_0 .var "tstclr", 0 0;
v0x564df6dbe640_0 .net "tstd", 0 0, L_0x564df6dbea90;  1 drivers
v0x564df6dbe710_0 .net "tste", 0 0, L_0x564df6dbebd0;  1 drivers
v0x564df6dbe7e0_0 .net "tstf", 0 0, L_0x564df6dbe9a0;  1 drivers
v0x564df6dbe8d0_0 .net "tsti", 0 0, L_0x564df6dbecc0;  1 drivers
E_0x564df6da6210 .event posedge, v0x564df6daa240_0;
S_0x564df6daa040 .scope module, "dut" "seq_gen" 2 11, 3 1 0, S_0x564df6da9eb0;
 .timescale 0 0;
    .port_info 0 /INPUT 1 "clk";
    .port_info 1 /INPUT 1 "clr";
    .port_info 2 /OUTPUT 1 "f";
    .port_info 3 /OUTPUT 1 "d";
    .port_info 4 /OUTPUT 1 "e";
    .port_info 5 /OUTPUT 1 "i";
v0x564df6daa240_0 .net "clk", 0 0, v0x564df6dbe4e0_0;  1 drivers
v0x564df6dbdf50_0 .net "clr", 0 0, v0x564df6dbe5a0_0;  1 drivers
v0x564df6dbe010_0 .net "d", 0 0, L_0x564df6dbea90;  alias, 1 drivers
v0x564df6dbe0b0_0 .net "e", 0 0, L_0x564df6dbebd0;  alias, 1 drivers
v0x564df6dbe170_0 .net "f", 0 0, L_0x564df6dbe9a0;  alias, 1 drivers
v0x564df6dbe280_0 .net "i", 0 0, L_0x564df6dbecc0;  alias, 1 drivers
v0x564df6dbe340_0 .var "state", 3 0;
E_0x564df6d90a10/0 .event negedge, v0x564df6dbdf50_0;
E_0x564df6d90a10/1 .event posedge, v0x564df6daa240_0;
E_0x564df6d90a10 .event/or E_0x564df6d90a10/0, E_0x564df6d90a10/1;
L_0x564df6dbe9a0 .part v0x564df6dbe340_0, 3, 1;
L_0x564df6dbea90 .part v0x564df6dbe340_0, 2, 1;
L_0x564df6dbebd0 .part v0x564df6dbe340_0, 1, 1;
L_0x564df6dbecc0 .part v0x564df6dbe340_0, 0, 1;
    .scope S_0x564df6daa040;
T_0 ;
    %wait E_0x564df6d90a10;
    %load/vec4 v0x564df6dbdf50_0;
    %cmpi/e 0, 0, 1;
    %jmp/0xz  T_0.0, 6;
    %pushi/vec4 0, 0, 4;
    %assign/vec4 v0x564df6dbe340_0, 0;
    %jmp T_0.1;
T_0.0 ;
    %load/vec4 v0x564df6dbe340_0;
    %dup/vec4;
    %pushi/vec4 0, 0, 4;
    %cmp/u;
    %jmp/1 T_0.2, 6;
    %dup/vec4;
    %pushi/vec4 8, 0, 4;
    %cmp/u;
    %jmp/1 T_0.3, 6;
    %dup/vec4;
    %pushi/vec4 4, 0, 4;
    %cmp/u;
    %jmp/1 T_0.4, 6;
    %dup/vec4;
    %pushi/vec4 2, 0, 4;
    %cmp/u;
    %jmp/1 T_0.5, 6;
    %dup/vec4;
    %pushi/vec4 1, 0, 4;
    %cmp/u;
    %jmp/1 T_0.6, 6;
    %pushi/vec4 0, 0, 4;
    %assign/vec4 v0x564df6dbe340_0, 0;
    %jmp T_0.8;
T_0.2 ;
    %pushi/vec4 8, 0, 4;
    %assign/vec4 v0x564df6dbe340_0, 0;
    %jmp T_0.8;
T_0.3 ;
    %pushi/vec4 4, 0, 4;
    %assign/vec4 v0x564df6dbe340_0, 0;
    %jmp T_0.8;
T_0.4 ;
    %pushi/vec4 2, 0, 4;
    %assign/vec4 v0x564df6dbe340_0, 0;
    %jmp T_0.8;
T_0.5 ;
    %pushi/vec4 1, 0, 4;
    %assign/vec4 v0x564df6dbe340_0, 0;
    %jmp T_0.8;
T_0.6 ;
    %pushi/vec4 8, 0, 4;
    %assign/vec4 v0x564df6dbe340_0, 0;
    %jmp T_0.8;
T_0.8 ;
    %pop/vec4 1;
T_0.1 ;
    %jmp T_0;
    .thread T_0;
    .scope S_0x564df6da9eb0;
T_1 ;
    %delay 5, 0;
    %pushi/vec4 0, 0, 1;
    %assign/vec4 v0x564df6dbe4e0_0, 0;
    %delay 5, 0;
    %pushi/vec4 1, 0, 1;
    %assign/vec4 v0x564df6dbe4e0_0, 0;
    %jmp T_1;
    .thread T_1;
    .scope S_0x564df6da9eb0;
T_2 ;
    %vpi_call 2 27 "$dumpvars" {0 0 0};
    %delay 20, 0;
    %wait E_0x564df6da6210;
    %pushi/vec4 0, 0, 1;
    %assign/vec4 v0x564df6dbe5a0_0, 0;
    %delay 20, 0;
    %wait E_0x564df6da6210;
    %pushi/vec4 1, 0, 1;
    %assign/vec4 v0x564df6dbe5a0_0, 0;
    %delay 100, 0;
    %vpi_call 2 37 "$finish" {0 0 0};
    %end;
    .thread T_2;
# The file index is used to find the file name in the following table.
:file_names 4;
    "N/A";
    "<interactive>";
    "seq_gen_tb.v";
    "seq_gen.v";
