#! /usr/bin/vvp
:ivl_version "11.0 (stable)";
:ivl_delay_selection "TYPICAL";
:vpi_time_precision + 0;
:vpi_module "/usr/lib/x86_64-linux-gnu/ivl/system.vpi";
:vpi_module "/usr/lib/x86_64-linux-gnu/ivl/vhdl_sys.vpi";
:vpi_module "/usr/lib/x86_64-linux-gnu/ivl/vhdl_textio.vpi";
:vpi_module "/usr/lib/x86_64-linux-gnu/ivl/v2005_math.vpi";
:vpi_module "/usr/lib/x86_64-linux-gnu/ivl/va_math.vpi";
S_0x5611a8af7d90 .scope module, "decoder" "decoder" 2 15;
 .timescale 0 0;
    .port_info 0 /INPUT 1 "clk";
    .port_info 1 /INPUT 1 "clr";
    .port_info 2 /INPUT 1 "carry";
    .port_info 3 /INPUT 1 "zero";
    .port_info 4 /INPUT 8 "ir";
    .port_info 5 /OUTPUT 1 "rw";
    .port_info 6 /OUTPUT 5 "alu";
    .port_info 7 /OUTPUT 1 "muxa";
    .port_info 8 /OUTPUT 1 "muxb";
    .port_info 9 /OUTPUT 1 "muxc";
    .port_info 10 /OUTPUT 1 "en_ir";
    .port_info 11 /OUTPUT 1 "en_da";
    .port_info 12 /OUTPUT 1 "en_pc";
P_0x5611a8b571c0 .param/l "ADD" 1 2 53, C4<0100>;
P_0x5611a8b57200 .param/l "BITAND" 1 2 54, C4<0001>;
P_0x5611a8b57240 .param/l "CARRY" 1 2 62, C4<10>;
P_0x5611a8b57280 .param/l "DECODE" 1 2 49, C4<0100>;
P_0x5611a8b572c0 .param/l "EXECUTE" 1 2 50, C4<0010>;
P_0x5611a8b57300 .param/l "FETCH" 1 2 48, C4<1000>;
P_0x5611a8b57340 .param/l "IDLE" 1 2 47, C4<0000>;
P_0x5611a8b57380 .param/l "INCREMENT" 1 2 51, C4<0001>;
P_0x5611a8b573c0 .param/l "INPUT" 1 2 56, C4<1010>;
P_0x5611a8b57400 .param/l "JUMP" 1 2 58, C4<1000>;
P_0x5611a8b57440 .param/l "JUMP_CONDITION" 1 2 59, C4<1001>;
P_0x5611a8b57480 .param/l "LOAD" 1 2 52, C4<0000>;
P_0x5611a8b574c0 .param/l "NO_CARRY" 1 2 64, C4<11>;
P_0x5611a8b57500 .param/l "NO_ZERO" 1 2 63, C4<01>;
P_0x5611a8b57540 .param/l "OUTPUT" 1 2 57, C4<1110>;
P_0x5611a8b57580 .param/l "SUB" 1 2 55, C4<0110>;
P_0x5611a8b575c0 .param/l "ZERO" 1 2 61, C4<00>;
v0x5611a8b23350_0 .var "add", 0 0;
v0x5611a8b23420_0 .var "alu", 4 0;
v0x5611a8b23ce0_0 .var "bitand", 0 0;
o0x7f36f54660a8 .functor BUFZ 1, C4<z>; HiZ drive
v0x5611a8b23db0_0 .net "carry", 0 0, o0x7f36f54660a8;  0 drivers
v0x5611a8b24640_0 .var "carry_reg", 0 0;
o0x7f36f5466108 .functor BUFZ 1, C4<z>; HiZ drive
v0x5611a8b24710_0 .net "clk", 0 0, o0x7f36f5466108;  0 drivers
o0x7f36f5466138 .functor BUFZ 1, C4<z>; HiZ drive
v0x5611a8b2ccb0_0 .net "clr", 0 0, o0x7f36f5466138;  0 drivers
v0x5611a8b76990_0 .net "d", 0 0, L_0x5611a8b78400;  1 drivers
v0x5611a8b76a50_0 .var "decexe", 0 0;
v0x5611a8b76ba0_0 .net "e", 0 0, L_0x5611a8b784a0;  1 drivers
v0x5611a8b76c60_0 .var "en_da", 0 0;
v0x5611a8b76d20_0 .var "en_ir", 0 0;
v0x5611a8b76de0_0 .var "en_pc", 0 0;
v0x5611a8b76ea0_0 .net "f", 0 0, L_0x5611a8b78360;  1 drivers
v0x5611a8b76f60_0 .net "i", 0 0, L_0x5611a8b78540;  1 drivers
v0x5611a8b77020_0 .var "inp", 0 0;
o0x7f36f5466318 .functor BUFZ 8, C4<zzzzzzzz>; HiZ drive
v0x5611a8b770e0_0 .net "ir", 7 0, o0x7f36f5466318;  0 drivers
v0x5611a8b772d0_0 .var "jump", 0 0;
v0x5611a8b77390_0 .var "jump_not_taken", 0 0;
v0x5611a8b77450_0 .var "jump_taken", 0 0;
v0x5611a8b77510_0 .var "jumpc", 0 0;
v0x5611a8b775d0_0 .var "jumpnc", 0 0;
v0x5611a8b77690_0 .var "jumpnz", 0 0;
v0x5611a8b77750_0 .var "jumpz", 0 0;
v0x5611a8b77810_0 .var "load", 0 0;
v0x5611a8b778d0_0 .var "muxa", 0 0;
v0x5611a8b77990_0 .var "muxb", 0 0;
v0x5611a8b77a50_0 .var "muxc", 0 0;
v0x5611a8b77b10_0 .var "outp", 0 0;
v0x5611a8b77bd0_0 .var "rw", 0 0;
v0x5611a8b77c90_0 .var "state", 3 0;
v0x5611a8b77d70_0 .var "sub", 0 0;
o0x7f36f5466618 .functor BUFZ 1, C4<z>; HiZ drive
v0x5611a8b77e30_0 .net "zero", 0 0, o0x7f36f5466618;  0 drivers
v0x5611a8b78100_0 .var "zero_reg", 0 0;
E_0x5611a8b3cb50 .event edge, v0x5611a8b76f60_0, v0x5611a8b77390_0, v0x5611a8b76ba0_0, v0x5611a8b77450_0;
E_0x5611a8b31350/0 .event negedge, v0x5611a8b2ccb0_0;
E_0x5611a8b31350/1 .event posedge, v0x5611a8b24710_0;
E_0x5611a8b31350 .event/or E_0x5611a8b31350/0, E_0x5611a8b31350/1;
E_0x5611a8b3a120/0 .event edge, v0x5611a8b77750_0, v0x5611a8b78100_0, v0x5611a8b77690_0, v0x5611a8b77510_0;
E_0x5611a8b3a120/1 .event edge, v0x5611a8b24640_0, v0x5611a8b775d0_0, v0x5611a8b772d0_0;
E_0x5611a8b3a120 .event/or E_0x5611a8b3a120/0, E_0x5611a8b3a120/1;
E_0x5611a8b37c30/0 .event edge, v0x5611a8b76ba0_0, v0x5611a8b77810_0, v0x5611a8b23350_0, v0x5611a8b77d70_0;
E_0x5611a8b37c30/1 .event edge, v0x5611a8b23ce0_0, v0x5611a8b77020_0;
E_0x5611a8b37c30 .event/or E_0x5611a8b37c30/0, E_0x5611a8b37c30/1;
E_0x5611a8b34830 .event edge, v0x5611a8b76ea0_0;
E_0x5611a8b20db0 .event edge, v0x5611a8b77020_0, v0x5611a8b77b10_0;
E_0x5611a8b39620 .event edge, v0x5611a8b77810_0, v0x5611a8b23350_0, v0x5611a8b23ce0_0, v0x5611a8b77d70_0;
E_0x5611a8b31310 .event edge, v0x5611a8b76f60_0;
E_0x5611a8b3cb10 .event edge, v0x5611a8b77d70_0;
E_0x5611a8b212d0 .event edge, v0x5611a8b76f60_0, v0x5611a8b77d70_0;
E_0x5611a8b21260/0 .event edge, v0x5611a8b77b10_0, v0x5611a8b77020_0, v0x5611a8b77810_0, v0x5611a8b772d0_0;
E_0x5611a8b21260/1 .event edge, v0x5611a8b77510_0, v0x5611a8b775d0_0, v0x5611a8b77750_0, v0x5611a8b77690_0;
E_0x5611a8b21260 .event/or E_0x5611a8b21260/0, E_0x5611a8b21260/1;
E_0x5611a8b1ba10/0 .event edge, v0x5611a8b23ce0_0, v0x5611a8b77020_0, v0x5611a8b77810_0, v0x5611a8b772d0_0;
E_0x5611a8b1ba10/1 .event edge, v0x5611a8b77510_0, v0x5611a8b775d0_0, v0x5611a8b77750_0, v0x5611a8b77690_0;
E_0x5611a8b1ba10 .event/or E_0x5611a8b1ba10/0, E_0x5611a8b1ba10/1;
E_0x5611a8b56380 .event edge, v0x5611a8b76ba0_0, v0x5611a8b77b10_0;
E_0x5611a8b564e0 .event edge, v0x5611a8b770e0_0, v0x5611a8b76a50_0;
E_0x5611a8b387a0 .event edge, v0x5611a8b76990_0, v0x5611a8b76ba0_0;
L_0x5611a8b78360 .part v0x5611a8b77c90_0, 3, 1;
L_0x5611a8b78400 .part v0x5611a8b77c90_0, 2, 1;
L_0x5611a8b784a0 .part v0x5611a8b77c90_0, 1, 1;
L_0x5611a8b78540 .part v0x5611a8b77c90_0, 0, 1;
    .scope S_0x5611a8af7d90;
T_0 ;
    %wait E_0x5611a8b31350;
    %load/vec4 v0x5611a8b2ccb0_0;
    %cmpi/e 0, 0, 1;
    %jmp/0xz  T_0.0, 4;
    %pushi/vec4 0, 0, 4;
    %assign/vec4 v0x5611a8b77c90_0, 0;
    %jmp T_0.1;
T_0.0 ;
    %load/vec4 v0x5611a8b77c90_0;
    %dup/vec4;
    %pushi/vec4 0, 0, 4;
    %cmp/u;
    %jmp/1 T_0.2, 6;
    %dup/vec4;
    %pushi/vec4 8, 0, 4;
    %cmp/u;
    %jmp/1 T_0.3, 6;
    %dup/vec4;
    %pushi/vec4 4, 0, 4;
    %cmp/u;
    %jmp/1 T_0.4, 6;
    %dup/vec4;
    %pushi/vec4 2, 0, 4;
    %cmp/u;
    %jmp/1 T_0.5, 6;
    %dup/vec4;
    %pushi/vec4 1, 0, 4;
    %cmp/u;
    %jmp/1 T_0.6, 6;
    %pushi/vec4 0, 0, 4;
    %assign/vec4 v0x5611a8b77c90_0, 0;
    %jmp T_0.8;
T_0.2 ;
    %pushi/vec4 8, 0, 4;
    %assign/vec4 v0x5611a8b77c90_0, 0;
    %jmp T_0.8;
T_0.3 ;
    %pushi/vec4 4, 0, 4;
    %assign/vec4 v0x5611a8b77c90_0, 0;
    %jmp T_0.8;
T_0.4 ;
    %pushi/vec4 2, 0, 4;
    %assign/vec4 v0x5611a8b77c90_0, 0;
    %jmp T_0.8;
T_0.5 ;
    %pushi/vec4 1, 0, 4;
    %assign/vec4 v0x5611a8b77c90_0, 0;
    %jmp T_0.8;
T_0.6 ;
    %pushi/vec4 8, 0, 4;
    %assign/vec4 v0x5611a8b77c90_0, 0;
    %jmp T_0.8;
T_0.8 ;
    %pop/vec4 1;
T_0.1 ;
    %jmp T_0;
    .thread T_0;
    .scope S_0x5611a8af7d90;
T_1 ;
    %wait E_0x5611a8b31350;
    %load/vec4 v0x5611a8b2ccb0_0;
    %cmpi/e 0, 0, 1;
    %jmp/0xz  T_1.0, 4;
    %pushi/vec4 0, 0, 1;
    %assign/vec4 v0x5611a8b24640_0, 0;
    %jmp T_1.1;
T_1.0 ;
    %load/vec4 v0x5611a8b23350_0;
    %flag_set/vec4 8;
    %load/vec4 v0x5611a8b77d70_0;
    %flag_set/vec4 9;
    %flag_or 9, 8;
    %load/vec4 v0x5611a8b23ce0_0;
    %flag_set/vec4 8;
    %flag_or 8, 9;
    %jmp/0xz  T_1.2, 8;
    %load/vec4 v0x5611a8b23db0_0;
    %assign/vec4 v0x5611a8b24640_0, 0;
T_1.2 ;
T_1.1 ;
    %jmp T_1;
    .thread T_1;
    .scope S_0x5611a8af7d90;
T_2 ;
    %wait E_0x5611a8b31350;
    %load/vec4 v0x5611a8b2ccb0_0;
    %cmpi/e 0, 0, 1;
    %jmp/0xz  T_2.0, 4;
    %pushi/vec4 0, 0, 1;
    %assign/vec4 v0x5611a8b78100_0, 0;
    %jmp T_2.1;
T_2.0 ;
    %load/vec4 v0x5611a8b23350_0;
    %flag_set/vec4 8;
    %load/vec4 v0x5611a8b77d70_0;
    %flag_set/vec4 9;
    %flag_or 9, 8;
    %load/vec4 v0x5611a8b23ce0_0;
    %flag_set/vec4 8;
    %flag_or 8, 9;
    %jmp/0xz  T_2.2, 8;
    %load/vec4 v0x5611a8b77e30_0;
    %assign/vec4 v0x5611a8b78100_0, 0;
T_2.2 ;
T_2.1 ;
    %jmp T_2;
    .thread T_2;
    .scope S_0x5611a8af7d90;
T_3 ;
    %wait E_0x5611a8b387a0;
    %load/vec4 v0x5611a8b76990_0;
    %flag_set/vec4 8;
    %load/vec4 v0x5611a8b76ba0_0;
    %cmpi/e 1, 0, 1;
    %flag_or 4, 8;
    %jmp/0xz  T_3.0, 4;
    %pushi/vec4 1, 0, 1;
    %assign/vec4 v0x5611a8b76a50_0, 0;
    %jmp T_3.1;
T_3.0 ;
    %pushi/vec4 0, 0, 1;
    %assign/vec4 v0x5611a8b76a50_0, 0;
T_3.1 ;
    %jmp T_3;
    .thread T_3, $push;
    .scope S_0x5611a8af7d90;
T_4 ;
    %wait E_0x5611a8b564e0;
    %pushi/vec4 0, 0, 1;
    %assign/vec4 v0x5611a8b77810_0, 0;
    %pushi/vec4 0, 0, 1;
    %assign/vec4 v0x5611a8b77020_0, 0;
    %pushi/vec4 0, 0, 1;
    %assign/vec4 v0x5611a8b77b10_0, 0;
    %pushi/vec4 0, 0, 1;
    %assign/vec4 v0x5611a8b77d70_0, 0;
    %pushi/vec4 0, 0, 1;
    %assign/vec4 v0x5611a8b23350_0, 0;
    %pushi/vec4 0, 0, 1;
    %assign/vec4 v0x5611a8b23ce0_0, 0;
    %pushi/vec4 0, 0, 1;
    %assign/vec4 v0x5611a8b772d0_0, 0;
    %pushi/vec4 0, 0, 1;
    %assign/vec4 v0x5611a8b77750_0, 0;
    %pushi/vec4 0, 0, 1;
    %assign/vec4 v0x5611a8b77690_0, 0;
    %pushi/vec4 0, 0, 1;
    %assign/vec4 v0x5611a8b77510_0, 0;
    %pushi/vec4 0, 0, 1;
    %assign/vec4 v0x5611a8b775d0_0, 0;
    %load/vec4 v0x5611a8b770e0_0;
    %parti/s 4, 4, 4;
    %dup/vec4;
    %pushi/vec4 0, 0, 4;
    %cmp/u;
    %jmp/1 T_4.0, 6;
    %dup/vec4;
    %pushi/vec4 4, 0, 4;
    %cmp/u;
    %jmp/1 T_4.1, 6;
    %dup/vec4;
    %pushi/vec4 1, 0, 4;
    %cmp/u;
    %jmp/1 T_4.2, 6;
    %dup/vec4;
    %pushi/vec4 6, 0, 4;
    %cmp/u;
    %jmp/1 T_4.3, 6;
    %dup/vec4;
    %pushi/vec4 10, 0, 4;
    %cmp/u;
    %jmp/1 T_4.4, 6;
    %dup/vec4;
    %pushi/vec4 14, 0, 4;
    %cmp/u;
    %jmp/1 T_4.5, 6;
    %dup/vec4;
    %pushi/vec4 8, 0, 4;
    %cmp/u;
    %jmp/1 T_4.6, 6;
    %dup/vec4;
    %pushi/vec4 9, 0, 4;
    %cmp/u;
    %jmp/1 T_4.7, 6;
    %pushi/vec4 0, 0, 1;
    %assign/vec4 v0x5611a8b775d0_0, 0;
    %pushi/vec4 0, 0, 1;
    %assign/vec4 v0x5611a8b77020_0, 0;
    %pushi/vec4 0, 0, 1;
    %assign/vec4 v0x5611a8b77b10_0, 0;
    %pushi/vec4 0, 0, 1;
    %assign/vec4 v0x5611a8b77d70_0, 0;
    %pushi/vec4 0, 0, 1;
    %assign/vec4 v0x5611a8b77810_0, 0;
    %pushi/vec4 0, 0, 1;
    %assign/vec4 v0x5611a8b23ce0_0, 0;
    %pushi/vec4 0, 0, 1;
    %assign/vec4 v0x5611a8b772d0_0, 0;
    %pushi/vec4 0, 0, 1;
    %assign/vec4 v0x5611a8b77750_0, 0;
    %pushi/vec4 0, 0, 1;
    %assign/vec4 v0x5611a8b77690_0, 0;
    %pushi/vec4 0, 0, 1;
    %assign/vec4 v0x5611a8b77510_0, 0;
    %pushi/vec4 0, 0, 1;
    %assign/vec4 v0x5611a8b23350_0, 0;
    %jmp T_4.9;
T_4.0 ;
    %load/vec4 v0x5611a8b76a50_0;
    %assign/vec4 v0x5611a8b77810_0, 0;
    %jmp T_4.9;
T_4.1 ;
    %load/vec4 v0x5611a8b76a50_0;
    %assign/vec4 v0x5611a8b23350_0, 0;
    %jmp T_4.9;
T_4.2 ;
    %load/vec4 v0x5611a8b76a50_0;
    %assign/vec4 v0x5611a8b23ce0_0, 0;
    %jmp T_4.9;
T_4.3 ;
    %load/vec4 v0x5611a8b76a50_0;
    %assign/vec4 v0x5611a8b77d70_0, 0;
    %jmp T_4.9;
T_4.4 ;
    %load/vec4 v0x5611a8b76a50_0;
    %assign/vec4 v0x5611a8b77020_0, 0;
    %jmp T_4.9;
T_4.5 ;
    %load/vec4 v0x5611a8b76a50_0;
    %assign/vec4 v0x5611a8b77b10_0, 0;
    %jmp T_4.9;
T_4.6 ;
    %load/vec4 v0x5611a8b76a50_0;
    %assign/vec4 v0x5611a8b772d0_0, 0;
    %jmp T_4.9;
T_4.7 ;
    %load/vec4 v0x5611a8b770e0_0;
    %parti/s 2, 2, 3;
    %dup/vec4;
    %pushi/vec4 0, 0, 2;
    %cmp/u;
    %jmp/1 T_4.10, 6;
    %dup/vec4;
    %pushi/vec4 2, 0, 2;
    %cmp/u;
    %jmp/1 T_4.11, 6;
    %dup/vec4;
    %pushi/vec4 1, 0, 2;
    %cmp/u;
    %jmp/1 T_4.12, 6;
    %dup/vec4;
    %pushi/vec4 3, 0, 2;
    %cmp/u;
    %jmp/1 T_4.13, 6;
    %pushi/vec4 0, 0, 1;
    %assign/vec4 v0x5611a8b775d0_0, 0;
    %pushi/vec4 0, 0, 1;
    %assign/vec4 v0x5611a8b77020_0, 0;
    %pushi/vec4 0, 0, 1;
    %assign/vec4 v0x5611a8b77b10_0, 0;
    %pushi/vec4 0, 0, 1;
    %assign/vec4 v0x5611a8b77d70_0, 0;
    %pushi/vec4 0, 0, 1;
    %assign/vec4 v0x5611a8b77810_0, 0;
    %pushi/vec4 0, 0, 1;
    %assign/vec4 v0x5611a8b23ce0_0, 0;
    %pushi/vec4 0, 0, 1;
    %assign/vec4 v0x5611a8b772d0_0, 0;
    %pushi/vec4 0, 0, 1;
    %assign/vec4 v0x5611a8b77750_0, 0;
    %pushi/vec4 0, 0, 1;
    %assign/vec4 v0x5611a8b77690_0, 0;
    %pushi/vec4 0, 0, 1;
    %assign/vec4 v0x5611a8b77510_0, 0;
    %pushi/vec4 0, 0, 1;
    %assign/vec4 v0x5611a8b23350_0, 0;
    %jmp T_4.15;
T_4.10 ;
    %load/vec4 v0x5611a8b76a50_0;
    %assign/vec4 v0x5611a8b77750_0, 0;
    %jmp T_4.15;
T_4.11 ;
    %load/vec4 v0x5611a8b76a50_0;
    %assign/vec4 v0x5611a8b77510_0, 0;
    %jmp T_4.15;
T_4.12 ;
    %load/vec4 v0x5611a8b76a50_0;
    %assign/vec4 v0x5611a8b77690_0, 0;
    %jmp T_4.15;
T_4.13 ;
    %load/vec4 v0x5611a8b76a50_0;
    %assign/vec4 v0x5611a8b775d0_0, 0;
    %jmp T_4.15;
T_4.15 ;
    %pop/vec4 1;
    %jmp T_4.9;
T_4.9 ;
    %pop/vec4 1;
    %jmp T_4;
    .thread T_4, $push;
    .scope S_0x5611a8af7d90;
T_5 ;
    %wait E_0x5611a8b56380;
    %load/vec4 v0x5611a8b76ba0_0;
    %load/vec4 v0x5611a8b77b10_0;
    %pushi/vec4 1, 0, 1;
    %cmp/e;
    %flag_get/vec4 4;
    %and;
    %flag_set/vec4 8;
    %jmp/0xz  T_5.0, 8;
    %pushi/vec4 1, 0, 1;
    %assign/vec4 v0x5611a8b77bd0_0, 0;
    %jmp T_5.1;
T_5.0 ;
    %pushi/vec4 0, 0, 1;
    %assign/vec4 v0x5611a8b77bd0_0, 0;
T_5.1 ;
    %jmp T_5;
    .thread T_5, $push;
    .scope S_0x5611a8af7d90;
T_6 ;
    %wait E_0x5611a8b1ba10;
    %load/vec4 v0x5611a8b23ce0_0;
    %flag_set/vec4 8;
    %load/vec4 v0x5611a8b77020_0;
    %flag_set/vec4 9;
    %flag_or 9, 8;
    %load/vec4 v0x5611a8b77810_0;
    %flag_set/vec4 8;
    %flag_or 8, 9;
    %load/vec4 v0x5611a8b772d0_0;
    %flag_set/vec4 9;
    %flag_or 9, 8;
    %load/vec4 v0x5611a8b77510_0;
    %flag_set/vec4 8;
    %flag_or 8, 9;
    %load/vec4 v0x5611a8b775d0_0;
    %flag_set/vec4 9;
    %flag_or 9, 8;
    %load/vec4 v0x5611a8b77750_0;
    %flag_set/vec4 8;
    %flag_or 8, 9;
    %load/vec4 v0x5611a8b77690_0;
    %flag_set/vec4 9;
    %flag_or 9, 8;
    %jmp/0xz  T_6.0, 9;
    %pushi/vec4 1, 0, 1;
    %ix/load 4, 0, 0;
    %ix/load 5, 0, 0;
    %flag_set/imm 4, 0;
    %assign/vec4/off/d v0x5611a8b23420_0, 4, 5;
    %jmp T_6.1;
T_6.0 ;
    %pushi/vec4 0, 0, 1;
    %ix/load 4, 0, 0;
    %ix/load 5, 0, 0;
    %flag_set/imm 4, 0;
    %assign/vec4/off/d v0x5611a8b23420_0, 4, 5;
T_6.1 ;
    %jmp T_6;
    .thread T_6, $push;
    .scope S_0x5611a8af7d90;
T_7 ;
    %wait E_0x5611a8b21260;
    %load/vec4 v0x5611a8b77b10_0;
    %flag_set/vec4 8;
    %load/vec4 v0x5611a8b77020_0;
    %flag_set/vec4 9;
    %flag_or 9, 8;
    %load/vec4 v0x5611a8b77810_0;
    %flag_set/vec4 8;
    %flag_or 8, 9;
    %load/vec4 v0x5611a8b772d0_0;
    %flag_set/vec4 9;
    %flag_or 9, 8;
    %load/vec4 v0x5611a8b77510_0;
    %flag_set/vec4 8;
    %flag_or 8, 9;
    %load/vec4 v0x5611a8b775d0_0;
    %flag_set/vec4 9;
    %flag_or 9, 8;
    %load/vec4 v0x5611a8b77750_0;
    %flag_set/vec4 8;
    %flag_or 8, 9;
    %load/vec4 v0x5611a8b77690_0;
    %flag_set/vec4 9;
    %flag_or 9, 8;
    %jmp/0xz  T_7.0, 9;
    %pushi/vec4 1, 0, 1;
    %ix/load 4, 1, 0;
    %ix/load 5, 0, 0;
    %flag_set/imm 4, 0;
    %assign/vec4/off/d v0x5611a8b23420_0, 4, 5;
    %jmp T_7.1;
T_7.0 ;
    %pushi/vec4 0, 0, 1;
    %ix/load 4, 1, 0;
    %ix/load 5, 0, 0;
    %flag_set/imm 4, 0;
    %assign/vec4/off/d v0x5611a8b23420_0, 4, 5;
T_7.1 ;
    %jmp T_7;
    .thread T_7, $push;
    .scope S_0x5611a8af7d90;
T_8 ;
    %wait E_0x5611a8b212d0;
    %load/vec4 v0x5611a8b76f60_0;
    %load/vec4 v0x5611a8b77d70_0;
    %pushi/vec4 1, 0, 1;
    %cmp/e;
    %flag_get/vec4 4;
    %or;
    %flag_set/vec4 8;
    %jmp/0xz  T_8.0, 8;
    %pushi/vec4 1, 0, 1;
    %ix/load 4, 2, 0;
    %ix/load 5, 0, 0;
    %flag_set/imm 4, 0;
    %assign/vec4/off/d v0x5611a8b23420_0, 4, 5;
    %jmp T_8.1;
T_8.0 ;
    %pushi/vec4 0, 0, 1;
    %ix/load 4, 2, 0;
    %ix/load 5, 0, 0;
    %flag_set/imm 4, 0;
    %assign/vec4/off/d v0x5611a8b23420_0, 4, 5;
T_8.1 ;
    %jmp T_8;
    .thread T_8, $push;
    .scope S_0x5611a8af7d90;
T_9 ;
    %wait E_0x5611a8b3cb10;
    %load/vec4 v0x5611a8b77d70_0;
    %cmpi/e 1, 0, 1;
    %jmp/0xz  T_9.0, 4;
    %pushi/vec4 1, 0, 1;
    %ix/load 4, 3, 0;
    %ix/load 5, 0, 0;
    %flag_set/imm 4, 0;
    %assign/vec4/off/d v0x5611a8b23420_0, 4, 5;
    %jmp T_9.1;
T_9.0 ;
    %pushi/vec4 0, 0, 1;
    %ix/load 4, 3, 0;
    %ix/load 5, 0, 0;
    %flag_set/imm 4, 0;
    %assign/vec4/off/d v0x5611a8b23420_0, 4, 5;
T_9.1 ;
    %jmp T_9;
    .thread T_9, $push;
    .scope S_0x5611a8af7d90;
T_10 ;
    %wait E_0x5611a8b31310;
    %load/vec4 v0x5611a8b76f60_0;
    %cmpi/e 1, 0, 1;
    %jmp/0xz  T_10.0, 4;
    %pushi/vec4 1, 0, 1;
    %ix/load 4, 4, 0;
    %ix/load 5, 0, 0;
    %flag_set/imm 4, 0;
    %assign/vec4/off/d v0x5611a8b23420_0, 4, 5;
    %jmp T_10.1;
T_10.0 ;
    %pushi/vec4 0, 0, 1;
    %ix/load 4, 4, 0;
    %ix/load 5, 0, 0;
    %flag_set/imm 4, 0;
    %assign/vec4/off/d v0x5611a8b23420_0, 4, 5;
T_10.1 ;
    %jmp T_10;
    .thread T_10, $push;
    .scope S_0x5611a8af7d90;
T_11 ;
    %wait E_0x5611a8b31310;
    %load/vec4 v0x5611a8b76f60_0;
    %cmpi/e 1, 0, 1;
    %jmp/0xz  T_11.0, 4;
    %pushi/vec4 1, 0, 1;
    %assign/vec4 v0x5611a8b778d0_0, 0;
    %jmp T_11.1;
T_11.0 ;
    %pushi/vec4 0, 0, 1;
    %assign/vec4 v0x5611a8b778d0_0, 0;
T_11.1 ;
    %jmp T_11;
    .thread T_11, $push;
    .scope S_0x5611a8af7d90;
T_12 ;
    %wait E_0x5611a8b39620;
    %load/vec4 v0x5611a8b77810_0;
    %flag_set/vec4 8;
    %load/vec4 v0x5611a8b23350_0;
    %flag_set/vec4 9;
    %flag_or 9, 8;
    %load/vec4 v0x5611a8b23ce0_0;
    %flag_set/vec4 8;
    %flag_or 8, 9;
    %load/vec4 v0x5611a8b77d70_0;
    %flag_set/vec4 9;
    %flag_or 9, 8;
    %jmp/0xz  T_12.0, 9;
    %pushi/vec4 1, 0, 1;
    %assign/vec4 v0x5611a8b77990_0, 0;
    %jmp T_12.1;
T_12.0 ;
    %pushi/vec4 0, 0, 1;
    %assign/vec4 v0x5611a8b77990_0, 0;
T_12.1 ;
    %jmp T_12;
    .thread T_12, $push;
    .scope S_0x5611a8af7d90;
T_13 ;
    %wait E_0x5611a8b20db0;
    %load/vec4 v0x5611a8b77020_0;
    %flag_set/vec4 8;
    %load/vec4 v0x5611a8b77b10_0;
    %flag_set/vec4 9;
    %flag_or 9, 8;
    %jmp/0xz  T_13.0, 9;
    %pushi/vec4 1, 0, 1;
    %assign/vec4 v0x5611a8b77a50_0, 0;
    %jmp T_13.1;
T_13.0 ;
    %pushi/vec4 0, 0, 1;
    %assign/vec4 v0x5611a8b77a50_0, 0;
T_13.1 ;
    %jmp T_13;
    .thread T_13, $push;
    .scope S_0x5611a8af7d90;
T_14 ;
    %wait E_0x5611a8b34830;
    %load/vec4 v0x5611a8b76ea0_0;
    %cmpi/e 1, 0, 1;
    %jmp/0xz  T_14.0, 4;
    %pushi/vec4 1, 0, 1;
    %assign/vec4 v0x5611a8b76d20_0, 0;
    %jmp T_14.1;
T_14.0 ;
    %pushi/vec4 0, 0, 1;
    %assign/vec4 v0x5611a8b76d20_0, 0;
T_14.1 ;
    %jmp T_14;
    .thread T_14, $push;
    .scope S_0x5611a8af7d90;
T_15 ;
    %wait E_0x5611a8b37c30;
    %load/vec4 v0x5611a8b76ba0_0;
    %load/vec4 v0x5611a8b77810_0;
    %load/vec4 v0x5611a8b23350_0;
    %or;
    %load/vec4 v0x5611a8b77d70_0;
    %or;
    %load/vec4 v0x5611a8b23ce0_0;
    %or;
    %load/vec4 v0x5611a8b77020_0;
    %or;
    %and;
    %flag_set/vec4 8;
    %jmp/0xz  T_15.0, 8;
    %pushi/vec4 1, 0, 1;
    %assign/vec4 v0x5611a8b76c60_0, 0;
    %jmp T_15.1;
T_15.0 ;
    %pushi/vec4 0, 0, 1;
    %assign/vec4 v0x5611a8b76c60_0, 0;
T_15.1 ;
    %jmp T_15;
    .thread T_15, $push;
    .scope S_0x5611a8af7d90;
T_16 ;
    %wait E_0x5611a8b3a120;
    %load/vec4 v0x5611a8b77750_0;
    %load/vec4 v0x5611a8b78100_0;
    %and;
    %load/vec4 v0x5611a8b77690_0;
    %load/vec4 v0x5611a8b78100_0;
    %inv;
    %and;
    %or;
    %load/vec4 v0x5611a8b77510_0;
    %load/vec4 v0x5611a8b24640_0;
    %and;
    %or;
    %load/vec4 v0x5611a8b775d0_0;
    %load/vec4 v0x5611a8b78100_0;
    %inv;
    %and;
    %or;
    %load/vec4 v0x5611a8b772d0_0;
    %pushi/vec4 1, 0, 1;
    %cmp/e;
    %flag_get/vec4 4;
    %or;
    %flag_set/vec4 8;
    %jmp/0xz  T_16.0, 8;
    %pushi/vec4 1, 0, 1;
    %assign/vec4 v0x5611a8b77450_0, 0;
    %jmp T_16.1;
T_16.0 ;
    %pushi/vec4 0, 0, 1;
    %assign/vec4 v0x5611a8b77450_0, 0;
T_16.1 ;
    %jmp T_16;
    .thread T_16, $push;
    .scope S_0x5611a8af7d90;
T_17 ;
    %wait E_0x5611a8b31350;
    %load/vec4 v0x5611a8b2ccb0_0;
    %cmpi/e 0, 0, 1;
    %jmp/0xz  T_17.0, 4;
    %pushi/vec4 1, 0, 1;
    %assign/vec4 v0x5611a8b77390_0, 0;
    %jmp T_17.1;
T_17.0 ;
    %load/vec4 v0x5611a8b77450_0;
    %inv;
    %assign/vec4 v0x5611a8b77390_0, 0;
T_17.1 ;
    %jmp T_17;
    .thread T_17;
    .scope S_0x5611a8af7d90;
T_18 ;
    %wait E_0x5611a8b3cb50;
    %load/vec4 v0x5611a8b76f60_0;
    %load/vec4 v0x5611a8b77390_0;
    %and;
    %load/vec4 v0x5611a8b76ba0_0;
    %load/vec4 v0x5611a8b77450_0;
    %and;
    %pushi/vec4 1, 0, 1;
    %cmp/e;
    %flag_get/vec4 4;
    %or;
    %flag_set/vec4 8;
    %jmp/0xz  T_18.0, 8;
    %pushi/vec4 1, 0, 1;
    %assign/vec4 v0x5611a8b76de0_0, 0;
    %jmp T_18.1;
T_18.0 ;
    %pushi/vec4 0, 0, 1;
    %assign/vec4 v0x5611a8b76de0_0, 0;
T_18.1 ;
    %jmp T_18;
    .thread T_18, $push;
# The file index is used to find the file name in the following table.
:file_names 3;
    "N/A";
    "<interactive>";
    "decoder.v";
