#! /usr/bin/vvp
:ivl_version "11.0 (stable)";
:ivl_delay_selection "TYPICAL";
:vpi_time_precision + 0;
:vpi_module "/usr/lib/x86_64-linux-gnu/ivl/system.vpi";
:vpi_module "/usr/lib/x86_64-linux-gnu/ivl/vhdl_sys.vpi";
:vpi_module "/usr/lib/x86_64-linux-gnu/ivl/vhdl_textio.vpi";
:vpi_module "/usr/lib/x86_64-linux-gnu/ivl/v2005_math.vpi";
:vpi_module "/usr/lib/x86_64-linux-gnu/ivl/va_math.vpi";
S_0x55719756bd90 .scope module, "decoder" "decoder" 2 1;
 .timescale 0 0;
    .port_info 0 /INPUT 1 "clk";
    .port_info 1 /INPUT 1 "clr";
    .port_info 2 /INPUT 1 "carry";
    .port_info 3 /INPUT 1 "zero";
    .port_info 4 /INPUT 8 "ir";
    .port_info 5 /OUTPUT 1 "rw";
    .port_info 6 /OUTPUT 5 "alu";
    .port_info 7 /OUTPUT 1 "muxa";
    .port_info 8 /OUTPUT 1 "muxb";
    .port_info 9 /OUTPUT 1 "muxc";
    .port_info 10 /OUTPUT 1 "en_ir";
    .port_info 11 /OUTPUT 1 "en_da";
    .port_info 12 /OUTPUT 1 "en_pc";
v0x5571975cd680_0 .var "add", 0 0;
v0x5571975cdd60_0 .var "alu", 4 0;
v0x5571975f00a0_0 .var "bitand", 0 0;
o0x7ff0f7ba20a8 .functor BUFZ 1, C4<z>; HiZ drive
v0x5571975f0140_0 .net "carry", 0 0, o0x7ff0f7ba20a8;  0 drivers
o0x7ff0f7ba20d8 .functor BUFZ 1, C4<z>; HiZ drive
v0x5571975f0200_0 .net "clk", 0 0, o0x7ff0f7ba20d8;  0 drivers
o0x7ff0f7ba2108 .functor BUFZ 1, C4<z>; HiZ drive
v0x5571975f02c0_0 .net "clr", 0 0, o0x7ff0f7ba2108;  0 drivers
v0x5571975f0380_0 .net "d", 0 0, L_0x5571975f19a0;  1 drivers
v0x5571975f0440_0 .var "decexe", 0 0;
v0x5571975f0500_0 .net "e", 0 0, L_0x5571975f1a40;  1 drivers
v0x5571975f0650_0 .var "en_da", 0 0;
v0x5571975f0710_0 .var "en_ir", 0 0;
v0x5571975f07d0_0 .var "en_pc", 0 0;
v0x5571975f0890_0 .net "f", 0 0, L_0x5571975f1900;  1 drivers
v0x5571975f0950_0 .net "i", 0 0, L_0x5571975f1ae0;  1 drivers
v0x5571975f0a10_0 .var "inp", 0 0;
o0x7ff0f7ba22e8 .functor BUFZ 8, C4<zzzzzzzz>; HiZ drive
v0x5571975f0ad0_0 .net "ir", 7 0, o0x7ff0f7ba22e8;  0 drivers
v0x5571975f0bb0_0 .var "jump", 0 0;
v0x5571975f0d80_0 .var "jumpc", 0 0;
v0x5571975f0e40_0 .var "jumpnc", 0 0;
v0x5571975f0f00_0 .var "jumpnz", 0 0;
v0x5571975f0fc0_0 .var "jumpz", 0 0;
v0x5571975f1080_0 .var "load", 0 0;
v0x5571975f1140_0 .var "muxa", 0 0;
v0x5571975f1200_0 .var "muxb", 0 0;
v0x5571975f12c0_0 .var "muxc", 0 0;
v0x5571975f1380_0 .var "outp", 0 0;
v0x5571975f1440_0 .var "rw", 0 0;
v0x5571975f1500_0 .var "state", 3 0;
v0x5571975f15e0_0 .var "sub", 0 0;
o0x7ff0f7ba2588 .functor BUFZ 1, C4<z>; HiZ drive
v0x5571975f16a0_0 .net "zero", 0 0, o0x7ff0f7ba2588;  0 drivers
E_0x5571975a7110/0 .event edge, v0x5571975f0500_0, v0x5571975f1080_0, v0x5571975cd680_0, v0x5571975f15e0_0;
E_0x5571975a7110/1 .event edge, v0x5571975f00a0_0, v0x5571975f0a10_0;
E_0x5571975a7110 .event/or E_0x5571975a7110/0, E_0x5571975a7110/1;
E_0x557197593b10 .event edge, v0x5571975f0890_0;
E_0x557197593aa0 .event edge, v0x5571975f0a10_0, v0x5571975f1380_0;
E_0x5571975abf30 .event edge, v0x5571975f1080_0, v0x5571975cd680_0, v0x5571975f00a0_0, v0x5571975f15e0_0;
E_0x5571975a5350 .event edge, v0x5571975f0950_0;
E_0x55719758fa10 .event edge, v0x5571975f15e0_0;
E_0x5571975a5310 .event edge, v0x5571975f0950_0, v0x5571975f15e0_0;
E_0x5571975abef0/0 .event edge, v0x5571975f1380_0, v0x5571975f0a10_0, v0x5571975f1080_0, v0x5571975f0bb0_0;
E_0x5571975abef0/1 .event edge, v0x5571975f0d80_0, v0x5571975f0e40_0, v0x5571975f0fc0_0, v0x5571975f0f00_0;
E_0x5571975abef0 .event/or E_0x5571975abef0/0, E_0x5571975abef0/1;
E_0x5571975935f0/0 .event edge, v0x5571975f00a0_0, v0x5571975f0a10_0, v0x5571975f1080_0, v0x5571975f0bb0_0;
E_0x5571975935f0/1 .event edge, v0x5571975f0d80_0, v0x5571975f0e40_0, v0x5571975f0fc0_0, v0x5571975f0f00_0;
E_0x5571975935f0 .event/or E_0x5571975935f0/0, E_0x5571975935f0/1;
E_0x5571975a70d0 .event edge, v0x5571975f0500_0, v0x5571975f1380_0;
E_0x5571975a5860 .event edge, v0x5571975f0ad0_0, v0x5571975f0440_0;
E_0x5571975aa350 .event edge, v0x5571975f0380_0, v0x5571975f0500_0;
E_0x5571975d0130/0 .event negedge, v0x5571975f02c0_0;
E_0x5571975d0130/1 .event posedge, v0x5571975f0200_0;
E_0x5571975d0130 .event/or E_0x5571975d0130/0, E_0x5571975d0130/1;
L_0x5571975f1900 .part v0x5571975f1500_0, 3, 1;
L_0x5571975f19a0 .part v0x5571975f1500_0, 2, 1;
L_0x5571975f1a40 .part v0x5571975f1500_0, 1, 1;
L_0x5571975f1ae0 .part v0x5571975f1500_0, 0, 1;
    .scope S_0x55719756bd90;
T_0 ;
    %wait E_0x5571975d0130;
    %load/vec4 v0x5571975f02c0_0;
    %cmpi/e 0, 0, 1;
    %jmp/0xz  T_0.0, 6;
    %pushi/vec4 0, 0, 4;
    %assign/vec4 v0x5571975f1500_0, 0;
    %jmp T_0.1;
T_0.0 ;
    %load/vec4 v0x5571975f1500_0;
    %dup/vec4;
    %pushi/vec4 0, 0, 4;
    %cmp/u;
    %jmp/1 T_0.2, 6;
    %dup/vec4;
    %pushi/vec4 8, 0, 4;
    %cmp/u;
    %jmp/1 T_0.3, 6;
    %dup/vec4;
    %pushi/vec4 4, 0, 4;
    %cmp/u;
    %jmp/1 T_0.4, 6;
    %dup/vec4;
    %pushi/vec4 2, 0, 4;
    %cmp/u;
    %jmp/1 T_0.5, 6;
    %dup/vec4;
    %pushi/vec4 1, 0, 4;
    %cmp/u;
    %jmp/1 T_0.6, 6;
    %pushi/vec4 0, 0, 4;
    %assign/vec4 v0x5571975f1500_0, 0;
    %jmp T_0.8;
T_0.2 ;
    %pushi/vec4 8, 0, 4;
    %assign/vec4 v0x5571975f1500_0, 0;
    %jmp T_0.8;
T_0.3 ;
    %pushi/vec4 4, 0, 4;
    %assign/vec4 v0x5571975f1500_0, 0;
    %jmp T_0.8;
T_0.4 ;
    %pushi/vec4 2, 0, 4;
    %assign/vec4 v0x5571975f1500_0, 0;
    %jmp T_0.8;
T_0.5 ;
    %pushi/vec4 1, 0, 4;
    %assign/vec4 v0x5571975f1500_0, 0;
    %jmp T_0.8;
T_0.6 ;
    %pushi/vec4 8, 0, 4;
    %assign/vec4 v0x5571975f1500_0, 0;
    %jmp T_0.8;
T_0.8 ;
    %pop/vec4 1;
T_0.1 ;
    %jmp T_0;
    .thread T_0;
    .scope S_0x55719756bd90;
T_1 ;
    %wait E_0x5571975aa350;
    %load/vec4 v0x5571975f0380_0;
    %flag_set/vec4 8;
    %load/vec4 v0x5571975f0500_0;
    %cmpi/e 1, 0, 1;
    %flag_or 6, 8;
    %jmp/0xz  T_1.0, 6;
    %pushi/vec4 1, 0, 1;
    %assign/vec4 v0x5571975f0440_0, 0;
    %jmp T_1.1;
T_1.0 ;
    %pushi/vec4 0, 0, 1;
    %assign/vec4 v0x5571975f0440_0, 0;
T_1.1 ;
    %jmp T_1;
    .thread T_1, $push;
    .scope S_0x55719756bd90;
T_2 ;
    %wait E_0x5571975a5860;
    %load/vec4 v0x5571975f0ad0_0;
    %parti/s 4, 4, 4;
    %dup/vec4;
    %pushi/vec4 0, 0, 4;
    %cmp/u;
    %jmp/1 T_2.0, 6;
    %dup/vec4;
    %pushi/vec4 4, 0, 4;
    %cmp/u;
    %jmp/1 T_2.1, 6;
    %dup/vec4;
    %pushi/vec4 1, 0, 4;
    %cmp/u;
    %jmp/1 T_2.2, 6;
    %dup/vec4;
    %pushi/vec4 6, 0, 4;
    %cmp/u;
    %jmp/1 T_2.3, 6;
    %dup/vec4;
    %pushi/vec4 10, 0, 4;
    %cmp/u;
    %jmp/1 T_2.4, 6;
    %dup/vec4;
    %pushi/vec4 14, 0, 4;
    %cmp/u;
    %jmp/1 T_2.5, 6;
    %dup/vec4;
    %pushi/vec4 8, 0, 4;
    %cmp/u;
    %jmp/1 T_2.6, 6;
    %dup/vec4;
    %pushi/vec4 9, 0, 4;
    %cmp/u;
    %jmp/1 T_2.7, 6;
    %jmp T_2.8;
T_2.0 ;
    %load/vec4 v0x5571975f0440_0;
    %assign/vec4 v0x5571975f1080_0, 0;
    %pushi/vec4 0, 0, 1;
    %assign/vec4 v0x5571975f0a10_0, 0;
    %pushi/vec4 0, 0, 1;
    %assign/vec4 v0x5571975f1380_0, 0;
    %pushi/vec4 0, 0, 1;
    %assign/vec4 v0x5571975f15e0_0, 0;
    %pushi/vec4 0, 0, 1;
    %assign/vec4 v0x5571975cd680_0, 0;
    %pushi/vec4 0, 0, 1;
    %assign/vec4 v0x5571975f00a0_0, 0;
    %pushi/vec4 0, 0, 1;
    %assign/vec4 v0x5571975f0bb0_0, 0;
    %pushi/vec4 0, 0, 1;
    %assign/vec4 v0x5571975f0fc0_0, 0;
    %pushi/vec4 0, 0, 1;
    %assign/vec4 v0x5571975f0f00_0, 0;
    %pushi/vec4 0, 0, 1;
    %assign/vec4 v0x5571975f0d80_0, 0;
    %pushi/vec4 0, 0, 1;
    %assign/vec4 v0x5571975f0e40_0, 0;
    %jmp T_2.8;
T_2.1 ;
    %load/vec4 v0x5571975f0440_0;
    %assign/vec4 v0x5571975cd680_0, 0;
    %pushi/vec4 0, 0, 1;
    %assign/vec4 v0x5571975f0a10_0, 0;
    %pushi/vec4 0, 0, 1;
    %assign/vec4 v0x5571975f1380_0, 0;
    %pushi/vec4 0, 0, 1;
    %assign/vec4 v0x5571975f15e0_0, 0;
    %pushi/vec4 0, 0, 1;
    %assign/vec4 v0x5571975f1080_0, 0;
    %pushi/vec4 0, 0, 1;
    %assign/vec4 v0x5571975f00a0_0, 0;
    %pushi/vec4 0, 0, 1;
    %assign/vec4 v0x5571975f0bb0_0, 0;
    %pushi/vec4 0, 0, 1;
    %assign/vec4 v0x5571975f0fc0_0, 0;
    %pushi/vec4 0, 0, 1;
    %assign/vec4 v0x5571975f0f00_0, 0;
    %pushi/vec4 0, 0, 1;
    %assign/vec4 v0x5571975f0d80_0, 0;
    %pushi/vec4 0, 0, 1;
    %assign/vec4 v0x5571975f0e40_0, 0;
    %jmp T_2.8;
T_2.2 ;
    %load/vec4 v0x5571975f0440_0;
    %assign/vec4 v0x5571975f00a0_0, 0;
    %pushi/vec4 0, 0, 1;
    %assign/vec4 v0x5571975f0a10_0, 0;
    %pushi/vec4 0, 0, 1;
    %assign/vec4 v0x5571975f1380_0, 0;
    %pushi/vec4 0, 0, 1;
    %assign/vec4 v0x5571975f15e0_0, 0;
    %pushi/vec4 0, 0, 1;
    %assign/vec4 v0x5571975f1080_0, 0;
    %pushi/vec4 0, 0, 1;
    %assign/vec4 v0x5571975cd680_0, 0;
    %pushi/vec4 0, 0, 1;
    %assign/vec4 v0x5571975f0bb0_0, 0;
    %pushi/vec4 0, 0, 1;
    %assign/vec4 v0x5571975f0fc0_0, 0;
    %pushi/vec4 0, 0, 1;
    %assign/vec4 v0x5571975f0f00_0, 0;
    %pushi/vec4 0, 0, 1;
    %assign/vec4 v0x5571975f0d80_0, 0;
    %pushi/vec4 0, 0, 1;
    %assign/vec4 v0x5571975f0e40_0, 0;
    %jmp T_2.8;
T_2.3 ;
    %load/vec4 v0x5571975f0440_0;
    %assign/vec4 v0x5571975f15e0_0, 0;
    %pushi/vec4 0, 0, 1;
    %assign/vec4 v0x5571975f0a10_0, 0;
    %pushi/vec4 0, 0, 1;
    %assign/vec4 v0x5571975f1380_0, 0;
    %pushi/vec4 0, 0, 1;
    %assign/vec4 v0x5571975cd680_0, 0;
    %pushi/vec4 0, 0, 1;
    %assign/vec4 v0x5571975f1080_0, 0;
    %pushi/vec4 0, 0, 1;
    %assign/vec4 v0x5571975f00a0_0, 0;
    %pushi/vec4 0, 0, 1;
    %assign/vec4 v0x5571975f0bb0_0, 0;
    %pushi/vec4 0, 0, 1;
    %assign/vec4 v0x5571975f0fc0_0, 0;
    %pushi/vec4 0, 0, 1;
    %assign/vec4 v0x5571975f0f00_0, 0;
    %pushi/vec4 0, 0, 1;
    %assign/vec4 v0x5571975f0d80_0, 0;
    %pushi/vec4 0, 0, 1;
    %assign/vec4 v0x5571975f0e40_0, 0;
    %jmp T_2.8;
T_2.4 ;
    %load/vec4 v0x5571975f0440_0;
    %assign/vec4 v0x5571975f0a10_0, 0;
    %pushi/vec4 0, 0, 1;
    %assign/vec4 v0x5571975cd680_0, 0;
    %pushi/vec4 0, 0, 1;
    %assign/vec4 v0x5571975f1380_0, 0;
    %pushi/vec4 0, 0, 1;
    %assign/vec4 v0x5571975f15e0_0, 0;
    %pushi/vec4 0, 0, 1;
    %assign/vec4 v0x5571975f1080_0, 0;
    %pushi/vec4 0, 0, 1;
    %assign/vec4 v0x5571975f00a0_0, 0;
    %pushi/vec4 0, 0, 1;
    %assign/vec4 v0x5571975f0bb0_0, 0;
    %pushi/vec4 0, 0, 1;
    %assign/vec4 v0x5571975f0fc0_0, 0;
    %pushi/vec4 0, 0, 1;
    %assign/vec4 v0x5571975f0f00_0, 0;
    %pushi/vec4 0, 0, 1;
    %assign/vec4 v0x5571975f0d80_0, 0;
    %pushi/vec4 0, 0, 1;
    %assign/vec4 v0x5571975f0e40_0, 0;
    %jmp T_2.8;
T_2.5 ;
    %load/vec4 v0x5571975f0440_0;
    %assign/vec4 v0x5571975f1380_0, 0;
    %pushi/vec4 0, 0, 1;
    %assign/vec4 v0x5571975f0a10_0, 0;
    %pushi/vec4 0, 0, 1;
    %assign/vec4 v0x5571975cd680_0, 0;
    %pushi/vec4 0, 0, 1;
    %assign/vec4 v0x5571975f15e0_0, 0;
    %pushi/vec4 0, 0, 1;
    %assign/vec4 v0x5571975f1080_0, 0;
    %pushi/vec4 0, 0, 1;
    %assign/vec4 v0x5571975f00a0_0, 0;
    %pushi/vec4 0, 0, 1;
    %assign/vec4 v0x5571975f0bb0_0, 0;
    %pushi/vec4 0, 0, 1;
    %assign/vec4 v0x5571975f0fc0_0, 0;
    %pushi/vec4 0, 0, 1;
    %assign/vec4 v0x5571975f0f00_0, 0;
    %pushi/vec4 0, 0, 1;
    %assign/vec4 v0x5571975f0d80_0, 0;
    %pushi/vec4 0, 0, 1;
    %assign/vec4 v0x5571975f0e40_0, 0;
    %jmp T_2.8;
T_2.6 ;
    %load/vec4 v0x5571975f0440_0;
    %assign/vec4 v0x5571975f0bb0_0, 0;
    %pushi/vec4 0, 0, 1;
    %assign/vec4 v0x5571975f0a10_0, 0;
    %pushi/vec4 0, 0, 1;
    %assign/vec4 v0x5571975f1380_0, 0;
    %pushi/vec4 0, 0, 1;
    %assign/vec4 v0x5571975f15e0_0, 0;
    %pushi/vec4 0, 0, 1;
    %assign/vec4 v0x5571975f1080_0, 0;
    %pushi/vec4 0, 0, 1;
    %assign/vec4 v0x5571975f00a0_0, 0;
    %pushi/vec4 0, 0, 1;
    %assign/vec4 v0x5571975cd680_0, 0;
    %pushi/vec4 0, 0, 1;
    %assign/vec4 v0x5571975f0fc0_0, 0;
    %pushi/vec4 0, 0, 1;
    %assign/vec4 v0x5571975f0f00_0, 0;
    %pushi/vec4 0, 0, 1;
    %assign/vec4 v0x5571975f0d80_0, 0;
    %pushi/vec4 0, 0, 1;
    %assign/vec4 v0x5571975f0e40_0, 0;
    %jmp T_2.8;
T_2.7 ;
    %load/vec4 v0x5571975f0ad0_0;
    %parti/s 2, 2, 3;
    %dup/vec4;
    %pushi/vec4 0, 0, 2;
    %cmp/u;
    %jmp/1 T_2.9, 6;
    %dup/vec4;
    %pushi/vec4 2, 0, 2;
    %cmp/u;
    %jmp/1 T_2.10, 6;
    %dup/vec4;
    %pushi/vec4 1, 0, 2;
    %cmp/u;
    %jmp/1 T_2.11, 6;
    %dup/vec4;
    %pushi/vec4 3, 0, 2;
    %cmp/u;
    %jmp/1 T_2.12, 6;
    %pushi/vec4 0, 0, 1;
    %assign/vec4 v0x5571975f0e40_0, 0;
    %pushi/vec4 0, 0, 1;
    %assign/vec4 v0x5571975f0a10_0, 0;
    %pushi/vec4 0, 0, 1;
    %assign/vec4 v0x5571975f1380_0, 0;
    %pushi/vec4 0, 0, 1;
    %assign/vec4 v0x5571975f15e0_0, 0;
    %pushi/vec4 0, 0, 1;
    %assign/vec4 v0x5571975f1080_0, 0;
    %pushi/vec4 0, 0, 1;
    %assign/vec4 v0x5571975f00a0_0, 0;
    %pushi/vec4 0, 0, 1;
    %assign/vec4 v0x5571975f0bb0_0, 0;
    %pushi/vec4 0, 0, 1;
    %assign/vec4 v0x5571975f0fc0_0, 0;
    %pushi/vec4 0, 0, 1;
    %assign/vec4 v0x5571975f0f00_0, 0;
    %pushi/vec4 0, 0, 1;
    %assign/vec4 v0x5571975f0d80_0, 0;
    %pushi/vec4 0, 0, 1;
    %assign/vec4 v0x5571975cd680_0, 0;
    %jmp T_2.14;
T_2.9 ;
    %load/vec4 v0x5571975f0440_0;
    %assign/vec4 v0x5571975f0fc0_0, 0;
    %pushi/vec4 0, 0, 1;
    %assign/vec4 v0x5571975f0a10_0, 0;
    %pushi/vec4 0, 0, 1;
    %assign/vec4 v0x5571975f1380_0, 0;
    %pushi/vec4 0, 0, 1;
    %assign/vec4 v0x5571975f15e0_0, 0;
    %pushi/vec4 0, 0, 1;
    %assign/vec4 v0x5571975f1080_0, 0;
    %pushi/vec4 0, 0, 1;
    %assign/vec4 v0x5571975f00a0_0, 0;
    %pushi/vec4 0, 0, 1;
    %assign/vec4 v0x5571975f0bb0_0, 0;
    %pushi/vec4 0, 0, 1;
    %assign/vec4 v0x5571975cd680_0, 0;
    %pushi/vec4 0, 0, 1;
    %assign/vec4 v0x5571975f0f00_0, 0;
    %pushi/vec4 0, 0, 1;
    %assign/vec4 v0x5571975f0d80_0, 0;
    %pushi/vec4 0, 0, 1;
    %assign/vec4 v0x5571975f0e40_0, 0;
    %jmp T_2.14;
T_2.10 ;
    %load/vec4 v0x5571975f0440_0;
    %assign/vec4 v0x5571975f0d80_0, 0;
    %pushi/vec4 0, 0, 1;
    %assign/vec4 v0x5571975f0a10_0, 0;
    %pushi/vec4 0, 0, 1;
    %assign/vec4 v0x5571975f1380_0, 0;
    %pushi/vec4 0, 0, 1;
    %assign/vec4 v0x5571975f15e0_0, 0;
    %pushi/vec4 0, 0, 1;
    %assign/vec4 v0x5571975f1080_0, 0;
    %pushi/vec4 0, 0, 1;
    %assign/vec4 v0x5571975f00a0_0, 0;
    %pushi/vec4 0, 0, 1;
    %assign/vec4 v0x5571975f0bb0_0, 0;
    %pushi/vec4 0, 0, 1;
    %assign/vec4 v0x5571975f0fc0_0, 0;
    %pushi/vec4 0, 0, 1;
    %assign/vec4 v0x5571975f0f00_0, 0;
    %pushi/vec4 0, 0, 1;
    %assign/vec4 v0x5571975cd680_0, 0;
    %pushi/vec4 0, 0, 1;
    %assign/vec4 v0x5571975f0e40_0, 0;
    %jmp T_2.14;
T_2.11 ;
    %load/vec4 v0x5571975f0440_0;
    %assign/vec4 v0x5571975f0f00_0, 0;
    %pushi/vec4 0, 0, 1;
    %assign/vec4 v0x5571975f0a10_0, 0;
    %pushi/vec4 0, 0, 1;
    %assign/vec4 v0x5571975f1380_0, 0;
    %pushi/vec4 0, 0, 1;
    %assign/vec4 v0x5571975f15e0_0, 0;
    %pushi/vec4 0, 0, 1;
    %assign/vec4 v0x5571975f1080_0, 0;
    %pushi/vec4 0, 0, 1;
    %assign/vec4 v0x5571975f00a0_0, 0;
    %pushi/vec4 0, 0, 1;
    %assign/vec4 v0x5571975f0bb0_0, 0;
    %pushi/vec4 0, 0, 1;
    %assign/vec4 v0x5571975f0fc0_0, 0;
    %pushi/vec4 0, 0, 1;
    %assign/vec4 v0x5571975cd680_0, 0;
    %pushi/vec4 0, 0, 1;
    %assign/vec4 v0x5571975f0d80_0, 0;
    %pushi/vec4 0, 0, 1;
    %assign/vec4 v0x5571975f0e40_0, 0;
    %jmp T_2.14;
T_2.12 ;
    %load/vec4 v0x5571975f0440_0;
    %assign/vec4 v0x5571975f0e40_0, 0;
    %pushi/vec4 0, 0, 1;
    %assign/vec4 v0x5571975f0a10_0, 0;
    %pushi/vec4 0, 0, 1;
    %assign/vec4 v0x5571975f1380_0, 0;
    %pushi/vec4 0, 0, 1;
    %assign/vec4 v0x5571975f15e0_0, 0;
    %pushi/vec4 0, 0, 1;
    %assign/vec4 v0x5571975f1080_0, 0;
    %pushi/vec4 0, 0, 1;
    %assign/vec4 v0x5571975f00a0_0, 0;
    %pushi/vec4 0, 0, 1;
    %assign/vec4 v0x5571975f0bb0_0, 0;
    %pushi/vec4 0, 0, 1;
    %assign/vec4 v0x5571975f0fc0_0, 0;
    %pushi/vec4 0, 0, 1;
    %assign/vec4 v0x5571975f0f00_0, 0;
    %pushi/vec4 0, 0, 1;
    %assign/vec4 v0x5571975f0d80_0, 0;
    %pushi/vec4 0, 0, 1;
    %assign/vec4 v0x5571975cd680_0, 0;
    %jmp T_2.14;
T_2.14 ;
    %pop/vec4 1;
    %jmp T_2.8;
T_2.8 ;
    %pop/vec4 1;
    %jmp T_2;
    .thread T_2, $push;
    .scope S_0x55719756bd90;
T_3 ;
    %wait E_0x5571975a70d0;
    %load/vec4 v0x5571975f0500_0;
    %load/vec4 v0x5571975f1380_0;
    %pushi/vec4 1, 0, 1;
    %cmp/e;
    %flag_get/vec4 6;
    %and;
    %flag_set/vec4 8;
    %jmp/0xz  T_3.0, 8;
    %pushi/vec4 1, 0, 1;
    %assign/vec4 v0x5571975f1440_0, 0;
    %jmp T_3.1;
T_3.0 ;
    %pushi/vec4 0, 0, 1;
    %assign/vec4 v0x5571975f1440_0, 0;
T_3.1 ;
    %jmp T_3;
    .thread T_3, $push;
    .scope S_0x55719756bd90;
T_4 ;
    %wait E_0x5571975935f0;
    %load/vec4 v0x5571975f00a0_0;
    %load/vec4 v0x5571975f0a10_0;
    %or;
    %load/vec4 v0x5571975f1080_0;
    %or;
    %load/vec4 v0x5571975f0bb0_0;
    %or;
    %load/vec4 v0x5571975f0d80_0;
    %or;
    %load/vec4 v0x5571975f0e40_0;
    %or;
    %load/vec4 v0x5571975f0fc0_0;
    %or;
    %load/vec4 v0x5571975f0f00_0;
    %or;
    %cmpi/e 1, 0, 1;
    %jmp/0xz  T_4.0, 6;
    %pushi/vec4 1, 0, 1;
    %ix/load 4, 0, 0;
    %ix/load 5, 0, 0;
    %flag_set/imm 4, 0;
    %assign/vec4/off/d v0x5571975cdd60_0, 4, 5;
    %jmp T_4.1;
T_4.0 ;
    %pushi/vec4 0, 0, 1;
    %ix/load 4, 0, 0;
    %ix/load 5, 0, 0;
    %flag_set/imm 4, 0;
    %assign/vec4/off/d v0x5571975cdd60_0, 4, 5;
T_4.1 ;
    %jmp T_4;
    .thread T_4, $push;
    .scope S_0x55719756bd90;
T_5 ;
    %wait E_0x5571975abef0;
    %load/vec4 v0x5571975f1380_0;
    %load/vec4 v0x5571975f0a10_0;
    %or;
    %load/vec4 v0x5571975f1080_0;
    %or;
    %load/vec4 v0x5571975f0bb0_0;
    %or;
    %load/vec4 v0x5571975f0d80_0;
    %or;
    %load/vec4 v0x5571975f0e40_0;
    %or;
    %load/vec4 v0x5571975f0fc0_0;
    %or;
    %load/vec4 v0x5571975f0f00_0;
    %or;
    %cmpi/e 1, 0, 1;
    %jmp/0xz  T_5.0, 6;
    %pushi/vec4 1, 0, 1;
    %ix/load 4, 1, 0;
    %ix/load 5, 0, 0;
    %flag_set/imm 4, 0;
    %assign/vec4/off/d v0x5571975cdd60_0, 4, 5;
    %jmp T_5.1;
T_5.0 ;
    %pushi/vec4 0, 0, 1;
    %ix/load 4, 1, 0;
    %ix/load 5, 0, 0;
    %flag_set/imm 4, 0;
    %assign/vec4/off/d v0x5571975cdd60_0, 4, 5;
T_5.1 ;
    %jmp T_5;
    .thread T_5, $push;
    .scope S_0x55719756bd90;
T_6 ;
    %wait E_0x5571975a5310;
    %load/vec4 v0x5571975f0950_0;
    %load/vec4 v0x5571975f15e0_0;
    %pushi/vec4 1, 0, 1;
    %cmp/e;
    %flag_get/vec4 6;
    %or;
    %flag_set/vec4 8;
    %jmp/0xz  T_6.0, 8;
    %pushi/vec4 1, 0, 1;
    %ix/load 4, 2, 0;
    %ix/load 5, 0, 0;
    %flag_set/imm 4, 0;
    %assign/vec4/off/d v0x5571975cdd60_0, 4, 5;
    %jmp T_6.1;
T_6.0 ;
    %pushi/vec4 0, 0, 1;
    %ix/load 4, 2, 0;
    %ix/load 5, 0, 0;
    %flag_set/imm 4, 0;
    %assign/vec4/off/d v0x5571975cdd60_0, 4, 5;
T_6.1 ;
    %jmp T_6;
    .thread T_6, $push;
    .scope S_0x55719756bd90;
T_7 ;
    %wait E_0x55719758fa10;
    %load/vec4 v0x5571975f15e0_0;
    %cmpi/e 1, 0, 1;
    %jmp/0xz  T_7.0, 6;
    %pushi/vec4 1, 0, 1;
    %ix/load 4, 3, 0;
    %ix/load 5, 0, 0;
    %flag_set/imm 4, 0;
    %assign/vec4/off/d v0x5571975cdd60_0, 4, 5;
    %jmp T_7.1;
T_7.0 ;
    %pushi/vec4 0, 0, 1;
    %ix/load 4, 3, 0;
    %ix/load 5, 0, 0;
    %flag_set/imm 4, 0;
    %assign/vec4/off/d v0x5571975cdd60_0, 4, 5;
T_7.1 ;
    %jmp T_7;
    .thread T_7, $push;
    .scope S_0x55719756bd90;
T_8 ;
    %wait E_0x5571975a5350;
    %load/vec4 v0x5571975f0950_0;
    %cmpi/e 1, 0, 1;
    %jmp/0xz  T_8.0, 6;
    %pushi/vec4 1, 0, 1;
    %ix/load 4, 4, 0;
    %ix/load 5, 0, 0;
    %flag_set/imm 4, 0;
    %assign/vec4/off/d v0x5571975cdd60_0, 4, 5;
    %jmp T_8.1;
T_8.0 ;
    %pushi/vec4 0, 0, 1;
    %ix/load 4, 4, 0;
    %ix/load 5, 0, 0;
    %flag_set/imm 4, 0;
    %assign/vec4/off/d v0x5571975cdd60_0, 4, 5;
T_8.1 ;
    %jmp T_8;
    .thread T_8, $push;
    .scope S_0x55719756bd90;
T_9 ;
    %wait E_0x5571975a5350;
    %load/vec4 v0x5571975f0950_0;
    %cmpi/e 1, 0, 1;
    %jmp/0xz  T_9.0, 6;
    %pushi/vec4 1, 0, 1;
    %assign/vec4 v0x5571975f1140_0, 0;
    %jmp T_9.1;
T_9.0 ;
    %pushi/vec4 0, 0, 1;
    %assign/vec4 v0x5571975f1140_0, 0;
T_9.1 ;
    %jmp T_9;
    .thread T_9, $push;
    .scope S_0x55719756bd90;
T_10 ;
    %wait E_0x5571975a5350;
    %load/vec4 v0x5571975f0950_0;
    %cmpi/e 1, 0, 1;
    %jmp/0xz  T_10.0, 6;
    %pushi/vec4 1, 0, 1;
    %assign/vec4 v0x5571975f1140_0, 0;
    %jmp T_10.1;
T_10.0 ;
    %pushi/vec4 0, 0, 1;
    %assign/vec4 v0x5571975f1140_0, 0;
T_10.1 ;
    %jmp T_10;
    .thread T_10, $push;
    .scope S_0x55719756bd90;
T_11 ;
    %wait E_0x5571975abf30;
    %load/vec4 v0x5571975f1080_0;
    %load/vec4 v0x5571975cd680_0;
    %or;
    %load/vec4 v0x5571975f00a0_0;
    %or;
    %load/vec4 v0x5571975f15e0_0;
    %or;
    %cmpi/e 1, 0, 1;
    %jmp/0xz  T_11.0, 6;
    %pushi/vec4 1, 0, 1;
    %assign/vec4 v0x5571975f1200_0, 0;
    %jmp T_11.1;
T_11.0 ;
    %pushi/vec4 0, 0, 1;
    %assign/vec4 v0x5571975f1200_0, 0;
T_11.1 ;
    %jmp T_11;
    .thread T_11, $push;
    .scope S_0x55719756bd90;
T_12 ;
    %wait E_0x557197593aa0;
    %load/vec4 v0x5571975f0a10_0;
    %load/vec4 v0x5571975f1380_0;
    %or;
    %cmpi/e 1, 0, 1;
    %jmp/0xz  T_12.0, 6;
    %pushi/vec4 1, 0, 1;
    %assign/vec4 v0x5571975f12c0_0, 0;
    %jmp T_12.1;
T_12.0 ;
    %pushi/vec4 0, 0, 1;
    %assign/vec4 v0x5571975f12c0_0, 0;
T_12.1 ;
    %jmp T_12;
    .thread T_12, $push;
    .scope S_0x55719756bd90;
T_13 ;
    %wait E_0x557197593b10;
    %load/vec4 v0x5571975f0890_0;
    %cmpi/e 1, 0, 1;
    %jmp/0xz  T_13.0, 6;
    %pushi/vec4 1, 0, 1;
    %assign/vec4 v0x5571975f0710_0, 0;
    %jmp T_13.1;
T_13.0 ;
    %pushi/vec4 0, 0, 1;
    %assign/vec4 v0x5571975f0710_0, 0;
T_13.1 ;
    %jmp T_13;
    .thread T_13, $push;
    .scope S_0x55719756bd90;
T_14 ;
    %wait E_0x5571975a7110;
    %load/vec4 v0x5571975f0500_0;
    %load/vec4 v0x5571975f1080_0;
    %load/vec4 v0x5571975cd680_0;
    %or;
    %load/vec4 v0x5571975f15e0_0;
    %or;
    %load/vec4 v0x5571975f00a0_0;
    %or;
    %load/vec4 v0x5571975f0a10_0;
    %or;
    %and;
    %cmpi/e 1, 0, 1;
    %jmp/0xz  T_14.0, 6;
    %pushi/vec4 1, 0, 1;
    %assign/vec4 v0x5571975f0650_0, 0;
    %jmp T_14.1;
T_14.0 ;
    %pushi/vec4 0, 0, 1;
    %assign/vec4 v0x5571975f0650_0, 0;
T_14.1 ;
    %jmp T_14;
    .thread T_14, $push;
# The file index is used to find the file name in the following table.
:file_names 3;
    "N/A";
    "<interactive>";
    "decoder.v";
