#! /usr/bin/vvp
:ivl_version "11.0 (stable)";
:ivl_delay_selection "TYPICAL";
:vpi_time_precision + 0;
:vpi_module "/usr/lib/x86_64-linux-gnu/ivl/system.vpi";
:vpi_module "/usr/lib/x86_64-linux-gnu/ivl/vhdl_sys.vpi";
:vpi_module "/usr/lib/x86_64-linux-gnu/ivl/vhdl_textio.vpi";
:vpi_module "/usr/lib/x86_64-linux-gnu/ivl/v2005_math.vpi";
:vpi_module "/usr/lib/x86_64-linux-gnu/ivl/va_math.vpi";
S_0x557c0c9fa350 .scope module, "decoder_tb" "decoder_tb" 2 1;
 .timescale 0 0;
v0x557c0ca2c180_0 .net "tstalu", 4 0, v0x557c0c9bec20_0;  1 drivers
v0x557c0ca2c260_0 .var "tstcarry", 0 0;
v0x557c0ca2c300_0 .var "tstclk", 0 0;
v0x557c0ca2c3a0_0 .var "tstclr", 0 0;
v0x557c0ca2c440_0 .net "tsten_da", 0 0, v0x557c0ca2ab90_0;  1 drivers
v0x557c0ca2c4e0_0 .net "tsten_ir", 0 0, v0x557c0ca2ac50_0;  1 drivers
v0x557c0ca2c580_0 .net "tsten_pc", 0 0, v0x557c0ca2ad10_0;  1 drivers
v0x557c0ca2c620_0 .var "tstir", 7 0;
v0x557c0ca2c6f0_0 .net "tstmuxa", 0 0, v0x557c0ca2b6f0_0;  1 drivers
v0x557c0ca2c7c0_0 .net "tstmuxb", 0 0, v0x557c0ca2b7b0_0;  1 drivers
v0x557c0ca2c890_0 .net "tstmuxc", 0 0, v0x557c0ca2b870_0;  1 drivers
v0x557c0ca2c960_0 .net "tstrw", 0 0, v0x557c0ca2b9f0_0;  1 drivers
v0x557c0ca2ca30_0 .var "tstzero", 0 0;
E_0x557c0c9cc350 .event posedge, v0x557c0c9c0050_0;
S_0x557c0c9fa4e0 .scope module, "dut" "decoder" 2 17, 3 1 0, S_0x557c0c9fa350;
 .timescale 0 0;
    .port_info 0 /INPUT 1 "clk";
    .port_info 1 /INPUT 1 "clr";
    .port_info 2 /INPUT 1 "carry";
    .port_info 3 /INPUT 1 "zero";
    .port_info 4 /INPUT 8 "ir";
    .port_info 5 /OUTPUT 1 "rw";
    .port_info 6 /OUTPUT 5 "alu";
    .port_info 7 /OUTPUT 1 "muxa";
    .port_info 8 /OUTPUT 1 "muxb";
    .port_info 9 /OUTPUT 1 "muxc";
    .port_info 10 /OUTPUT 1 "en_ir";
    .port_info 11 /OUTPUT 1 "en_da";
    .port_info 12 /OUTPUT 1 "en_pc";
v0x557c0c9beb50_0 .var "add", 0 0;
v0x557c0c9bec20_0 .var "alu", 4 0;
v0x557c0c9bf580_0 .var "bitand", 0 0;
v0x557c0c9bf650_0 .net "carry", 0 0, v0x557c0ca2c260_0;  1 drivers
v0x557c0c9bff80_0 .var "carry_reg", 0 0;
v0x557c0c9c0050_0 .net "clk", 0 0, v0x557c0ca2c300_0;  1 drivers
v0x557c0ca04ad0_0 .net "clr", 0 0, v0x557c0ca2c3a0_0;  1 drivers
v0x557c0ca2a950_0 .net "d", 0 0, L_0x557c0ca2cc00;  1 drivers
v0x557c0ca2aa10_0 .var "decexe", 0 0;
v0x557c0ca2aad0_0 .net "e", 0 0, L_0x557c0ca2ccd0;  1 drivers
v0x557c0ca2ab90_0 .var "en_da", 0 0;
v0x557c0ca2ac50_0 .var "en_ir", 0 0;
v0x557c0ca2ad10_0 .var "en_pc", 0 0;
v0x557c0ca2add0_0 .net "f", 0 0, L_0x557c0ca2cb00;  1 drivers
v0x557c0ca2ae90_0 .net "i", 0 0, L_0x557c0ca2cd70;  1 drivers
v0x557c0ca2af50_0 .var "inp", 0 0;
v0x557c0ca2b010_0 .net "ir", 7 0, v0x557c0ca2c620_0;  1 drivers
v0x557c0ca2b0f0_0 .var "jump", 0 0;
v0x557c0ca2b1b0_0 .var "jump_not_taken", 0 0;
v0x557c0ca2b270_0 .var "jump_taken", 0 0;
v0x557c0ca2b330_0 .var "jumpc", 0 0;
v0x557c0ca2b3f0_0 .var "jumpnc", 0 0;
v0x557c0ca2b4b0_0 .var "jumpnz", 0 0;
v0x557c0ca2b570_0 .var "jumpz", 0 0;
v0x557c0ca2b630_0 .var "load", 0 0;
v0x557c0ca2b6f0_0 .var "muxa", 0 0;
v0x557c0ca2b7b0_0 .var "muxb", 0 0;
v0x557c0ca2b870_0 .var "muxc", 0 0;
v0x557c0ca2b930_0 .var "outp", 0 0;
v0x557c0ca2b9f0_0 .var "rw", 0 0;
v0x557c0ca2bab0_0 .var "state", 3 0;
v0x557c0ca2bb90_0 .var "sub", 0 0;
v0x557c0ca2bc50_0 .net "zero", 0 0, v0x557c0ca2ca30_0;  1 drivers
v0x557c0ca2bf20_0 .var "zero_reg", 0 0;
E_0x557c0c9d3910 .event edge, v0x557c0ca2ae90_0, v0x557c0ca2b1b0_0, v0x557c0ca2aad0_0, v0x557c0ca2b270_0;
E_0x557c0c9b6a10/0 .event negedge, v0x557c0ca04ad0_0;
E_0x557c0c9b6a10/1 .event posedge, v0x557c0c9c0050_0;
E_0x557c0c9b6a10 .event/or E_0x557c0c9b6a10/0, E_0x557c0c9b6a10/1;
E_0x557c0ca0b1e0/0 .event edge, v0x557c0ca2b570_0, v0x557c0ca2bf20_0, v0x557c0ca2b4b0_0, v0x557c0ca2b330_0;
E_0x557c0ca0b1e0/1 .event edge, v0x557c0c9bff80_0, v0x557c0ca2b3f0_0, v0x557c0ca2b0f0_0;
E_0x557c0ca0b1e0 .event/or E_0x557c0ca0b1e0/0, E_0x557c0ca0b1e0/1;
E_0x557c0c9d48a0/0 .event edge, v0x557c0ca2aad0_0, v0x557c0ca2b630_0, v0x557c0c9beb50_0, v0x557c0ca2bb90_0;
E_0x557c0c9d48a0/1 .event edge, v0x557c0c9bf580_0, v0x557c0ca2af50_0;
E_0x557c0c9d48a0 .event/or E_0x557c0c9d48a0/0, E_0x557c0c9d48a0/1;
E_0x557c0c9cc310 .event edge, v0x557c0ca2add0_0;
E_0x557c0c9d1350 .event edge, v0x557c0ca2af50_0, v0x557c0ca2b930_0;
E_0x557c0c9d5380 .event edge, v0x557c0ca2b630_0, v0x557c0c9beb50_0, v0x557c0c9bf580_0, v0x557c0ca2bb90_0;
E_0x557c0c9d1ec0 .event edge, v0x557c0ca2ae90_0;
E_0x557c0c9d2e30 .event edge, v0x557c0ca2bb90_0;
E_0x557c0c9bc690 .event edge, v0x557c0ca2ae90_0, v0x557c0ca2bb90_0;
E_0x557c0c9bcb90/0 .event edge, v0x557c0ca2b930_0, v0x557c0ca2af50_0, v0x557c0ca2b630_0, v0x557c0ca2b0f0_0;
E_0x557c0c9bcb90/1 .event edge, v0x557c0ca2b330_0, v0x557c0ca2b3f0_0, v0x557c0ca2b570_0, v0x557c0ca2b4b0_0;
E_0x557c0c9bcb90 .event/or E_0x557c0c9bcb90/0, E_0x557c0c9bcb90/1;
E_0x557c0c9bd0d0/0 .event edge, v0x557c0c9bf580_0, v0x557c0ca2af50_0, v0x557c0ca2b630_0, v0x557c0ca2b0f0_0;
E_0x557c0c9bd0d0/1 .event edge, v0x557c0ca2b330_0, v0x557c0ca2b3f0_0, v0x557c0ca2b570_0, v0x557c0ca2b4b0_0;
E_0x557c0c9bd0d0 .event/or E_0x557c0c9bd0d0/0, E_0x557c0c9bd0d0/1;
E_0x557c0ca0b360 .event edge, v0x557c0ca2aad0_0, v0x557c0ca2b930_0;
E_0x557c0ca0b580 .event edge, v0x557c0ca2b010_0, v0x557c0ca2aa10_0;
E_0x557c0c9fb890 .event edge, v0x557c0ca2a950_0, v0x557c0ca2aad0_0;
L_0x557c0ca2cb00 .part v0x557c0ca2bab0_0, 3, 1;
L_0x557c0ca2cc00 .part v0x557c0ca2bab0_0, 2, 1;
L_0x557c0ca2ccd0 .part v0x557c0ca2bab0_0, 1, 1;
L_0x557c0ca2cd70 .part v0x557c0ca2bab0_0, 0, 1;
    .scope S_0x557c0c9fa4e0;
T_0 ;
    %wait E_0x557c0c9b6a10;
    %load/vec4 v0x557c0ca04ad0_0;
    %cmpi/e 0, 0, 1;
    %jmp/0xz  T_0.0, 6;
    %pushi/vec4 0, 0, 4;
    %assign/vec4 v0x557c0ca2bab0_0, 0;
    %jmp T_0.1;
T_0.0 ;
    %load/vec4 v0x557c0ca2bab0_0;
    %dup/vec4;
    %pushi/vec4 0, 0, 4;
    %cmp/u;
    %jmp/1 T_0.2, 6;
    %dup/vec4;
    %pushi/vec4 8, 0, 4;
    %cmp/u;
    %jmp/1 T_0.3, 6;
    %dup/vec4;
    %pushi/vec4 4, 0, 4;
    %cmp/u;
    %jmp/1 T_0.4, 6;
    %dup/vec4;
    %pushi/vec4 2, 0, 4;
    %cmp/u;
    %jmp/1 T_0.5, 6;
    %dup/vec4;
    %pushi/vec4 1, 0, 4;
    %cmp/u;
    %jmp/1 T_0.6, 6;
    %pushi/vec4 0, 0, 4;
    %assign/vec4 v0x557c0ca2bab0_0, 0;
    %jmp T_0.8;
T_0.2 ;
    %pushi/vec4 8, 0, 4;
    %assign/vec4 v0x557c0ca2bab0_0, 0;
    %jmp T_0.8;
T_0.3 ;
    %pushi/vec4 4, 0, 4;
    %assign/vec4 v0x557c0ca2bab0_0, 0;
    %jmp T_0.8;
T_0.4 ;
    %pushi/vec4 2, 0, 4;
    %assign/vec4 v0x557c0ca2bab0_0, 0;
    %jmp T_0.8;
T_0.5 ;
    %pushi/vec4 1, 0, 4;
    %assign/vec4 v0x557c0ca2bab0_0, 0;
    %jmp T_0.8;
T_0.6 ;
    %pushi/vec4 8, 0, 4;
    %assign/vec4 v0x557c0ca2bab0_0, 0;
    %jmp T_0.8;
T_0.8 ;
    %pop/vec4 1;
T_0.1 ;
    %jmp T_0;
    .thread T_0;
    .scope S_0x557c0c9fa4e0;
T_1 ;
    %wait E_0x557c0c9b6a10;
    %load/vec4 v0x557c0ca04ad0_0;
    %cmpi/e 0, 0, 1;
    %jmp/0xz  T_1.0, 6;
    %pushi/vec4 0, 0, 1;
    %assign/vec4 v0x557c0c9bff80_0, 0;
    %jmp T_1.1;
T_1.0 ;
    %load/vec4 v0x557c0c9beb50_0;
    %load/vec4 v0x557c0ca2bb90_0;
    %or;
    %load/vec4 v0x557c0c9bf580_0;
    %pushi/vec4 1, 0, 1;
    %cmp/e;
    %flag_get/vec4 6;
    %or;
    %flag_set/vec4 8;
    %jmp/0xz  T_1.2, 8;
    %load/vec4 v0x557c0c9bf650_0;
    %assign/vec4 v0x557c0c9bff80_0, 0;
T_1.2 ;
T_1.1 ;
    %jmp T_1;
    .thread T_1;
    .scope S_0x557c0c9fa4e0;
T_2 ;
    %wait E_0x557c0c9b6a10;
    %load/vec4 v0x557c0ca04ad0_0;
    %cmpi/e 0, 0, 1;
    %jmp/0xz  T_2.0, 6;
    %pushi/vec4 0, 0, 1;
    %assign/vec4 v0x557c0ca2bf20_0, 0;
    %jmp T_2.1;
T_2.0 ;
    %load/vec4 v0x557c0c9beb50_0;
    %load/vec4 v0x557c0ca2bb90_0;
    %or;
    %load/vec4 v0x557c0c9bf580_0;
    %pushi/vec4 1, 0, 1;
    %cmp/e;
    %flag_get/vec4 6;
    %or;
    %flag_set/vec4 8;
    %jmp/0xz  T_2.2, 8;
    %load/vec4 v0x557c0ca2bc50_0;
    %assign/vec4 v0x557c0ca2bf20_0, 0;
T_2.2 ;
T_2.1 ;
    %jmp T_2;
    .thread T_2;
    .scope S_0x557c0c9fa4e0;
T_3 ;
    %wait E_0x557c0c9fb890;
    %load/vec4 v0x557c0ca2a950_0;
    %flag_set/vec4 8;
    %load/vec4 v0x557c0ca2aad0_0;
    %cmpi/e 1, 0, 1;
    %flag_or 6, 8;
    %jmp/0xz  T_3.0, 6;
    %pushi/vec4 1, 0, 1;
    %assign/vec4 v0x557c0ca2aa10_0, 0;
    %jmp T_3.1;
T_3.0 ;
    %pushi/vec4 0, 0, 1;
    %assign/vec4 v0x557c0ca2aa10_0, 0;
T_3.1 ;
    %jmp T_3;
    .thread T_3, $push;
    .scope S_0x557c0c9fa4e0;
T_4 ;
    %wait E_0x557c0ca0b580;
    %load/vec4 v0x557c0ca2b010_0;
    %parti/s 4, 4, 4;
    %dup/vec4;
    %pushi/vec4 0, 0, 4;
    %cmp/u;
    %jmp/1 T_4.0, 6;
    %dup/vec4;
    %pushi/vec4 4, 0, 4;
    %cmp/u;
    %jmp/1 T_4.1, 6;
    %dup/vec4;
    %pushi/vec4 1, 0, 4;
    %cmp/u;
    %jmp/1 T_4.2, 6;
    %dup/vec4;
    %pushi/vec4 6, 0, 4;
    %cmp/u;
    %jmp/1 T_4.3, 6;
    %dup/vec4;
    %pushi/vec4 10, 0, 4;
    %cmp/u;
    %jmp/1 T_4.4, 6;
    %dup/vec4;
    %pushi/vec4 14, 0, 4;
    %cmp/u;
    %jmp/1 T_4.5, 6;
    %dup/vec4;
    %pushi/vec4 8, 0, 4;
    %cmp/u;
    %jmp/1 T_4.6, 6;
    %dup/vec4;
    %pushi/vec4 9, 0, 4;
    %cmp/u;
    %jmp/1 T_4.7, 6;
    %jmp T_4.8;
T_4.0 ;
    %load/vec4 v0x557c0ca2aa10_0;
    %assign/vec4 v0x557c0ca2b630_0, 0;
    %pushi/vec4 0, 0, 1;
    %assign/vec4 v0x557c0ca2af50_0, 0;
    %pushi/vec4 0, 0, 1;
    %assign/vec4 v0x557c0ca2b930_0, 0;
    %pushi/vec4 0, 0, 1;
    %assign/vec4 v0x557c0ca2bb90_0, 0;
    %pushi/vec4 0, 0, 1;
    %assign/vec4 v0x557c0c9beb50_0, 0;
    %pushi/vec4 0, 0, 1;
    %assign/vec4 v0x557c0c9bf580_0, 0;
    %pushi/vec4 0, 0, 1;
    %assign/vec4 v0x557c0ca2b0f0_0, 0;
    %pushi/vec4 0, 0, 1;
    %assign/vec4 v0x557c0ca2b570_0, 0;
    %pushi/vec4 0, 0, 1;
    %assign/vec4 v0x557c0ca2b4b0_0, 0;
    %pushi/vec4 0, 0, 1;
    %assign/vec4 v0x557c0ca2b330_0, 0;
    %pushi/vec4 0, 0, 1;
    %assign/vec4 v0x557c0ca2b3f0_0, 0;
    %jmp T_4.8;
T_4.1 ;
    %load/vec4 v0x557c0ca2aa10_0;
    %assign/vec4 v0x557c0c9beb50_0, 0;
    %pushi/vec4 0, 0, 1;
    %assign/vec4 v0x557c0ca2af50_0, 0;
    %pushi/vec4 0, 0, 1;
    %assign/vec4 v0x557c0ca2b930_0, 0;
    %pushi/vec4 0, 0, 1;
    %assign/vec4 v0x557c0ca2bb90_0, 0;
    %pushi/vec4 0, 0, 1;
    %assign/vec4 v0x557c0ca2b630_0, 0;
    %pushi/vec4 0, 0, 1;
    %assign/vec4 v0x557c0c9bf580_0, 0;
    %pushi/vec4 0, 0, 1;
    %assign/vec4 v0x557c0ca2b0f0_0, 0;
    %pushi/vec4 0, 0, 1;
    %assign/vec4 v0x557c0ca2b570_0, 0;
    %pushi/vec4 0, 0, 1;
    %assign/vec4 v0x557c0ca2b4b0_0, 0;
    %pushi/vec4 0, 0, 1;
    %assign/vec4 v0x557c0ca2b330_0, 0;
    %pushi/vec4 0, 0, 1;
    %assign/vec4 v0x557c0ca2b3f0_0, 0;
    %jmp T_4.8;
T_4.2 ;
    %load/vec4 v0x557c0ca2aa10_0;
    %assign/vec4 v0x557c0c9bf580_0, 0;
    %pushi/vec4 0, 0, 1;
    %assign/vec4 v0x557c0ca2af50_0, 0;
    %pushi/vec4 0, 0, 1;
    %assign/vec4 v0x557c0ca2b930_0, 0;
    %pushi/vec4 0, 0, 1;
    %assign/vec4 v0x557c0ca2bb90_0, 0;
    %pushi/vec4 0, 0, 1;
    %assign/vec4 v0x557c0ca2b630_0, 0;
    %pushi/vec4 0, 0, 1;
    %assign/vec4 v0x557c0c9beb50_0, 0;
    %pushi/vec4 0, 0, 1;
    %assign/vec4 v0x557c0ca2b0f0_0, 0;
    %pushi/vec4 0, 0, 1;
    %assign/vec4 v0x557c0ca2b570_0, 0;
    %pushi/vec4 0, 0, 1;
    %assign/vec4 v0x557c0ca2b4b0_0, 0;
    %pushi/vec4 0, 0, 1;
    %assign/vec4 v0x557c0ca2b330_0, 0;
    %pushi/vec4 0, 0, 1;
    %assign/vec4 v0x557c0ca2b3f0_0, 0;
    %jmp T_4.8;
T_4.3 ;
    %load/vec4 v0x557c0ca2aa10_0;
    %assign/vec4 v0x557c0ca2bb90_0, 0;
    %pushi/vec4 0, 0, 1;
    %assign/vec4 v0x557c0ca2af50_0, 0;
    %pushi/vec4 0, 0, 1;
    %assign/vec4 v0x557c0ca2b930_0, 0;
    %pushi/vec4 0, 0, 1;
    %assign/vec4 v0x557c0c9beb50_0, 0;
    %pushi/vec4 0, 0, 1;
    %assign/vec4 v0x557c0ca2b630_0, 0;
    %pushi/vec4 0, 0, 1;
    %assign/vec4 v0x557c0c9bf580_0, 0;
    %pushi/vec4 0, 0, 1;
    %assign/vec4 v0x557c0ca2b0f0_0, 0;
    %pushi/vec4 0, 0, 1;
    %assign/vec4 v0x557c0ca2b570_0, 0;
    %pushi/vec4 0, 0, 1;
    %assign/vec4 v0x557c0ca2b4b0_0, 0;
    %pushi/vec4 0, 0, 1;
    %assign/vec4 v0x557c0ca2b330_0, 0;
    %pushi/vec4 0, 0, 1;
    %assign/vec4 v0x557c0ca2b3f0_0, 0;
    %jmp T_4.8;
T_4.4 ;
    %load/vec4 v0x557c0ca2aa10_0;
    %assign/vec4 v0x557c0ca2af50_0, 0;
    %pushi/vec4 0, 0, 1;
    %assign/vec4 v0x557c0c9beb50_0, 0;
    %pushi/vec4 0, 0, 1;
    %assign/vec4 v0x557c0ca2b930_0, 0;
    %pushi/vec4 0, 0, 1;
    %assign/vec4 v0x557c0ca2bb90_0, 0;
    %pushi/vec4 0, 0, 1;
    %assign/vec4 v0x557c0ca2b630_0, 0;
    %pushi/vec4 0, 0, 1;
    %assign/vec4 v0x557c0c9bf580_0, 0;
    %pushi/vec4 0, 0, 1;
    %assign/vec4 v0x557c0ca2b0f0_0, 0;
    %pushi/vec4 0, 0, 1;
    %assign/vec4 v0x557c0ca2b570_0, 0;
    %pushi/vec4 0, 0, 1;
    %assign/vec4 v0x557c0ca2b4b0_0, 0;
    %pushi/vec4 0, 0, 1;
    %assign/vec4 v0x557c0ca2b330_0, 0;
    %pushi/vec4 0, 0, 1;
    %assign/vec4 v0x557c0ca2b3f0_0, 0;
    %jmp T_4.8;
T_4.5 ;
    %load/vec4 v0x557c0ca2aa10_0;
    %assign/vec4 v0x557c0ca2b930_0, 0;
    %pushi/vec4 0, 0, 1;
    %assign/vec4 v0x557c0ca2af50_0, 0;
    %pushi/vec4 0, 0, 1;
    %assign/vec4 v0x557c0c9beb50_0, 0;
    %pushi/vec4 0, 0, 1;
    %assign/vec4 v0x557c0ca2bb90_0, 0;
    %pushi/vec4 0, 0, 1;
    %assign/vec4 v0x557c0ca2b630_0, 0;
    %pushi/vec4 0, 0, 1;
    %assign/vec4 v0x557c0c9bf580_0, 0;
    %pushi/vec4 0, 0, 1;
    %assign/vec4 v0x557c0ca2b0f0_0, 0;
    %pushi/vec4 0, 0, 1;
    %assign/vec4 v0x557c0ca2b570_0, 0;
    %pushi/vec4 0, 0, 1;
    %assign/vec4 v0x557c0ca2b4b0_0, 0;
    %pushi/vec4 0, 0, 1;
    %assign/vec4 v0x557c0ca2b330_0, 0;
    %pushi/vec4 0, 0, 1;
    %assign/vec4 v0x557c0ca2b3f0_0, 0;
    %jmp T_4.8;
T_4.6 ;
    %load/vec4 v0x557c0ca2aa10_0;
    %assign/vec4 v0x557c0ca2b0f0_0, 0;
    %pushi/vec4 0, 0, 1;
    %assign/vec4 v0x557c0ca2af50_0, 0;
    %pushi/vec4 0, 0, 1;
    %assign/vec4 v0x557c0ca2b930_0, 0;
    %pushi/vec4 0, 0, 1;
    %assign/vec4 v0x557c0ca2bb90_0, 0;
    %pushi/vec4 0, 0, 1;
    %assign/vec4 v0x557c0ca2b630_0, 0;
    %pushi/vec4 0, 0, 1;
    %assign/vec4 v0x557c0c9bf580_0, 0;
    %pushi/vec4 0, 0, 1;
    %assign/vec4 v0x557c0c9beb50_0, 0;
    %pushi/vec4 0, 0, 1;
    %assign/vec4 v0x557c0ca2b570_0, 0;
    %pushi/vec4 0, 0, 1;
    %assign/vec4 v0x557c0ca2b4b0_0, 0;
    %pushi/vec4 0, 0, 1;
    %assign/vec4 v0x557c0ca2b330_0, 0;
    %pushi/vec4 0, 0, 1;
    %assign/vec4 v0x557c0ca2b3f0_0, 0;
    %jmp T_4.8;
T_4.7 ;
    %load/vec4 v0x557c0ca2b010_0;
    %parti/s 2, 2, 3;
    %dup/vec4;
    %pushi/vec4 0, 0, 2;
    %cmp/u;
    %jmp/1 T_4.9, 6;
    %dup/vec4;
    %pushi/vec4 2, 0, 2;
    %cmp/u;
    %jmp/1 T_4.10, 6;
    %dup/vec4;
    %pushi/vec4 1, 0, 2;
    %cmp/u;
    %jmp/1 T_4.11, 6;
    %dup/vec4;
    %pushi/vec4 3, 0, 2;
    %cmp/u;
    %jmp/1 T_4.12, 6;
    %pushi/vec4 0, 0, 1;
    %assign/vec4 v0x557c0ca2b3f0_0, 0;
    %pushi/vec4 0, 0, 1;
    %assign/vec4 v0x557c0ca2af50_0, 0;
    %pushi/vec4 0, 0, 1;
    %assign/vec4 v0x557c0ca2b930_0, 0;
    %pushi/vec4 0, 0, 1;
    %assign/vec4 v0x557c0ca2bb90_0, 0;
    %pushi/vec4 0, 0, 1;
    %assign/vec4 v0x557c0ca2b630_0, 0;
    %pushi/vec4 0, 0, 1;
    %assign/vec4 v0x557c0c9bf580_0, 0;
    %pushi/vec4 0, 0, 1;
    %assign/vec4 v0x557c0ca2b0f0_0, 0;
    %pushi/vec4 0, 0, 1;
    %assign/vec4 v0x557c0ca2b570_0, 0;
    %pushi/vec4 0, 0, 1;
    %assign/vec4 v0x557c0ca2b4b0_0, 0;
    %pushi/vec4 0, 0, 1;
    %assign/vec4 v0x557c0ca2b330_0, 0;
    %pushi/vec4 0, 0, 1;
    %assign/vec4 v0x557c0c9beb50_0, 0;
    %jmp T_4.14;
T_4.9 ;
    %load/vec4 v0x557c0ca2aa10_0;
    %assign/vec4 v0x557c0ca2b570_0, 0;
    %pushi/vec4 0, 0, 1;
    %assign/vec4 v0x557c0ca2af50_0, 0;
    %pushi/vec4 0, 0, 1;
    %assign/vec4 v0x557c0ca2b930_0, 0;
    %pushi/vec4 0, 0, 1;
    %assign/vec4 v0x557c0ca2bb90_0, 0;
    %pushi/vec4 0, 0, 1;
    %assign/vec4 v0x557c0ca2b630_0, 0;
    %pushi/vec4 0, 0, 1;
    %assign/vec4 v0x557c0c9bf580_0, 0;
    %pushi/vec4 0, 0, 1;
    %assign/vec4 v0x557c0ca2b0f0_0, 0;
    %pushi/vec4 0, 0, 1;
    %assign/vec4 v0x557c0c9beb50_0, 0;
    %pushi/vec4 0, 0, 1;
    %assign/vec4 v0x557c0ca2b4b0_0, 0;
    %pushi/vec4 0, 0, 1;
    %assign/vec4 v0x557c0ca2b330_0, 0;
    %pushi/vec4 0, 0, 1;
    %assign/vec4 v0x557c0ca2b3f0_0, 0;
    %jmp T_4.14;
T_4.10 ;
    %load/vec4 v0x557c0ca2aa10_0;
    %assign/vec4 v0x557c0ca2b330_0, 0;
    %pushi/vec4 0, 0, 1;
    %assign/vec4 v0x557c0ca2af50_0, 0;
    %pushi/vec4 0, 0, 1;
    %assign/vec4 v0x557c0ca2b930_0, 0;
    %pushi/vec4 0, 0, 1;
    %assign/vec4 v0x557c0ca2bb90_0, 0;
    %pushi/vec4 0, 0, 1;
    %assign/vec4 v0x557c0ca2b630_0, 0;
    %pushi/vec4 0, 0, 1;
    %assign/vec4 v0x557c0c9bf580_0, 0;
    %pushi/vec4 0, 0, 1;
    %assign/vec4 v0x557c0ca2b0f0_0, 0;
    %pushi/vec4 0, 0, 1;
    %assign/vec4 v0x557c0ca2b570_0, 0;
    %pushi/vec4 0, 0, 1;
    %assign/vec4 v0x557c0ca2b4b0_0, 0;
    %pushi/vec4 0, 0, 1;
    %assign/vec4 v0x557c0c9beb50_0, 0;
    %pushi/vec4 0, 0, 1;
    %assign/vec4 v0x557c0ca2b3f0_0, 0;
    %jmp T_4.14;
T_4.11 ;
    %load/vec4 v0x557c0ca2aa10_0;
    %assign/vec4 v0x557c0ca2b4b0_0, 0;
    %pushi/vec4 0, 0, 1;
    %assign/vec4 v0x557c0ca2af50_0, 0;
    %pushi/vec4 0, 0, 1;
    %assign/vec4 v0x557c0ca2b930_0, 0;
    %pushi/vec4 0, 0, 1;
    %assign/vec4 v0x557c0ca2bb90_0, 0;
    %pushi/vec4 0, 0, 1;
    %assign/vec4 v0x557c0ca2b630_0, 0;
    %pushi/vec4 0, 0, 1;
    %assign/vec4 v0x557c0c9bf580_0, 0;
    %pushi/vec4 0, 0, 1;
    %assign/vec4 v0x557c0ca2b0f0_0, 0;
    %pushi/vec4 0, 0, 1;
    %assign/vec4 v0x557c0ca2b570_0, 0;
    %pushi/vec4 0, 0, 1;
    %assign/vec4 v0x557c0c9beb50_0, 0;
    %pushi/vec4 0, 0, 1;
    %assign/vec4 v0x557c0ca2b330_0, 0;
    %pushi/vec4 0, 0, 1;
    %assign/vec4 v0x557c0ca2b3f0_0, 0;
    %jmp T_4.14;
T_4.12 ;
    %load/vec4 v0x557c0ca2aa10_0;
    %assign/vec4 v0x557c0ca2b3f0_0, 0;
    %pushi/vec4 0, 0, 1;
    %assign/vec4 v0x557c0ca2af50_0, 0;
    %pushi/vec4 0, 0, 1;
    %assign/vec4 v0x557c0ca2b930_0, 0;
    %pushi/vec4 0, 0, 1;
    %assign/vec4 v0x557c0ca2bb90_0, 0;
    %pushi/vec4 0, 0, 1;
    %assign/vec4 v0x557c0ca2b630_0, 0;
    %pushi/vec4 0, 0, 1;
    %assign/vec4 v0x557c0c9bf580_0, 0;
    %pushi/vec4 0, 0, 1;
    %assign/vec4 v0x557c0ca2b0f0_0, 0;
    %pushi/vec4 0, 0, 1;
    %assign/vec4 v0x557c0ca2b570_0, 0;
    %pushi/vec4 0, 0, 1;
    %assign/vec4 v0x557c0ca2b4b0_0, 0;
    %pushi/vec4 0, 0, 1;
    %assign/vec4 v0x557c0ca2b330_0, 0;
    %pushi/vec4 0, 0, 1;
    %assign/vec4 v0x557c0c9beb50_0, 0;
    %jmp T_4.14;
T_4.14 ;
    %pop/vec4 1;
    %jmp T_4.8;
T_4.8 ;
    %pop/vec4 1;
    %jmp T_4;
    .thread T_4, $push;
    .scope S_0x557c0c9fa4e0;
T_5 ;
    %wait E_0x557c0ca0b360;
    %load/vec4 v0x557c0ca2aad0_0;
    %load/vec4 v0x557c0ca2b930_0;
    %pushi/vec4 1, 0, 1;
    %cmp/e;
    %flag_get/vec4 6;
    %and;
    %flag_set/vec4 8;
    %jmp/0xz  T_5.0, 8;
    %pushi/vec4 1, 0, 1;
    %assign/vec4 v0x557c0ca2b9f0_0, 0;
    %jmp T_5.1;
T_5.0 ;
    %pushi/vec4 0, 0, 1;
    %assign/vec4 v0x557c0ca2b9f0_0, 0;
T_5.1 ;
    %jmp T_5;
    .thread T_5, $push;
    .scope S_0x557c0c9fa4e0;
T_6 ;
    %wait E_0x557c0c9bd0d0;
    %load/vec4 v0x557c0c9bf580_0;
    %load/vec4 v0x557c0ca2af50_0;
    %or;
    %load/vec4 v0x557c0ca2b630_0;
    %or;
    %load/vec4 v0x557c0ca2b0f0_0;
    %or;
    %load/vec4 v0x557c0ca2b330_0;
    %or;
    %load/vec4 v0x557c0ca2b3f0_0;
    %or;
    %load/vec4 v0x557c0ca2b570_0;
    %or;
    %load/vec4 v0x557c0ca2b4b0_0;
    %or;
    %cmpi/e 1, 0, 1;
    %jmp/0xz  T_6.0, 6;
    %pushi/vec4 1, 0, 1;
    %ix/load 4, 0, 0;
    %ix/load 5, 0, 0;
    %flag_set/imm 4, 0;
    %assign/vec4/off/d v0x557c0c9bec20_0, 4, 5;
    %jmp T_6.1;
T_6.0 ;
    %pushi/vec4 0, 0, 1;
    %ix/load 4, 0, 0;
    %ix/load 5, 0, 0;
    %flag_set/imm 4, 0;
    %assign/vec4/off/d v0x557c0c9bec20_0, 4, 5;
T_6.1 ;
    %jmp T_6;
    .thread T_6, $push;
    .scope S_0x557c0c9fa4e0;
T_7 ;
    %wait E_0x557c0c9bcb90;
    %load/vec4 v0x557c0ca2b930_0;
    %load/vec4 v0x557c0ca2af50_0;
    %or;
    %load/vec4 v0x557c0ca2b630_0;
    %or;
    %load/vec4 v0x557c0ca2b0f0_0;
    %or;
    %load/vec4 v0x557c0ca2b330_0;
    %or;
    %load/vec4 v0x557c0ca2b3f0_0;
    %or;
    %load/vec4 v0x557c0ca2b570_0;
    %or;
    %load/vec4 v0x557c0ca2b4b0_0;
    %or;
    %cmpi/e 1, 0, 1;
    %jmp/0xz  T_7.0, 6;
    %pushi/vec4 1, 0, 1;
    %ix/load 4, 1, 0;
    %ix/load 5, 0, 0;
    %flag_set/imm 4, 0;
    %assign/vec4/off/d v0x557c0c9bec20_0, 4, 5;
    %jmp T_7.1;
T_7.0 ;
    %pushi/vec4 0, 0, 1;
    %ix/load 4, 1, 0;
    %ix/load 5, 0, 0;
    %flag_set/imm 4, 0;
    %assign/vec4/off/d v0x557c0c9bec20_0, 4, 5;
T_7.1 ;
    %jmp T_7;
    .thread T_7, $push;
    .scope S_0x557c0c9fa4e0;
T_8 ;
    %wait E_0x557c0c9bc690;
    %load/vec4 v0x557c0ca2ae90_0;
    %load/vec4 v0x557c0ca2bb90_0;
    %pushi/vec4 1, 0, 1;
    %cmp/e;
    %flag_get/vec4 6;
    %or;
    %flag_set/vec4 8;
    %jmp/0xz  T_8.0, 8;
    %pushi/vec4 1, 0, 1;
    %ix/load 4, 2, 0;
    %ix/load 5, 0, 0;
    %flag_set/imm 4, 0;
    %assign/vec4/off/d v0x557c0c9bec20_0, 4, 5;
    %jmp T_8.1;
T_8.0 ;
    %pushi/vec4 0, 0, 1;
    %ix/load 4, 2, 0;
    %ix/load 5, 0, 0;
    %flag_set/imm 4, 0;
    %assign/vec4/off/d v0x557c0c9bec20_0, 4, 5;
T_8.1 ;
    %jmp T_8;
    .thread T_8, $push;
    .scope S_0x557c0c9fa4e0;
T_9 ;
    %wait E_0x557c0c9d2e30;
    %load/vec4 v0x557c0ca2bb90_0;
    %cmpi/e 1, 0, 1;
    %jmp/0xz  T_9.0, 6;
    %pushi/vec4 1, 0, 1;
    %ix/load 4, 3, 0;
    %ix/load 5, 0, 0;
    %flag_set/imm 4, 0;
    %assign/vec4/off/d v0x557c0c9bec20_0, 4, 5;
    %jmp T_9.1;
T_9.0 ;
    %pushi/vec4 0, 0, 1;
    %ix/load 4, 3, 0;
    %ix/load 5, 0, 0;
    %flag_set/imm 4, 0;
    %assign/vec4/off/d v0x557c0c9bec20_0, 4, 5;
T_9.1 ;
    %jmp T_9;
    .thread T_9, $push;
    .scope S_0x557c0c9fa4e0;
T_10 ;
    %wait E_0x557c0c9d1ec0;
    %load/vec4 v0x557c0ca2ae90_0;
    %cmpi/e 1, 0, 1;
    %jmp/0xz  T_10.0, 6;
    %pushi/vec4 1, 0, 1;
    %ix/load 4, 4, 0;
    %ix/load 5, 0, 0;
    %flag_set/imm 4, 0;
    %assign/vec4/off/d v0x557c0c9bec20_0, 4, 5;
    %jmp T_10.1;
T_10.0 ;
    %pushi/vec4 0, 0, 1;
    %ix/load 4, 4, 0;
    %ix/load 5, 0, 0;
    %flag_set/imm 4, 0;
    %assign/vec4/off/d v0x557c0c9bec20_0, 4, 5;
T_10.1 ;
    %jmp T_10;
    .thread T_10, $push;
    .scope S_0x557c0c9fa4e0;
T_11 ;
    %wait E_0x557c0c9d1ec0;
    %load/vec4 v0x557c0ca2ae90_0;
    %cmpi/e 1, 0, 1;
    %jmp/0xz  T_11.0, 6;
    %pushi/vec4 1, 0, 1;
    %assign/vec4 v0x557c0ca2b6f0_0, 0;
    %jmp T_11.1;
T_11.0 ;
    %pushi/vec4 0, 0, 1;
    %assign/vec4 v0x557c0ca2b6f0_0, 0;
T_11.1 ;
    %jmp T_11;
    .thread T_11, $push;
    .scope S_0x557c0c9fa4e0;
T_12 ;
    %wait E_0x557c0c9d5380;
    %load/vec4 v0x557c0ca2b630_0;
    %load/vec4 v0x557c0c9beb50_0;
    %or;
    %load/vec4 v0x557c0c9bf580_0;
    %or;
    %load/vec4 v0x557c0ca2bb90_0;
    %or;
    %cmpi/e 1, 0, 1;
    %jmp/0xz  T_12.0, 6;
    %pushi/vec4 1, 0, 1;
    %assign/vec4 v0x557c0ca2b7b0_0, 0;
    %jmp T_12.1;
T_12.0 ;
    %pushi/vec4 0, 0, 1;
    %assign/vec4 v0x557c0ca2b7b0_0, 0;
T_12.1 ;
    %jmp T_12;
    .thread T_12, $push;
    .scope S_0x557c0c9fa4e0;
T_13 ;
    %wait E_0x557c0c9d1350;
    %load/vec4 v0x557c0ca2af50_0;
    %load/vec4 v0x557c0ca2b930_0;
    %or;
    %cmpi/e 1, 0, 1;
    %jmp/0xz  T_13.0, 6;
    %pushi/vec4 1, 0, 1;
    %assign/vec4 v0x557c0ca2b870_0, 0;
    %jmp T_13.1;
T_13.0 ;
    %pushi/vec4 0, 0, 1;
    %assign/vec4 v0x557c0ca2b870_0, 0;
T_13.1 ;
    %jmp T_13;
    .thread T_13, $push;
    .scope S_0x557c0c9fa4e0;
T_14 ;
    %wait E_0x557c0c9cc310;
    %load/vec4 v0x557c0ca2add0_0;
    %cmpi/e 1, 0, 1;
    %jmp/0xz  T_14.0, 6;
    %pushi/vec4 1, 0, 1;
    %assign/vec4 v0x557c0ca2ac50_0, 0;
    %jmp T_14.1;
T_14.0 ;
    %pushi/vec4 0, 0, 1;
    %assign/vec4 v0x557c0ca2ac50_0, 0;
T_14.1 ;
    %jmp T_14;
    .thread T_14, $push;
    .scope S_0x557c0c9fa4e0;
T_15 ;
    %wait E_0x557c0c9d48a0;
    %load/vec4 v0x557c0ca2aad0_0;
    %load/vec4 v0x557c0ca2b630_0;
    %load/vec4 v0x557c0c9beb50_0;
    %or;
    %load/vec4 v0x557c0ca2bb90_0;
    %or;
    %load/vec4 v0x557c0c9bf580_0;
    %or;
    %load/vec4 v0x557c0ca2af50_0;
    %or;
    %and;
    %cmpi/e 1, 0, 1;
    %jmp/0xz  T_15.0, 6;
    %pushi/vec4 1, 0, 1;
    %assign/vec4 v0x557c0ca2ab90_0, 0;
    %jmp T_15.1;
T_15.0 ;
    %pushi/vec4 0, 0, 1;
    %assign/vec4 v0x557c0ca2ab90_0, 0;
T_15.1 ;
    %jmp T_15;
    .thread T_15, $push;
    .scope S_0x557c0c9fa4e0;
T_16 ;
    %wait E_0x557c0ca0b1e0;
    %load/vec4 v0x557c0ca2b570_0;
    %load/vec4 v0x557c0ca2bf20_0;
    %and;
    %load/vec4 v0x557c0ca2b4b0_0;
    %load/vec4 v0x557c0ca2bf20_0;
    %inv;
    %and;
    %or;
    %load/vec4 v0x557c0ca2b330_0;
    %load/vec4 v0x557c0c9bff80_0;
    %and;
    %or;
    %load/vec4 v0x557c0ca2b3f0_0;
    %load/vec4 v0x557c0ca2bf20_0;
    %inv;
    %and;
    %or;
    %load/vec4 v0x557c0ca2b0f0_0;
    %pushi/vec4 1, 0, 1;
    %cmp/e;
    %flag_get/vec4 6;
    %or;
    %flag_set/vec4 8;
    %jmp/0xz  T_16.0, 8;
    %pushi/vec4 1, 0, 1;
    %assign/vec4 v0x557c0ca2b270_0, 0;
    %jmp T_16.1;
T_16.0 ;
    %pushi/vec4 0, 0, 1;
    %assign/vec4 v0x557c0ca2b270_0, 0;
T_16.1 ;
    %jmp T_16;
    .thread T_16, $push;
    .scope S_0x557c0c9fa4e0;
T_17 ;
    %wait E_0x557c0c9b6a10;
    %load/vec4 v0x557c0ca04ad0_0;
    %cmpi/e 0, 0, 1;
    %jmp/0xz  T_17.0, 6;
    %pushi/vec4 1, 0, 1;
    %assign/vec4 v0x557c0ca2b1b0_0, 0;
    %jmp T_17.1;
T_17.0 ;
    %load/vec4 v0x557c0ca2b270_0;
    %inv;
    %assign/vec4 v0x557c0ca2b1b0_0, 0;
T_17.1 ;
    %jmp T_17;
    .thread T_17;
    .scope S_0x557c0c9fa4e0;
T_18 ;
    %wait E_0x557c0c9d3910;
    %load/vec4 v0x557c0ca2ae90_0;
    %load/vec4 v0x557c0ca2b1b0_0;
    %and;
    %load/vec4 v0x557c0ca2aad0_0;
    %load/vec4 v0x557c0ca2b270_0;
    %and;
    %pushi/vec4 1, 0, 1;
    %cmp/e;
    %flag_get/vec4 6;
    %or;
    %flag_set/vec4 8;
    %jmp/0xz  T_18.0, 8;
    %pushi/vec4 1, 0, 1;
    %assign/vec4 v0x557c0ca2ad10_0, 0;
    %jmp T_18.1;
T_18.0 ;
    %pushi/vec4 0, 0, 1;
    %assign/vec4 v0x557c0ca2ad10_0, 0;
T_18.1 ;
    %jmp T_18;
    .thread T_18, $push;
    .scope S_0x557c0c9fa350;
T_19 ;
    %pushi/vec4 0, 0, 1;
    %assign/vec4 v0x557c0ca2c300_0, 0;
    %delay 5, 0;
    %pushi/vec4 1, 0, 1;
    %assign/vec4 v0x557c0ca2c300_0, 0;
    %delay 5, 0;
    %jmp T_19;
    .thread T_19;
    .scope S_0x557c0c9fa350;
T_20 ;
    %vpi_call 2 42 "$dumpvars" {0 0 0};
    %pushi/vec4 0, 0, 1;
    %assign/vec4 v0x557c0ca2c3a0_0, 0;
    %pushi/vec4 0, 0, 1;
    %assign/vec4 v0x557c0ca2ca30_0, 0;
    %pushi/vec4 1, 0, 1;
    %assign/vec4 v0x557c0ca2c260_0, 0;
    %pushi/vec4 2, 0, 32;
T_20.0 %dup/vec4;
    %pushi/vec4 0, 0, 32;
    %cmp/s;
    %jmp/1xz T_20.1, 5;
    %jmp/1 T_20.1, 4;
    %pushi/vec4 1, 0, 32;
    %sub;
    %wait E_0x557c0c9cc350;
    %jmp T_20.0;
T_20.1 ;
    %pop/vec4 1;
    %wait E_0x557c0c9cc350;
    %pushi/vec4 1, 0, 1;
    %assign/vec4 v0x557c0ca2c3a0_0, 0;
    %pushi/vec4 64, 0, 8;
    %assign/vec4 v0x557c0ca2c620_0, 0;
    %pushi/vec4 3, 0, 32;
T_20.2 %dup/vec4;
    %pushi/vec4 0, 0, 32;
    %cmp/s;
    %jmp/1xz T_20.3, 5;
    %jmp/1 T_20.3, 4;
    %pushi/vec4 1, 0, 32;
    %sub;
    %wait E_0x557c0c9cc350;
    %jmp T_20.2;
T_20.3 ;
    %pop/vec4 1;
    %wait E_0x557c0c9cc350;
    %pushi/vec4 148, 0, 8;
    %assign/vec4 v0x557c0ca2c620_0, 0;
    %pushi/vec4 3, 0, 32;
T_20.4 %dup/vec4;
    %pushi/vec4 0, 0, 32;
    %cmp/s;
    %jmp/1xz T_20.5, 5;
    %jmp/1 T_20.5, 4;
    %pushi/vec4 1, 0, 32;
    %sub;
    %wait E_0x557c0c9cc350;
    %jmp T_20.4;
T_20.5 ;
    %pop/vec4 1;
    %wait E_0x557c0c9cc350;
    %pushi/vec4 152, 0, 8;
    %assign/vec4 v0x557c0ca2c620_0, 0;
    %delay 200, 0;
    %vpi_call 2 80 "$finish" {0 0 0};
    %end;
    .thread T_20;
# The file index is used to find the file name in the following table.
:file_names 4;
    "N/A";
    "<interactive>";
    "decoder_tb.v";
    "decoder.v";
