#! /usr/bin/vvp
:ivl_version "11.0 (stable)";
:ivl_delay_selection "TYPICAL";
:vpi_time_precision + 0;
:vpi_module "/usr/lib/x86_64-linux-gnu/ivl/system.vpi";
:vpi_module "/usr/lib/x86_64-linux-gnu/ivl/vhdl_sys.vpi";
:vpi_module "/usr/lib/x86_64-linux-gnu/ivl/vhdl_textio.vpi";
:vpi_module "/usr/lib/x86_64-linux-gnu/ivl/v2005_math.vpi";
:vpi_module "/usr/lib/x86_64-linux-gnu/ivl/va_math.vpi";
S_0x559afebacc40 .scope module, "ins_dec_tb" "ins_dec_tb" 2 1;
 .timescale 0 0;
v0x559afebcc8c0_0 .net "tstadd", 0 0, v0x559afeb60c00_0;  1 drivers
v0x559afebcc980_0 .net "tstbitand", 0 0, v0x559afebcbc30_0;  1 drivers
v0x559afebcca50_0 .var "tstdecode", 0 0;
v0x559afebccb50_0 .var "tstexecute", 0 0;
v0x559afebccc20_0 .net "tstinp", 0 0, v0x559afebcbf60_0;  1 drivers
v0x559afebcccc0_0 .var "tstir", 7 0;
v0x559afebccd90_0 .net "tstjump", 0 0, v0x559afebcc100_0;  1 drivers
v0x559afebcce60_0 .net "tstjumpc", 0 0, v0x559afebcc1c0_0;  1 drivers
v0x559afebccf30_0 .net "tstjumpnc", 0 0, v0x559afebcc280_0;  1 drivers
v0x559afebcd000_0 .net "tstjumpnz", 0 0, v0x559afebcc340_0;  1 drivers
v0x559afebcd0d0_0 .net "tstjumpz", 0 0, v0x559afebcc400_0;  1 drivers
v0x559afebcd1a0_0 .net "tstload", 0 0, v0x559afebcc4c0_0;  1 drivers
v0x559afebcd270_0 .net "tstoutp", 0 0, v0x559afebcc580_0;  1 drivers
v0x559afebcd340_0 .net "tstsub", 0 0, v0x559afebcc640_0;  1 drivers
S_0x559afebacdd0 .scope module, "dut" "ins_dec" 2 17, 3 1 0, S_0x559afebacc40;
 .timescale 0 0;
    .port_info 0 /INPUT 8 "ir";
    .port_info 1 /INPUT 1 "decode";
    .port_info 2 /INPUT 1 "execute";
    .port_info 3 /OUTPUT 1 "add";
    .port_info 4 /OUTPUT 1 "load";
    .port_info 5 /OUTPUT 1 "inp";
    .port_info 6 /OUTPUT 1 "outp";
    .port_info 7 /OUTPUT 1 "jumpz";
    .port_info 8 /OUTPUT 1 "jump";
    .port_info 9 /OUTPUT 1 "jumpnz";
    .port_info 10 /OUTPUT 1 "jumpc";
    .port_info 11 /OUTPUT 1 "jumpnc";
    .port_info 12 /OUTPUT 1 "sub";
    .port_info 13 /OUTPUT 1 "bitand";
v0x559afeb60c00_0 .var "add", 0 0;
v0x559afebcbc30_0 .var "bitand", 0 0;
v0x559afebcbcf0_0 .var "decexe", 0 0;
v0x559afebcbd90_0 .net "decode", 0 0, v0x559afebcca50_0;  1 drivers
v0x559afebcbe50_0 .net "execute", 0 0, v0x559afebccb50_0;  1 drivers
v0x559afebcbf60_0 .var "inp", 0 0;
v0x559afebcc020_0 .net "ir", 7 0, v0x559afebcccc0_0;  1 drivers
v0x559afebcc100_0 .var "jump", 0 0;
v0x559afebcc1c0_0 .var "jumpc", 0 0;
v0x559afebcc280_0 .var "jumpnc", 0 0;
v0x559afebcc340_0 .var "jumpnz", 0 0;
v0x559afebcc400_0 .var "jumpz", 0 0;
v0x559afebcc4c0_0 .var "load", 0 0;
v0x559afebcc580_0 .var "outp", 0 0;
v0x559afebcc640_0 .var "sub", 0 0;
E_0x559afeb986e0 .event edge, v0x559afebcc020_0, v0x559afebcbcf0_0;
E_0x559afeb98c50 .event edge, v0x559afebcbd90_0, v0x559afebcbe50_0;
    .scope S_0x559afebacdd0;
T_0 ;
    %wait E_0x559afeb98c50;
    %load/vec4 v0x559afebcbd90_0;
    %flag_set/vec4 8;
    %load/vec4 v0x559afebcbe50_0;
    %cmpi/e 1, 0, 1;
    %flag_or 6, 8;
    %jmp/0xz  T_0.0, 6;
    %pushi/vec4 1, 0, 1;
    %assign/vec4 v0x559afebcbcf0_0, 0;
    %jmp T_0.1;
T_0.0 ;
    %pushi/vec4 0, 0, 1;
    %assign/vec4 v0x559afebcbcf0_0, 0;
T_0.1 ;
    %jmp T_0;
    .thread T_0, $push;
    .scope S_0x559afebacdd0;
T_1 ;
    %wait E_0x559afeb986e0;
    %load/vec4 v0x559afebcc020_0;
    %parti/s 4, 4, 4;
    %dup/vec4;
    %pushi/vec4 0, 0, 4;
    %cmp/u;
    %jmp/1 T_1.0, 6;
    %dup/vec4;
    %pushi/vec4 4, 0, 4;
    %cmp/u;
    %jmp/1 T_1.1, 6;
    %dup/vec4;
    %pushi/vec4 1, 0, 4;
    %cmp/u;
    %jmp/1 T_1.2, 6;
    %dup/vec4;
    %pushi/vec4 6, 0, 4;
    %cmp/u;
    %jmp/1 T_1.3, 6;
    %dup/vec4;
    %pushi/vec4 10, 0, 4;
    %cmp/u;
    %jmp/1 T_1.4, 6;
    %dup/vec4;
    %pushi/vec4 14, 0, 4;
    %cmp/u;
    %jmp/1 T_1.5, 6;
    %dup/vec4;
    %pushi/vec4 8, 0, 4;
    %cmp/u;
    %jmp/1 T_1.6, 6;
    %dup/vec4;
    %pushi/vec4 9, 0, 4;
    %cmp/u;
    %jmp/1 T_1.7, 6;
    %jmp T_1.8;
T_1.0 ;
    %load/vec4 v0x559afebcbcf0_0;
    %assign/vec4 v0x559afebcc4c0_0, 0;
    %pushi/vec4 0, 0, 1;
    %assign/vec4 v0x559afebcbf60_0, 0;
    %pushi/vec4 0, 0, 1;
    %assign/vec4 v0x559afebcc580_0, 0;
    %pushi/vec4 0, 0, 1;
    %assign/vec4 v0x559afebcc640_0, 0;
    %pushi/vec4 0, 0, 1;
    %assign/vec4 v0x559afeb60c00_0, 0;
    %pushi/vec4 0, 0, 1;
    %assign/vec4 v0x559afebcbc30_0, 0;
    %pushi/vec4 0, 0, 1;
    %assign/vec4 v0x559afebcc100_0, 0;
    %pushi/vec4 0, 0, 1;
    %assign/vec4 v0x559afebcc400_0, 0;
    %pushi/vec4 0, 0, 1;
    %assign/vec4 v0x559afebcc340_0, 0;
    %pushi/vec4 0, 0, 1;
    %assign/vec4 v0x559afebcc1c0_0, 0;
    %pushi/vec4 0, 0, 1;
    %assign/vec4 v0x559afebcc280_0, 0;
    %jmp T_1.8;
T_1.1 ;
    %load/vec4 v0x559afebcbcf0_0;
    %assign/vec4 v0x559afeb60c00_0, 0;
    %pushi/vec4 0, 0, 1;
    %assign/vec4 v0x559afebcbf60_0, 0;
    %pushi/vec4 0, 0, 1;
    %assign/vec4 v0x559afebcc580_0, 0;
    %pushi/vec4 0, 0, 1;
    %assign/vec4 v0x559afebcc640_0, 0;
    %pushi/vec4 0, 0, 1;
    %assign/vec4 v0x559afebcc4c0_0, 0;
    %pushi/vec4 0, 0, 1;
    %assign/vec4 v0x559afebcbc30_0, 0;
    %pushi/vec4 0, 0, 1;
    %assign/vec4 v0x559afebcc100_0, 0;
    %pushi/vec4 0, 0, 1;
    %assign/vec4 v0x559afebcc400_0, 0;
    %pushi/vec4 0, 0, 1;
    %assign/vec4 v0x559afebcc340_0, 0;
    %pushi/vec4 0, 0, 1;
    %assign/vec4 v0x559afebcc1c0_0, 0;
    %pushi/vec4 0, 0, 1;
    %assign/vec4 v0x559afebcc280_0, 0;
    %jmp T_1.8;
T_1.2 ;
    %load/vec4 v0x559afebcbcf0_0;
    %assign/vec4 v0x559afebcbc30_0, 0;
    %pushi/vec4 0, 0, 1;
    %assign/vec4 v0x559afebcbf60_0, 0;
    %pushi/vec4 0, 0, 1;
    %assign/vec4 v0x559afebcc580_0, 0;
    %pushi/vec4 0, 0, 1;
    %assign/vec4 v0x559afebcc640_0, 0;
    %pushi/vec4 0, 0, 1;
    %assign/vec4 v0x559afebcc4c0_0, 0;
    %pushi/vec4 0, 0, 1;
    %assign/vec4 v0x559afeb60c00_0, 0;
    %pushi/vec4 0, 0, 1;
    %assign/vec4 v0x559afebcc100_0, 0;
    %pushi/vec4 0, 0, 1;
    %assign/vec4 v0x559afebcc400_0, 0;
    %pushi/vec4 0, 0, 1;
    %assign/vec4 v0x559afebcc340_0, 0;
    %pushi/vec4 0, 0, 1;
    %assign/vec4 v0x559afebcc1c0_0, 0;
    %pushi/vec4 0, 0, 1;
    %assign/vec4 v0x559afebcc280_0, 0;
    %jmp T_1.8;
T_1.3 ;
    %load/vec4 v0x559afebcbcf0_0;
    %assign/vec4 v0x559afebcc640_0, 0;
    %pushi/vec4 0, 0, 1;
    %assign/vec4 v0x559afebcbf60_0, 0;
    %pushi/vec4 0, 0, 1;
    %assign/vec4 v0x559afebcc580_0, 0;
    %pushi/vec4 0, 0, 1;
    %assign/vec4 v0x559afeb60c00_0, 0;
    %pushi/vec4 0, 0, 1;
    %assign/vec4 v0x559afebcc4c0_0, 0;
    %pushi/vec4 0, 0, 1;
    %assign/vec4 v0x559afebcbc30_0, 0;
    %pushi/vec4 0, 0, 1;
    %assign/vec4 v0x559afebcc100_0, 0;
    %pushi/vec4 0, 0, 1;
    %assign/vec4 v0x559afebcc400_0, 0;
    %pushi/vec4 0, 0, 1;
    %assign/vec4 v0x559afebcc340_0, 0;
    %pushi/vec4 0, 0, 1;
    %assign/vec4 v0x559afebcc1c0_0, 0;
    %pushi/vec4 0, 0, 1;
    %assign/vec4 v0x559afebcc280_0, 0;
    %jmp T_1.8;
T_1.4 ;
    %load/vec4 v0x559afebcbcf0_0;
    %assign/vec4 v0x559afebcbf60_0, 0;
    %pushi/vec4 0, 0, 1;
    %assign/vec4 v0x559afeb60c00_0, 0;
    %pushi/vec4 0, 0, 1;
    %assign/vec4 v0x559afebcc580_0, 0;
    %pushi/vec4 0, 0, 1;
    %assign/vec4 v0x559afebcc640_0, 0;
    %pushi/vec4 0, 0, 1;
    %assign/vec4 v0x559afebcc4c0_0, 0;
    %pushi/vec4 0, 0, 1;
    %assign/vec4 v0x559afebcbc30_0, 0;
    %pushi/vec4 0, 0, 1;
    %assign/vec4 v0x559afebcc100_0, 0;
    %pushi/vec4 0, 0, 1;
    %assign/vec4 v0x559afebcc400_0, 0;
    %pushi/vec4 0, 0, 1;
    %assign/vec4 v0x559afebcc340_0, 0;
    %pushi/vec4 0, 0, 1;
    %assign/vec4 v0x559afebcc1c0_0, 0;
    %pushi/vec4 0, 0, 1;
    %assign/vec4 v0x559afebcc280_0, 0;
    %jmp T_1.8;
T_1.5 ;
    %load/vec4 v0x559afebcbcf0_0;
    %assign/vec4 v0x559afebcc580_0, 0;
    %pushi/vec4 0, 0, 1;
    %assign/vec4 v0x559afebcbf60_0, 0;
    %pushi/vec4 0, 0, 1;
    %assign/vec4 v0x559afeb60c00_0, 0;
    %pushi/vec4 0, 0, 1;
    %assign/vec4 v0x559afebcc640_0, 0;
    %pushi/vec4 0, 0, 1;
    %assign/vec4 v0x559afebcc4c0_0, 0;
    %pushi/vec4 0, 0, 1;
    %assign/vec4 v0x559afebcbc30_0, 0;
    %pushi/vec4 0, 0, 1;
    %assign/vec4 v0x559afebcc100_0, 0;
    %pushi/vec4 0, 0, 1;
    %assign/vec4 v0x559afebcc400_0, 0;
    %pushi/vec4 0, 0, 1;
    %assign/vec4 v0x559afebcc340_0, 0;
    %pushi/vec4 0, 0, 1;
    %assign/vec4 v0x559afebcc1c0_0, 0;
    %pushi/vec4 0, 0, 1;
    %assign/vec4 v0x559afebcc280_0, 0;
    %jmp T_1.8;
T_1.6 ;
    %load/vec4 v0x559afebcbcf0_0;
    %assign/vec4 v0x559afebcc100_0, 0;
    %pushi/vec4 0, 0, 1;
    %assign/vec4 v0x559afebcbf60_0, 0;
    %pushi/vec4 0, 0, 1;
    %assign/vec4 v0x559afebcc580_0, 0;
    %pushi/vec4 0, 0, 1;
    %assign/vec4 v0x559afebcc640_0, 0;
    %pushi/vec4 0, 0, 1;
    %assign/vec4 v0x559afebcc4c0_0, 0;
    %pushi/vec4 0, 0, 1;
    %assign/vec4 v0x559afebcbc30_0, 0;
    %pushi/vec4 0, 0, 1;
    %assign/vec4 v0x559afeb60c00_0, 0;
    %pushi/vec4 0, 0, 1;
    %assign/vec4 v0x559afebcc400_0, 0;
    %pushi/vec4 0, 0, 1;
    %assign/vec4 v0x559afebcc340_0, 0;
    %pushi/vec4 0, 0, 1;
    %assign/vec4 v0x559afebcc1c0_0, 0;
    %pushi/vec4 0, 0, 1;
    %assign/vec4 v0x559afebcc280_0, 0;
    %jmp T_1.8;
T_1.7 ;
    %load/vec4 v0x559afebcc020_0;
    %parti/s 2, 2, 3;
    %dup/vec4;
    %pushi/vec4 0, 0, 2;
    %cmp/u;
    %jmp/1 T_1.9, 6;
    %dup/vec4;
    %pushi/vec4 2, 0, 2;
    %cmp/u;
    %jmp/1 T_1.10, 6;
    %dup/vec4;
    %pushi/vec4 1, 0, 2;
    %cmp/u;
    %jmp/1 T_1.11, 6;
    %dup/vec4;
    %pushi/vec4 3, 0, 2;
    %cmp/u;
    %jmp/1 T_1.12, 6;
    %pushi/vec4 0, 0, 1;
    %assign/vec4 v0x559afebcc280_0, 0;
    %pushi/vec4 0, 0, 1;
    %assign/vec4 v0x559afebcbf60_0, 0;
    %pushi/vec4 0, 0, 1;
    %assign/vec4 v0x559afebcc580_0, 0;
    %pushi/vec4 0, 0, 1;
    %assign/vec4 v0x559afebcc640_0, 0;
    %pushi/vec4 0, 0, 1;
    %assign/vec4 v0x559afebcc4c0_0, 0;
    %pushi/vec4 0, 0, 1;
    %assign/vec4 v0x559afebcbc30_0, 0;
    %pushi/vec4 0, 0, 1;
    %assign/vec4 v0x559afebcc100_0, 0;
    %pushi/vec4 0, 0, 1;
    %assign/vec4 v0x559afebcc400_0, 0;
    %pushi/vec4 0, 0, 1;
    %assign/vec4 v0x559afebcc340_0, 0;
    %pushi/vec4 0, 0, 1;
    %assign/vec4 v0x559afebcc1c0_0, 0;
    %pushi/vec4 0, 0, 1;
    %assign/vec4 v0x559afeb60c00_0, 0;
    %jmp T_1.14;
T_1.9 ;
    %load/vec4 v0x559afebcbcf0_0;
    %assign/vec4 v0x559afebcc400_0, 0;
    %pushi/vec4 0, 0, 1;
    %assign/vec4 v0x559afebcbf60_0, 0;
    %pushi/vec4 0, 0, 1;
    %assign/vec4 v0x559afebcc580_0, 0;
    %pushi/vec4 0, 0, 1;
    %assign/vec4 v0x559afebcc640_0, 0;
    %pushi/vec4 0, 0, 1;
    %assign/vec4 v0x559afebcc4c0_0, 0;
    %pushi/vec4 0, 0, 1;
    %assign/vec4 v0x559afebcbc30_0, 0;
    %pushi/vec4 0, 0, 1;
    %assign/vec4 v0x559afebcc100_0, 0;
    %pushi/vec4 0, 0, 1;
    %assign/vec4 v0x559afeb60c00_0, 0;
    %pushi/vec4 0, 0, 1;
    %assign/vec4 v0x559afebcc340_0, 0;
    %pushi/vec4 0, 0, 1;
    %assign/vec4 v0x559afebcc1c0_0, 0;
    %pushi/vec4 0, 0, 1;
    %assign/vec4 v0x559afebcc280_0, 0;
    %jmp T_1.14;
T_1.10 ;
    %load/vec4 v0x559afebcbcf0_0;
    %assign/vec4 v0x559afebcc1c0_0, 0;
    %pushi/vec4 0, 0, 1;
    %assign/vec4 v0x559afebcbf60_0, 0;
    %pushi/vec4 0, 0, 1;
    %assign/vec4 v0x559afebcc580_0, 0;
    %pushi/vec4 0, 0, 1;
    %assign/vec4 v0x559afebcc640_0, 0;
    %pushi/vec4 0, 0, 1;
    %assign/vec4 v0x559afebcc4c0_0, 0;
    %pushi/vec4 0, 0, 1;
    %assign/vec4 v0x559afebcbc30_0, 0;
    %pushi/vec4 0, 0, 1;
    %assign/vec4 v0x559afebcc100_0, 0;
    %pushi/vec4 0, 0, 1;
    %assign/vec4 v0x559afebcc400_0, 0;
    %pushi/vec4 0, 0, 1;
    %assign/vec4 v0x559afebcc340_0, 0;
    %pushi/vec4 0, 0, 1;
    %assign/vec4 v0x559afeb60c00_0, 0;
    %pushi/vec4 0, 0, 1;
    %assign/vec4 v0x559afebcc280_0, 0;
    %jmp T_1.14;
T_1.11 ;
    %load/vec4 v0x559afebcbcf0_0;
    %assign/vec4 v0x559afebcc340_0, 0;
    %pushi/vec4 0, 0, 1;
    %assign/vec4 v0x559afebcbf60_0, 0;
    %pushi/vec4 0, 0, 1;
    %assign/vec4 v0x559afebcc580_0, 0;
    %pushi/vec4 0, 0, 1;
    %assign/vec4 v0x559afebcc640_0, 0;
    %pushi/vec4 0, 0, 1;
    %assign/vec4 v0x559afebcc4c0_0, 0;
    %pushi/vec4 0, 0, 1;
    %assign/vec4 v0x559afebcbc30_0, 0;
    %pushi/vec4 0, 0, 1;
    %assign/vec4 v0x559afebcc100_0, 0;
    %pushi/vec4 0, 0, 1;
    %assign/vec4 v0x559afebcc400_0, 0;
    %pushi/vec4 0, 0, 1;
    %assign/vec4 v0x559afeb60c00_0, 0;
    %pushi/vec4 0, 0, 1;
    %assign/vec4 v0x559afebcc1c0_0, 0;
    %pushi/vec4 0, 0, 1;
    %assign/vec4 v0x559afebcc280_0, 0;
    %jmp T_1.14;
T_1.12 ;
    %load/vec4 v0x559afebcbcf0_0;
    %assign/vec4 v0x559afebcc280_0, 0;
    %pushi/vec4 0, 0, 1;
    %assign/vec4 v0x559afebcbf60_0, 0;
    %pushi/vec4 0, 0, 1;
    %assign/vec4 v0x559afebcc580_0, 0;
    %pushi/vec4 0, 0, 1;
    %assign/vec4 v0x559afebcc640_0, 0;
    %pushi/vec4 0, 0, 1;
    %assign/vec4 v0x559afebcc4c0_0, 0;
    %pushi/vec4 0, 0, 1;
    %assign/vec4 v0x559afebcbc30_0, 0;
    %pushi/vec4 0, 0, 1;
    %assign/vec4 v0x559afebcc100_0, 0;
    %pushi/vec4 0, 0, 1;
    %assign/vec4 v0x559afebcc400_0, 0;
    %pushi/vec4 0, 0, 1;
    %assign/vec4 v0x559afebcc340_0, 0;
    %pushi/vec4 0, 0, 1;
    %assign/vec4 v0x559afebcc1c0_0, 0;
    %pushi/vec4 0, 0, 1;
    %assign/vec4 v0x559afeb60c00_0, 0;
    %jmp T_1.14;
T_1.14 ;
    %pop/vec4 1;
    %jmp T_1.8;
T_1.8 ;
    %pop/vec4 1;
    %jmp T_1;
    .thread T_1, $push;
    .scope S_0x559afebacc40;
T_2 ;
    %vpi_call 2 37 "$dumpvars" {0 0 0};
    %delay 10, 0;
    %pushi/vec4 1, 0, 1;
    %assign/vec4 v0x559afebcca50_0, 0;
    %pushi/vec4 0, 0, 1;
    %assign/vec4 v0x559afebccb50_0, 0;
    %pushi/vec4 224, 0, 8;
    %assign/vec4 v0x559afebcccc0_0, 0;
    %delay 20, 0;
    %pushi/vec4 151, 3, 8;
    %assign/vec4 v0x559afebcccc0_0, 0;
    %delay 20, 0;
    %pushi/vec4 159, 3, 8;
    %assign/vec4 v0x559afebcccc0_0, 0;
    %pushi/vec4 0, 0, 1;
    %assign/vec4 v0x559afebcca50_0, 0;
    %delay 20, 0;
    %pushi/vec4 152, 0, 8;
    %assign/vec4 v0x559afebcccc0_0, 0;
    %pushi/vec4 1, 0, 1;
    %assign/vec4 v0x559afebccb50_0, 0;
    %delay 20, 0;
    %vpi_call 2 53 "$finish" {0 0 0};
    %end;
    .thread T_2;
# The file index is used to find the file name in the following table.
:file_names 4;
    "N/A";
    "<interactive>";
    "ins_dec_tb.v";
    "ins_dec.v";
