#! /usr/bin/vvp
:ivl_version "11.0 (stable)";
:ivl_delay_selection "TYPICAL";
:vpi_time_precision + 0;
:vpi_module "/usr/lib/x86_64-linux-gnu/ivl/system.vpi";
:vpi_module "/usr/lib/x86_64-linux-gnu/ivl/vhdl_sys.vpi";
:vpi_module "/usr/lib/x86_64-linux-gnu/ivl/vhdl_textio.vpi";
:vpi_module "/usr/lib/x86_64-linux-gnu/ivl/v2005_math.vpi";
:vpi_module "/usr/lib/x86_64-linux-gnu/ivl/va_math.vpi";
S_0x5652c9b50030 .scope module, "ram_tb" "ram_tb" 2 1;
 .timescale 0 0;
v0x5652c9b66af0_0 .var "tstadrs", 7 0;
v0x5652c9b66bd0_0 .var "tstclk", 0 0;
v0x5652c9b66c70_0 .var "tstdin", 7 0;
v0x5652c9b66d10_0 .net "tstdout", 15 0, L_0x5652c9b3cf00;  1 drivers
v0x5652c9b66de0_0 .var "tstrw", 0 0;
S_0x5652c9b501c0 .scope module, "dut" "ram" 2 9, 3 1 0, S_0x5652c9b50030;
 .timescale 0 0;
    .port_info 0 /INPUT 1 "clk";
    .port_info 1 /INPUT 1 "rw";
    .port_info 2 /INPUT 8 "adrs";
    .port_info 3 /OUTPUT 16 "dout";
    .port_info 4 /INPUT 8 "din";
L_0x5652c9b3cf00 .functor BUFZ 16, L_0x5652c9b66e80, C4<0000000000000000>, C4<0000000000000000>, C4<0000000000000000>;
v0x5652c9b3d060_0 .net *"_ivl_0", 15 0, L_0x5652c9b66e80;  1 drivers
v0x5652c9b3d320_0 .net *"_ivl_2", 9 0, L_0x5652c9b66f80;  1 drivers
L_0x7f7cdda56018 .functor BUFT 1, C4<00>, C4<0>, C4<0>, C4<0>;
v0x5652c9b3d560_0 .net *"_ivl_5", 1 0, L_0x7f7cdda56018;  1 drivers
v0x5652c9b3da80_0 .net "adrs", 7 0, v0x5652c9b66af0_0;  1 drivers
v0x5652c9b3dd00_0 .net "clk", 0 0, v0x5652c9b66bd0_0;  1 drivers
v0x5652c9b3e150_0 .net "din", 7 0, v0x5652c9b66c70_0;  1 drivers
v0x5652c9b667f0_0 .net "dout", 15 0, L_0x5652c9b3cf00;  alias, 1 drivers
v0x5652c9b668d0 .array "mem", 0 255, 15 0;
v0x5652c9b66990_0 .net "rw", 0 0, v0x5652c9b66de0_0;  1 drivers
E_0x5652c9b4e340 .event posedge, v0x5652c9b3dd00_0;
L_0x5652c9b66e80 .array/port v0x5652c9b668d0, L_0x5652c9b66f80;
L_0x5652c9b66f80 .concat [ 8 2 0 0], v0x5652c9b66af0_0, L_0x7f7cdda56018;
    .scope S_0x5652c9b501c0;
T_0 ;
    %wait E_0x5652c9b4e340;
    %load/vec4 v0x5652c9b66990_0;
    %cmpi/e 1, 0, 1;
    %jmp/0xz  T_0.0, 4;
    %pushi/vec4 0, 0, 8;
    %load/vec4 v0x5652c9b3e150_0;
    %concat/vec4; draw_concat_vec4
    %load/vec4 v0x5652c9b3da80_0;
    %pad/u 10;
    %ix/vec4 3;
    %ix/load 4, 0, 0; Constant delay
    %assign/vec4/a/d v0x5652c9b668d0, 0, 4;
T_0.0 ;
    %jmp T_0;
    .thread T_0;
    .scope S_0x5652c9b501c0;
T_1 ;
    %vpi_call 3 29 "$readmemb", "ram_contents.txt", v0x5652c9b668d0, 32'sb00000000000000000000000000000000, 32'sb00000000000000000000000011111111 {0 0 0};
    %end;
    .thread T_1;
    .scope S_0x5652c9b50030;
T_2 ;
    %pushi/vec4 0, 0, 1;
    %assign/vec4 v0x5652c9b66bd0_0, 0;
    %delay 5, 0;
    %pushi/vec4 1, 0, 1;
    %assign/vec4 v0x5652c9b66bd0_0, 0;
    %delay 5, 0;
    %jmp T_2;
    .thread T_2;
    .scope S_0x5652c9b50030;
T_3 ;
    %vpi_call 2 25 "$dumpvars" {0 0 0};
    %pushi/vec4 0, 0, 1;
    %assign/vec4 v0x5652c9b66de0_0, 0;
    %pushi/vec4 0, 0, 8;
    %assign/vec4 v0x5652c9b66af0_0, 0;
    %wait E_0x5652c9b4e340;
    %pushi/vec4 1, 0, 8;
    %assign/vec4 v0x5652c9b66af0_0, 0;
    %wait E_0x5652c9b4e340;
    %pushi/vec4 3, 0, 8;
    %assign/vec4 v0x5652c9b66af0_0, 0;
    %pushi/vec4 4, 0, 32;
T_3.0 %dup/vec4;
    %pushi/vec4 0, 0, 32;
    %cmp/s;
    %jmp/1xz T_3.1, 5;
    %jmp/1 T_3.1, 4;
    %pushi/vec4 1, 0, 32;
    %sub;
    %wait E_0x5652c9b4e340;
    %jmp T_3.0;
T_3.1 ;
    %pop/vec4 1;
    %wait E_0x5652c9b4e340;
    %pushi/vec4 1, 0, 1;
    %assign/vec4 v0x5652c9b66de0_0, 0;
    %pushi/vec4 255, 0, 8;
    %assign/vec4 v0x5652c9b66c70_0, 0;
    %pushi/vec4 4, 0, 32;
T_3.2 %dup/vec4;
    %pushi/vec4 0, 0, 32;
    %cmp/s;
    %jmp/1xz T_3.3, 5;
    %jmp/1 T_3.3, 4;
    %pushi/vec4 1, 0, 32;
    %sub;
    %wait E_0x5652c9b4e340;
    %jmp T_3.2;
T_3.3 ;
    %pop/vec4 1;
    %pushi/vec4 4, 0, 32;
T_3.4 %dup/vec4;
    %pushi/vec4 0, 0, 32;
    %cmp/s;
    %jmp/1xz T_3.5, 5;
    %jmp/1 T_3.5, 4;
    %pushi/vec4 1, 0, 32;
    %sub;
    %wait E_0x5652c9b4e340;
    %pushi/vec4 0, 0, 1;
    %assign/vec4 v0x5652c9b66de0_0, 0;
    %jmp T_3.4;
T_3.5 ;
    %pop/vec4 1;
    %delay 200, 0;
    %vpi_call 2 52 "$finish" {0 0 0};
    %end;
    .thread T_3;
# The file index is used to find the file name in the following table.
:file_names 4;
    "N/A";
    "<interactive>";
    "ram_tb.v";
    "ram.v";
