#! /usr/bin/vvp
:ivl_version "11.0 (stable)";
:ivl_delay_selection "TYPICAL";
:vpi_time_precision + 0;
:vpi_module "/usr/lib/x86_64-linux-gnu/ivl/system.vpi";
:vpi_module "/usr/lib/x86_64-linux-gnu/ivl/vhdl_sys.vpi";
:vpi_module "/usr/lib/x86_64-linux-gnu/ivl/vhdl_textio.vpi";
:vpi_module "/usr/lib/x86_64-linux-gnu/ivl/v2005_math.vpi";
:vpi_module "/usr/lib/x86_64-linux-gnu/ivl/va_math.vpi";
S_0x56120f0efd90 .scope module, "alu" "alu" 2 1;
 .timescale 0 0;
    .port_info 0 /INPUT 8 "a";
    .port_info 1 /INPUT 8 "b";
    .port_info 2 /INPUT 5 "alu";
    .port_info 3 /OUTPUT 8 "dout";
    .port_info 4 /OUTPUT 1 "carry";
o0x7fb5d7bb9018 .functor BUFZ 8, C4<zzzzzzzz>; HiZ drive
v0x56120f0eff20_0 .net "a", 7 0, o0x7fb5d7bb9018;  0 drivers
o0x7fb5d7bb9048 .functor BUFZ 5, C4<zzzzz>; HiZ drive
v0x56120f13bd10_0 .net "alu", 4 0, o0x7fb5d7bb9048;  0 drivers
o0x7fb5d7bb9078 .functor BUFZ 8, C4<zzzzzzzz>; HiZ drive
v0x56120f13bdf0_0 .net "b", 7 0, o0x7fb5d7bb9078;  0 drivers
v0x56120f13beb0_0 .net "carry", 0 0, L_0x56120f13c2c0;  1 drivers
v0x56120f13bf70_0 .net "dout", 7 0, L_0x56120f13c220;  1 drivers
v0x56120f13c0a0_0 .var "temp_dout", 8 0;
E_0x56120f128d00 .event edge, v0x56120f13bd10_0, v0x56120f0eff20_0, v0x56120f13bdf0_0;
L_0x56120f13c220 .part v0x56120f13c0a0_0, 0, 8;
L_0x56120f13c2c0 .part v0x56120f13c0a0_0, 8, 1;
    .scope S_0x56120f0efd90;
T_0 ;
    %wait E_0x56120f128d00;
    %load/vec4 v0x56120f13bd10_0;
    %dup/vec4;
    %pushi/vec4 0, 0, 5;
    %cmp/u;
    %jmp/1 T_0.0, 6;
    %dup/vec4;
    %pushi/vec4 1, 0, 5;
    %cmp/u;
    %jmp/1 T_0.1, 6;
    %dup/vec4;
    %pushi/vec4 2, 0, 5;
    %cmp/u;
    %jmp/1 T_0.2, 6;
    %dup/vec4;
    %pushi/vec4 3, 0, 5;
    %cmp/u;
    %jmp/1 T_0.3, 6;
    %dup/vec4;
    %pushi/vec4 12, 0, 5;
    %cmp/u;
    %jmp/1 T_0.4, 6;
    %dup/vec4;
    %pushi/vec4 20, 0, 5;
    %cmp/u;
    %jmp/1 T_0.5, 6;
    %jmp T_0.6;
T_0.0 ;
    %load/vec4 v0x56120f0eff20_0;
    %pad/u 9;
    %load/vec4 v0x56120f13bdf0_0;
    %pad/u 9;
    %add;
    %assign/vec4 v0x56120f13c0a0_0, 0;
    %jmp T_0.6;
T_0.1 ;
    %load/vec4 v0x56120f0eff20_0;
    %pad/u 9;
    %load/vec4 v0x56120f13bdf0_0;
    %pad/u 9;
    %and;
    %assign/vec4 v0x56120f13c0a0_0, 0;
    %jmp T_0.6;
T_0.2 ;
    %load/vec4 v0x56120f0eff20_0;
    %pad/u 9;
    %assign/vec4 v0x56120f13c0a0_0, 0;
    %jmp T_0.6;
T_0.3 ;
    %load/vec4 v0x56120f13bdf0_0;
    %pad/u 9;
    %assign/vec4 v0x56120f13c0a0_0, 0;
    %jmp T_0.6;
T_0.4 ;
    %load/vec4 v0x56120f0eff20_0;
    %pad/u 9;
    %load/vec4 v0x56120f13bdf0_0;
    %pad/u 9;
    %sub;
    %assign/vec4 v0x56120f13c0a0_0, 0;
    %jmp T_0.6;
T_0.5 ;
    %load/vec4 v0x56120f0eff20_0;
    %pad/u 9;
    %addi 1, 0, 9;
    %assign/vec4 v0x56120f13c0a0_0, 0;
    %jmp T_0.6;
T_0.6 ;
    %pop/vec4 1;
    %jmp T_0;
    .thread T_0, $push;
# The file index is used to find the file name in the following table.
:file_names 3;
    "N/A";
    "<interactive>";
    "alu.v";
