#! /usr/bin/vvp
:ivl_version "11.0 (stable)";
:ivl_delay_selection "TYPICAL";
:vpi_time_precision + 0;
:vpi_module "/usr/lib/x86_64-linux-gnu/ivl/system.vpi";
:vpi_module "/usr/lib/x86_64-linux-gnu/ivl/vhdl_sys.vpi";
:vpi_module "/usr/lib/x86_64-linux-gnu/ivl/vhdl_textio.vpi";
:vpi_module "/usr/lib/x86_64-linux-gnu/ivl/v2005_math.vpi";
:vpi_module "/usr/lib/x86_64-linux-gnu/ivl/va_math.vpi";
S_0x55cd59e469f0 .scope module, "alu_tb" "alu_tb" 2 1;
 .timescale 0 0;
v0x55cd59e5a270_0 .var "tsta", 7 0;
v0x55cd59e5a350_0 .var "tstalu", 4 0;
v0x55cd59e5a420_0 .var "tstb", 7 0;
v0x55cd59e5a520_0 .net "tstcarry", 0 0, L_0x55cd59e5a7d0;  1 drivers
v0x55cd59e5a5f0_0 .net "tstdout", 7 0, L_0x55cd59e5a6e0;  1 drivers
S_0x55cd59e46b80 .scope module, "dut" "alu" 2 8, 3 1 0, S_0x55cd59e469f0;
 .timescale 0 0;
    .port_info 0 /INPUT 8 "a";
    .port_info 1 /INPUT 8 "b";
    .port_info 2 /INPUT 5 "alu";
    .port_info 3 /OUTPUT 8 "dout";
    .port_info 4 /OUTPUT 1 "carry";
v0x55cd59e46d60_0 .net "a", 7 0, v0x55cd59e5a270_0;  1 drivers
v0x55cd59e59d60_0 .net "alu", 4 0, v0x55cd59e5a350_0;  1 drivers
v0x55cd59e59e40_0 .net "b", 7 0, v0x55cd59e5a420_0;  1 drivers
v0x55cd59e59f00_0 .net "carry", 0 0, L_0x55cd59e5a7d0;  alias, 1 drivers
v0x55cd59e59fc0_0 .net "dout", 7 0, L_0x55cd59e5a6e0;  alias, 1 drivers
v0x55cd59e5a0f0_0 .var "temp_dout", 8 0;
E_0x55cd59e43560 .event edge, v0x55cd59e59d60_0, v0x55cd59e46d60_0, v0x55cd59e59e40_0;
L_0x55cd59e5a6e0 .part v0x55cd59e5a0f0_0, 0, 8;
L_0x55cd59e5a7d0 .part v0x55cd59e5a0f0_0, 8, 1;
    .scope S_0x55cd59e46b80;
T_0 ;
    %wait E_0x55cd59e43560;
    %load/vec4 v0x55cd59e59d60_0;
    %dup/vec4;
    %pushi/vec4 0, 0, 5;
    %cmp/u;
    %jmp/1 T_0.0, 6;
    %dup/vec4;
    %pushi/vec4 1, 0, 5;
    %cmp/u;
    %jmp/1 T_0.1, 6;
    %dup/vec4;
    %pushi/vec4 2, 0, 5;
    %cmp/u;
    %jmp/1 T_0.2, 6;
    %dup/vec4;
    %pushi/vec4 3, 0, 5;
    %cmp/u;
    %jmp/1 T_0.3, 6;
    %dup/vec4;
    %pushi/vec4 12, 0, 5;
    %cmp/u;
    %jmp/1 T_0.4, 6;
    %dup/vec4;
    %pushi/vec4 20, 0, 5;
    %cmp/u;
    %jmp/1 T_0.5, 6;
    %jmp T_0.6;
T_0.0 ;
    %load/vec4 v0x55cd59e46d60_0;
    %pad/u 9;
    %load/vec4 v0x55cd59e59e40_0;
    %pad/u 9;
    %add;
    %assign/vec4 v0x55cd59e5a0f0_0, 0;
    %jmp T_0.6;
T_0.1 ;
    %load/vec4 v0x55cd59e46d60_0;
    %pad/u 9;
    %load/vec4 v0x55cd59e59e40_0;
    %pad/u 9;
    %and;
    %assign/vec4 v0x55cd59e5a0f0_0, 0;
    %jmp T_0.6;
T_0.2 ;
    %load/vec4 v0x55cd59e46d60_0;
    %pad/u 9;
    %assign/vec4 v0x55cd59e5a0f0_0, 0;
    %jmp T_0.6;
T_0.3 ;
    %load/vec4 v0x55cd59e59e40_0;
    %pad/u 9;
    %assign/vec4 v0x55cd59e5a0f0_0, 0;
    %jmp T_0.6;
T_0.4 ;
    %load/vec4 v0x55cd59e46d60_0;
    %pad/u 9;
    %load/vec4 v0x55cd59e59e40_0;
    %pad/u 9;
    %sub;
    %assign/vec4 v0x55cd59e5a0f0_0, 0;
    %jmp T_0.6;
T_0.5 ;
    %load/vec4 v0x55cd59e46d60_0;
    %pad/u 9;
    %addi 1, 0, 9;
    %assign/vec4 v0x55cd59e5a0f0_0, 0;
    %jmp T_0.6;
T_0.6 ;
    %pop/vec4 1;
    %jmp T_0;
    .thread T_0, $push;
    .scope S_0x55cd59e469f0;
T_1 ;
    %vpi_call 2 17 "$dumpvars" {0 0 0};
    %pushi/vec4 5, 0, 8;
    %assign/vec4 v0x55cd59e5a270_0, 0;
    %pushi/vec4 7, 0, 8;
    %assign/vec4 v0x55cd59e5a420_0, 0;
    %pushi/vec4 0, 0, 5;
    %assign/vec4 v0x55cd59e5a350_0, 0;
    %delay 20, 0;
    %pushi/vec4 12, 0, 5;
    %assign/vec4 v0x55cd59e5a350_0, 0;
    %delay 20, 0;
    %pushi/vec4 1, 0, 5;
    %assign/vec4 v0x55cd59e5a350_0, 0;
    %delay 20, 0;
    %vpi_call 2 27 "$finish" {0 0 0};
    %end;
    .thread T_1;
# The file index is used to find the file name in the following table.
:file_names 4;
    "N/A";
    "<interactive>";
    "alu_tb.v";
    "alu.v";
