#! /usr/bin/vvp
:ivl_version "11.0 (stable)";
:ivl_delay_selection "TYPICAL";
:vpi_time_precision + 0;
:vpi_module "/usr/lib/x86_64-linux-gnu/ivl/system.vpi";
:vpi_module "/usr/lib/x86_64-linux-gnu/ivl/vhdl_sys.vpi";
:vpi_module "/usr/lib/x86_64-linux-gnu/ivl/vhdl_textio.vpi";
:vpi_module "/usr/lib/x86_64-linux-gnu/ivl/v2005_math.vpi";
:vpi_module "/usr/lib/x86_64-linux-gnu/ivl/va_math.vpi";
S_0x55a1a38e0470 .scope module, "toplevel" "toplevel" 2 1;
 .timescale 0 0;
    .port_info 0 /INPUT 16 "din";
    .port_info 1 /INPUT 1 "clk";
    .port_info 2 /INPUT 1 "clr";
    .port_info 3 /OUTPUT 1 "rw";
    .port_info 4 /OUTPUT 8 "adrs";
    .port_info 5 /OUTPUT 8 "dout";
v0x55a1a39008c0_0 .net "a", 7 0, v0x55a1a38ff130_0;  1 drivers
v0x55a1a39009f0_0 .net "adrs", 7 0, v0x55a1a38ffdf0_0;  1 drivers
o0x7f52c1324068 .functor BUFZ 8, C4<zzzzzzzz>; HiZ drive
v0x55a1a3900ab0_0 .net "adrs_in", 7 0, o0x7f52c1324068;  0 drivers
v0x55a1a3900b80_0 .net "alu", 4 0, v0x55a1a38fcae0_0;  1 drivers
v0x55a1a3900c70_0 .net "alu_result", 7 0, L_0x55a1a3901e90;  1 drivers
v0x55a1a3900db0_0 .net "b", 7 0, v0x55a1a38ff770_0;  1 drivers
v0x55a1a3900ec0_0 .net "carry", 0 0, L_0x55a1a3901f30;  1 drivers
o0x7f52c1323078 .functor BUFZ 1, C4<z>; HiZ drive
v0x55a1a3900fb0_0 .net "clk", 0 0, o0x7f52c1323078;  0 drivers
o0x7f52c13230a8 .functor BUFZ 1, C4<z>; HiZ drive
v0x55a1a3901050_0 .net "clr", 0 0, o0x7f52c13230a8;  0 drivers
o0x7f52c1323be8 .functor BUFZ 16, C4<zzzzzzzzzzzzzzzz>; HiZ drive
v0x55a1a39010f0_0 .net "din", 15 0, o0x7f52c1323be8;  0 drivers
v0x55a1a39011b0_0 .net "dout", 7 0, v0x55a1a3879e80_0;  1 drivers
v0x55a1a3901250_0 .net "en_da", 0 0, v0x55a1a38fd0d0_0;  1 drivers
v0x55a1a39012f0_0 .net "en_ir", 0 0, v0x55a1a38fd1a0_0;  1 drivers
v0x55a1a3901390_0 .net "en_pc", 0 0, v0x55a1a38fd240_0;  1 drivers
v0x55a1a3901480_0 .net "ir_out", 15 0, v0x55a1a38fec30_0;  1 drivers
v0x55a1a3901540_0 .net "muxa", 0 0, v0x55a1a38fdd30_0;  1 drivers
v0x55a1a3901630_0 .net "muxb", 0 0, v0x55a1a38fddf0_0;  1 drivers
v0x55a1a3901720_0 .net "muxc", 0 0, v0x55a1a38fdeb0_0;  1 drivers
v0x55a1a3901810_0 .net "pc_out", 7 0, v0x55a1a39004f0_0;  1 drivers
v0x55a1a39018b0_0 .net "rw", 0 0, v0x55a1a38fe030_0;  1 drivers
v0x55a1a3901950_0 .net "zero", 0 0, v0x55a1a38fb230_0;  1 drivers
L_0x55a1a3901df0 .part v0x55a1a38fec30_0, 8, 8;
L_0x55a1a3902020 .part o0x7f52c1323be8, 0, 8;
L_0x55a1a3902110 .part v0x55a1a38fec30_0, 0, 8;
L_0x55a1a39021b0 .part v0x55a1a38fec30_0, 0, 8;
S_0x55a1a38b0fa0 .scope module, "dut_acc" "acc" 2 76, 3 1 0, S_0x55a1a38e0470;
 .timescale 0 0;
    .port_info 0 /INPUT 1 "clk";
    .port_info 1 /INPUT 1 "clr";
    .port_info 2 /INPUT 8 "acc_in";
    .port_info 3 /OUTPUT 8 "acc_out";
    .port_info 4 /INPUT 1 "en_da";
v0x55a1a3879550_0 .net "acc_in", 7 0, L_0x55a1a3901e90;  alias, 1 drivers
v0x55a1a3879e80_0 .var "acc_out", 7 0;
v0x55a1a3879f50_0 .net "clk", 0 0, o0x7f52c1323078;  alias, 0 drivers
v0x55a1a38d6eb0_0 .net "clr", 0 0, o0x7f52c13230a8;  alias, 0 drivers
v0x55a1a38dac20_0 .net "en_da", 0 0, v0x55a1a38fd0d0_0;  alias, 1 drivers
E_0x55a1a38b8770/0 .event negedge, v0x55a1a38d6eb0_0;
E_0x55a1a38b8770/1 .event posedge, v0x55a1a3879f50_0;
E_0x55a1a38b8770 .event/or E_0x55a1a38b8770/0, E_0x55a1a38b8770/1;
S_0x55a1a38fa690 .scope module, "dut_alu" "alu" 2 67, 4 1 0, S_0x55a1a38e0470;
 .timescale 0 0;
    .port_info 0 /INPUT 8 "a";
    .port_info 1 /INPUT 8 "b";
    .port_info 2 /INPUT 5 "alu";
    .port_info 3 /OUTPUT 8 "dout";
    .port_info 4 /OUTPUT 1 "carry";
    .port_info 5 /OUTPUT 1 "zero";
P_0x55a1a38fa890 .param/l "ADD" 1 4 19, C4<00000>;
P_0x55a1a38fa8d0 .param/l "BITAND" 1 4 20, C4<00001>;
P_0x55a1a38fa910 .param/l "INCREMENT" 1 4 24, C4<10100>;
P_0x55a1a38fa950 .param/l "INP_A" 1 4 21, C4<00010>;
P_0x55a1a38fa990 .param/l "INP_B" 1 4 22, C4<00011>;
P_0x55a1a38fa9d0 .param/l "SUB" 1 4 23, C4<01100>;
v0x55a1a38fad00_0 .net "a", 7 0, v0x55a1a38ff130_0;  alias, 1 drivers
v0x55a1a38fae00_0 .net "alu", 4 0, v0x55a1a38fcae0_0;  alias, 1 drivers
v0x55a1a38faee0_0 .net "b", 7 0, v0x55a1a38ff770_0;  alias, 1 drivers
v0x55a1a38fafa0_0 .net "carry", 0 0, L_0x55a1a3901f30;  alias, 1 drivers
v0x55a1a38fb060_0 .net "dout", 7 0, L_0x55a1a3901e90;  alias, 1 drivers
v0x55a1a38fb170_0 .var "temp_dout", 8 0;
v0x55a1a38fb230_0 .var "zero", 0 0;
E_0x55a1a3866ab0 .event edge, v0x55a1a38fb170_0;
E_0x55a1a38e0660 .event edge, v0x55a1a38fae00_0, v0x55a1a38fad00_0, v0x55a1a38faee0_0;
L_0x55a1a3901e90 .part v0x55a1a38fb170_0, 0, 8;
L_0x55a1a3901f30 .part v0x55a1a38fb170_0, 8, 1;
S_0x55a1a38fb3b0 .scope module, "dut_decoder" "decoder" 2 52, 5 1 0, S_0x55a1a38e0470;
 .timescale 0 0;
    .port_info 0 /INPUT 1 "clk";
    .port_info 1 /INPUT 1 "clr";
    .port_info 2 /INPUT 1 "carry";
    .port_info 3 /INPUT 1 "zero";
    .port_info 4 /INPUT 8 "ir";
    .port_info 5 /OUTPUT 1 "rw";
    .port_info 6 /OUTPUT 5 "alu";
    .port_info 7 /OUTPUT 1 "muxa";
    .port_info 8 /OUTPUT 1 "muxb";
    .port_info 9 /OUTPUT 1 "muxc";
    .port_info 10 /OUTPUT 1 "en_ir";
    .port_info 11 /OUTPUT 1 "en_da";
    .port_info 12 /OUTPUT 1 "en_pc";
P_0x55a1a38fb590 .param/l "ADD" 1 5 38, C4<0100>;
P_0x55a1a38fb5d0 .param/l "BITAND" 1 5 39, C4<0001>;
P_0x55a1a38fb610 .param/l "CARRY" 1 5 46, C4<10>;
P_0x55a1a38fb650 .param/l "DECODE" 1 5 34, C4<0100>;
P_0x55a1a38fb690 .param/l "EXECUTE" 1 5 35, C4<0010>;
P_0x55a1a38fb6d0 .param/l "FETCH" 1 5 33, C4<1000>;
P_0x55a1a38fb710 .param/l "IDLE" 1 5 32, C4<0000>;
P_0x55a1a38fb750 .param/l "INCREMENT" 1 5 36, C4<0001>;
P_0x55a1a38fb790 .param/l "INPUT" 1 5 41, C4<1010>;
P_0x55a1a38fb7d0 .param/l "JUMP" 1 5 43, C4<1000>;
P_0x55a1a38fb810 .param/l "JUMP_CONDITION" 1 5 44, C4<1001>;
P_0x55a1a38fb850 .param/l "LOAD" 1 5 37, C4<0000>;
P_0x55a1a38fb890 .param/l "NO_CARRY" 1 5 48, C4<11>;
P_0x55a1a38fb8d0 .param/l "NO_ZERO" 1 5 47, C4<01>;
P_0x55a1a38fb910 .param/l "OUTPUT" 1 5 42, C4<1110>;
P_0x55a1a38fb950 .param/l "SUB" 1 5 40, C4<0110>;
P_0x55a1a38fb990 .param/l "ZERO" 1 5 45, C4<00>;
v0x55a1a38fca20_0 .var "add", 0 0;
v0x55a1a38fcae0_0 .var "alu", 4 0;
v0x55a1a38fcba0_0 .var "bitand", 0 0;
v0x55a1a38fcc40_0 .net "carry", 0 0, L_0x55a1a3901f30;  alias, 1 drivers
v0x55a1a38fcce0_0 .var "carry_reg", 0 0;
v0x55a1a38fcd80_0 .net "clk", 0 0, o0x7f52c1323078;  alias, 0 drivers
v0x55a1a38fce20_0 .net "clr", 0 0, o0x7f52c13230a8;  alias, 0 drivers
v0x55a1a38fcef0_0 .net "d", 0 0, L_0x55a1a3901bc0;  1 drivers
v0x55a1a38fcf90_0 .var "decexe", 0 0;
v0x55a1a38fd030_0 .net "e", 0 0, L_0x55a1a3901cb0;  1 drivers
v0x55a1a38fd0d0_0 .var "en_da", 0 0;
v0x55a1a38fd1a0_0 .var "en_ir", 0 0;
v0x55a1a38fd240_0 .var "en_pc", 0 0;
v0x55a1a38fd300_0 .net "f", 0 0, L_0x55a1a3901b20;  1 drivers
v0x55a1a38fd3c0_0 .net "i", 0 0, L_0x55a1a3901d50;  1 drivers
v0x55a1a38fd480_0 .var "inp", 0 0;
v0x55a1a38fd540_0 .net "ir", 7 0, L_0x55a1a3901df0;  1 drivers
v0x55a1a38fd730_0 .var "jump", 0 0;
v0x55a1a38fd7f0_0 .var "jump_not_taken", 0 0;
v0x55a1a38fd8b0_0 .var "jump_taken", 0 0;
v0x55a1a38fd970_0 .var "jumpc", 0 0;
v0x55a1a38fda30_0 .var "jumpnc", 0 0;
v0x55a1a38fdaf0_0 .var "jumpnz", 0 0;
v0x55a1a38fdbb0_0 .var "jumpz", 0 0;
v0x55a1a38fdc70_0 .var "load", 0 0;
v0x55a1a38fdd30_0 .var "muxa", 0 0;
v0x55a1a38fddf0_0 .var "muxb", 0 0;
v0x55a1a38fdeb0_0 .var "muxc", 0 0;
v0x55a1a38fdf70_0 .var "outp", 0 0;
v0x55a1a38fe030_0 .var "rw", 0 0;
v0x55a1a38fe0f0_0 .var "state", 3 0;
v0x55a1a38fe1d0_0 .var "sub", 0 0;
v0x55a1a38fe290_0 .net "zero", 0 0, v0x55a1a38fb230_0;  alias, 1 drivers
v0x55a1a38fe570_0 .var "zero_reg", 0 0;
E_0x55a1a38b8c50 .event edge, v0x55a1a38fd3c0_0, v0x55a1a38fd7f0_0, v0x55a1a38fd030_0, v0x55a1a38fd8b0_0;
E_0x55a1a38fc2c0/0 .event edge, v0x55a1a38fdbb0_0, v0x55a1a38fe570_0, v0x55a1a38fdaf0_0, v0x55a1a38fd970_0;
E_0x55a1a38fc2c0/1 .event edge, v0x55a1a38fcce0_0, v0x55a1a38fda30_0, v0x55a1a38fd730_0;
E_0x55a1a38fc2c0 .event/or E_0x55a1a38fc2c0/0, E_0x55a1a38fc2c0/1;
E_0x55a1a38fc340/0 .event edge, v0x55a1a38fd030_0, v0x55a1a38fdc70_0, v0x55a1a38fca20_0, v0x55a1a38fe1d0_0;
E_0x55a1a38fc340/1 .event edge, v0x55a1a38fcba0_0, v0x55a1a38fd480_0;
E_0x55a1a38fc340 .event/or E_0x55a1a38fc340/0, E_0x55a1a38fc340/1;
E_0x55a1a38fc3c0 .event edge, v0x55a1a38fd300_0;
E_0x55a1a38fc450 .event edge, v0x55a1a38fd480_0, v0x55a1a38fdf70_0;
E_0x55a1a38fc4b0 .event edge, v0x55a1a38fdc70_0, v0x55a1a38fca20_0, v0x55a1a38fcba0_0, v0x55a1a38fe1d0_0;
E_0x55a1a38fc560 .event edge, v0x55a1a38fd3c0_0;
E_0x55a1a38fc5c0 .event edge, v0x55a1a38fe1d0_0;
E_0x55a1a38fc4f0 .event edge, v0x55a1a38fd3c0_0, v0x55a1a38fe1d0_0;
E_0x55a1a38fc690/0 .event edge, v0x55a1a38fdf70_0, v0x55a1a38fd480_0, v0x55a1a38fdc70_0, v0x55a1a38fd730_0;
E_0x55a1a38fc690/1 .event edge, v0x55a1a38fd970_0, v0x55a1a38fda30_0, v0x55a1a38fdbb0_0, v0x55a1a38fdaf0_0;
E_0x55a1a38fc690 .event/or E_0x55a1a38fc690/0, E_0x55a1a38fc690/1;
E_0x55a1a38fc780/0 .event edge, v0x55a1a38fcba0_0, v0x55a1a38fd480_0, v0x55a1a38fdc70_0, v0x55a1a38fd730_0;
E_0x55a1a38fc780/1 .event edge, v0x55a1a38fd970_0, v0x55a1a38fda30_0, v0x55a1a38fdbb0_0, v0x55a1a38fdaf0_0;
E_0x55a1a38fc780 .event/or E_0x55a1a38fc780/0, E_0x55a1a38fc780/1;
E_0x55a1a38fc810 .event edge, v0x55a1a38fd030_0, v0x55a1a38fdf70_0;
E_0x55a1a38fc8e0 .event edge, v0x55a1a38fd540_0, v0x55a1a38fcf90_0;
E_0x55a1a38fc940 .event edge, v0x55a1a38fcef0_0, v0x55a1a38fd030_0;
L_0x55a1a3901b20 .part v0x55a1a38fe0f0_0, 3, 1;
L_0x55a1a3901bc0 .part v0x55a1a38fe0f0_0, 2, 1;
L_0x55a1a3901cb0 .part v0x55a1a38fe0f0_0, 1, 1;
L_0x55a1a3901d50 .part v0x55a1a38fe0f0_0, 0, 1;
S_0x55a1a38fe7b0 .scope module, "dut_ir" "ir" 2 36, 6 9 0, S_0x55a1a38e0470;
 .timescale 0 0;
    .port_info 0 /INPUT 1 "clk";
    .port_info 1 /INPUT 1 "clr";
    .port_info 2 /INPUT 16 "d_in";
    .port_info 3 /OUTPUT 16 "d_out";
    .port_info 4 /INPUT 1 "en_ir";
v0x55a1a38fe970_0 .net "clk", 0 0, o0x7f52c1323078;  alias, 0 drivers
v0x55a1a38fea80_0 .net "clr", 0 0, o0x7f52c13230a8;  alias, 0 drivers
v0x55a1a38feb90_0 .net "d_in", 15 0, o0x7f52c1323be8;  alias, 0 drivers
v0x55a1a38fec30_0 .var "d_out", 15 0;
v0x55a1a38fed10_0 .net "en_ir", 0 0, v0x55a1a38fd1a0_0;  alias, 1 drivers
S_0x55a1a38fee80 .scope module, "dut_muxa" "mux_a" 2 84, 7 1 0, S_0x55a1a38e0470;
 .timescale 0 0;
    .port_info 0 /INPUT 1 "muxa";
    .port_info 1 /INPUT 8 "acc";
    .port_info 2 /INPUT 8 "pc";
    .port_info 3 /OUTPUT 8 "a";
v0x55a1a38ff130_0 .var "a", 7 0;
v0x55a1a38ff210_0 .net "acc", 7 0, v0x55a1a3879e80_0;  alias, 1 drivers
v0x55a1a38ff2e0_0 .net "muxa", 0 0, v0x55a1a38fdd30_0;  alias, 1 drivers
v0x55a1a38ff3e0_0 .net "pc", 7 0, v0x55a1a39004f0_0;  alias, 1 drivers
E_0x55a1a38ff0b0 .event edge, v0x55a1a38fdd30_0, v0x55a1a3879e80_0, v0x55a1a38ff3e0_0;
S_0x55a1a38ff510 .scope module, "dut_muxb" "mux_b" 2 91, 8 1 0, S_0x55a1a38e0470;
 .timescale 0 0;
    .port_info 0 /INPUT 1 "muxb";
    .port_info 1 /INPUT 8 "mem";
    .port_info 2 /INPUT 8 "ir";
    .port_info 3 /OUTPUT 8 "b";
v0x55a1a38ff770_0 .var "b", 7 0;
v0x55a1a38ff880_0 .net "ir", 7 0, L_0x55a1a3902110;  1 drivers
v0x55a1a38ff940_0 .net "mem", 7 0, L_0x55a1a3902020;  1 drivers
v0x55a1a38ffa30_0 .net "muxb", 0 0, v0x55a1a38fddf0_0;  alias, 1 drivers
E_0x55a1a38ff6f0 .event edge, v0x55a1a38fddf0_0, v0x55a1a38ff940_0, v0x55a1a38ff880_0;
S_0x55a1a38ffb90 .scope module, "dut_muxc" "mux_c" 2 98, 9 1 0, S_0x55a1a38e0470;
 .timescale 0 0;
    .port_info 0 /INPUT 1 "muxc";
    .port_info 1 /INPUT 8 "pc";
    .port_info 2 /INPUT 8 "ir";
    .port_info 3 /OUTPUT 8 "c";
v0x55a1a38ffdf0_0 .var "c", 7 0;
v0x55a1a38ffef0_0 .net "ir", 7 0, L_0x55a1a39021b0;  1 drivers
v0x55a1a38fffd0_0 .net "muxc", 0 0, v0x55a1a38fdeb0_0;  alias, 1 drivers
v0x55a1a39000d0_0 .net "pc", 7 0, v0x55a1a39004f0_0;  alias, 1 drivers
E_0x55a1a38ffd70 .event edge, v0x55a1a38fdeb0_0, v0x55a1a38ff3e0_0, v0x55a1a38ffef0_0;
S_0x55a1a3900210 .scope module, "dut_pc" "pc" 2 44, 10 1 0, S_0x55a1a38e0470;
 .timescale 0 0;
    .port_info 0 /INPUT 1 "clk";
    .port_info 1 /INPUT 1 "clr";
    .port_info 2 /INPUT 8 "adrs_in";
    .port_info 3 /OUTPUT 8 "adrs_out";
    .port_info 4 /INPUT 1 "en_pc";
v0x55a1a39003f0_0 .net "adrs_in", 7 0, o0x7f52c1324068;  alias, 0 drivers
v0x55a1a39004f0_0 .var "adrs_out", 7 0;
v0x55a1a3900600_0 .net "clk", 0 0, o0x7f52c1323078;  alias, 0 drivers
v0x55a1a39006a0_0 .net "clr", 0 0, o0x7f52c13230a8;  alias, 0 drivers
v0x55a1a3900740_0 .net "en_pc", 0 0, v0x55a1a38fd240_0;  alias, 1 drivers
    .scope S_0x55a1a38fe7b0;
T_0 ;
    %wait E_0x55a1a38b8770;
    %load/vec4 v0x55a1a38fea80_0;
    %cmpi/e 0, 0, 1;
    %jmp/0xz  T_0.0, 6;
    %pushi/vec4 0, 0, 16;
    %assign/vec4 v0x55a1a38fec30_0, 0;
    %jmp T_0.1;
T_0.0 ;
    %load/vec4 v0x55a1a38fed10_0;
    %cmpi/e 1, 0, 1;
    %jmp/0xz  T_0.2, 6;
    %load/vec4 v0x55a1a38feb90_0;
    %assign/vec4 v0x55a1a38fec30_0, 0;
T_0.2 ;
T_0.1 ;
    %jmp T_0;
    .thread T_0;
    .scope S_0x55a1a3900210;
T_1 ;
    %wait E_0x55a1a38b8770;
    %load/vec4 v0x55a1a39006a0_0;
    %cmpi/e 0, 0, 1;
    %jmp/0xz  T_1.0, 4;
    %pushi/vec4 0, 0, 8;
    %assign/vec4 v0x55a1a39004f0_0, 0;
    %jmp T_1.1;
T_1.0 ;
    %load/vec4 v0x55a1a3900740_0;
    %cmpi/e 1, 0, 1;
    %jmp/0xz  T_1.2, 4;
    %load/vec4 v0x55a1a39003f0_0;
    %assign/vec4 v0x55a1a39004f0_0, 0;
T_1.2 ;
T_1.1 ;
    %jmp T_1;
    .thread T_1;
    .scope S_0x55a1a38fb3b0;
T_2 ;
    %wait E_0x55a1a38b8770;
    %load/vec4 v0x55a1a38fce20_0;
    %cmpi/e 0, 0, 1;
    %jmp/0xz  T_2.0, 4;
    %pushi/vec4 0, 0, 4;
    %assign/vec4 v0x55a1a38fe0f0_0, 0;
    %jmp T_2.1;
T_2.0 ;
    %load/vec4 v0x55a1a38fe0f0_0;
    %dup/vec4;
    %pushi/vec4 0, 0, 4;
    %cmp/u;
    %jmp/1 T_2.2, 6;
    %dup/vec4;
    %pushi/vec4 8, 0, 4;
    %cmp/u;
    %jmp/1 T_2.3, 6;
    %dup/vec4;
    %pushi/vec4 4, 0, 4;
    %cmp/u;
    %jmp/1 T_2.4, 6;
    %dup/vec4;
    %pushi/vec4 2, 0, 4;
    %cmp/u;
    %jmp/1 T_2.5, 6;
    %dup/vec4;
    %pushi/vec4 1, 0, 4;
    %cmp/u;
    %jmp/1 T_2.6, 6;
    %pushi/vec4 0, 0, 4;
    %assign/vec4 v0x55a1a38fe0f0_0, 0;
    %jmp T_2.8;
T_2.2 ;
    %pushi/vec4 8, 0, 4;
    %assign/vec4 v0x55a1a38fe0f0_0, 0;
    %jmp T_2.8;
T_2.3 ;
    %pushi/vec4 4, 0, 4;
    %assign/vec4 v0x55a1a38fe0f0_0, 0;
    %jmp T_2.8;
T_2.4 ;
    %pushi/vec4 2, 0, 4;
    %assign/vec4 v0x55a1a38fe0f0_0, 0;
    %jmp T_2.8;
T_2.5 ;
    %pushi/vec4 1, 0, 4;
    %assign/vec4 v0x55a1a38fe0f0_0, 0;
    %jmp T_2.8;
T_2.6 ;
    %pushi/vec4 8, 0, 4;
    %assign/vec4 v0x55a1a38fe0f0_0, 0;
    %jmp T_2.8;
T_2.8 ;
    %pop/vec4 1;
T_2.1 ;
    %jmp T_2;
    .thread T_2;
    .scope S_0x55a1a38fb3b0;
T_3 ;
    %wait E_0x55a1a38b8770;
    %load/vec4 v0x55a1a38fce20_0;
    %cmpi/e 0, 0, 1;
    %jmp/0xz  T_3.0, 4;
    %pushi/vec4 0, 0, 1;
    %assign/vec4 v0x55a1a38fcce0_0, 0;
    %jmp T_3.1;
T_3.0 ;
    %load/vec4 v0x55a1a38fca20_0;
    %load/vec4 v0x55a1a38fe1d0_0;
    %or;
    %load/vec4 v0x55a1a38fcba0_0;
    %pushi/vec4 1, 0, 1;
    %cmp/e;
    %flag_get/vec4 4;
    %or;
    %flag_set/vec4 8;
    %jmp/0xz  T_3.2, 8;
    %load/vec4 v0x55a1a38fcc40_0;
    %assign/vec4 v0x55a1a38fcce0_0, 0;
T_3.2 ;
T_3.1 ;
    %jmp T_3;
    .thread T_3;
    .scope S_0x55a1a38fb3b0;
T_4 ;
    %wait E_0x55a1a38b8770;
    %load/vec4 v0x55a1a38fce20_0;
    %cmpi/e 0, 0, 1;
    %jmp/0xz  T_4.0, 4;
    %pushi/vec4 0, 0, 1;
    %assign/vec4 v0x55a1a38fe570_0, 0;
    %jmp T_4.1;
T_4.0 ;
    %load/vec4 v0x55a1a38fca20_0;
    %load/vec4 v0x55a1a38fe1d0_0;
    %or;
    %load/vec4 v0x55a1a38fcba0_0;
    %pushi/vec4 1, 0, 1;
    %cmp/e;
    %flag_get/vec4 4;
    %or;
    %flag_set/vec4 8;
    %jmp/0xz  T_4.2, 8;
    %load/vec4 v0x55a1a38fe290_0;
    %assign/vec4 v0x55a1a38fe570_0, 0;
T_4.2 ;
T_4.1 ;
    %jmp T_4;
    .thread T_4;
    .scope S_0x55a1a38fb3b0;
T_5 ;
    %wait E_0x55a1a38fc940;
    %load/vec4 v0x55a1a38fcef0_0;
    %flag_set/vec4 8;
    %load/vec4 v0x55a1a38fd030_0;
    %cmpi/e 1, 0, 1;
    %flag_or 4, 8;
    %jmp/0xz  T_5.0, 4;
    %pushi/vec4 1, 0, 1;
    %assign/vec4 v0x55a1a38fcf90_0, 0;
    %jmp T_5.1;
T_5.0 ;
    %pushi/vec4 0, 0, 1;
    %assign/vec4 v0x55a1a38fcf90_0, 0;
T_5.1 ;
    %jmp T_5;
    .thread T_5, $push;
    .scope S_0x55a1a38fb3b0;
T_6 ;
    %wait E_0x55a1a38fc8e0;
    %load/vec4 v0x55a1a38fd540_0;
    %parti/s 4, 4, 4;
    %dup/vec4;
    %pushi/vec4 0, 0, 4;
    %cmp/u;
    %jmp/1 T_6.0, 6;
    %dup/vec4;
    %pushi/vec4 4, 0, 4;
    %cmp/u;
    %jmp/1 T_6.1, 6;
    %dup/vec4;
    %pushi/vec4 1, 0, 4;
    %cmp/u;
    %jmp/1 T_6.2, 6;
    %dup/vec4;
    %pushi/vec4 6, 0, 4;
    %cmp/u;
    %jmp/1 T_6.3, 6;
    %dup/vec4;
    %pushi/vec4 10, 0, 4;
    %cmp/u;
    %jmp/1 T_6.4, 6;
    %dup/vec4;
    %pushi/vec4 14, 0, 4;
    %cmp/u;
    %jmp/1 T_6.5, 6;
    %dup/vec4;
    %pushi/vec4 8, 0, 4;
    %cmp/u;
    %jmp/1 T_6.6, 6;
    %dup/vec4;
    %pushi/vec4 9, 0, 4;
    %cmp/u;
    %jmp/1 T_6.7, 6;
    %jmp T_6.8;
T_6.0 ;
    %load/vec4 v0x55a1a38fcf90_0;
    %assign/vec4 v0x55a1a38fdc70_0, 0;
    %pushi/vec4 0, 0, 1;
    %assign/vec4 v0x55a1a38fd480_0, 0;
    %pushi/vec4 0, 0, 1;
    %assign/vec4 v0x55a1a38fdf70_0, 0;
    %pushi/vec4 0, 0, 1;
    %assign/vec4 v0x55a1a38fe1d0_0, 0;
    %pushi/vec4 0, 0, 1;
    %assign/vec4 v0x55a1a38fca20_0, 0;
    %pushi/vec4 0, 0, 1;
    %assign/vec4 v0x55a1a38fcba0_0, 0;
    %pushi/vec4 0, 0, 1;
    %assign/vec4 v0x55a1a38fd730_0, 0;
    %pushi/vec4 0, 0, 1;
    %assign/vec4 v0x55a1a38fdbb0_0, 0;
    %pushi/vec4 0, 0, 1;
    %assign/vec4 v0x55a1a38fdaf0_0, 0;
    %pushi/vec4 0, 0, 1;
    %assign/vec4 v0x55a1a38fd970_0, 0;
    %pushi/vec4 0, 0, 1;
    %assign/vec4 v0x55a1a38fda30_0, 0;
    %jmp T_6.8;
T_6.1 ;
    %load/vec4 v0x55a1a38fcf90_0;
    %assign/vec4 v0x55a1a38fca20_0, 0;
    %pushi/vec4 0, 0, 1;
    %assign/vec4 v0x55a1a38fd480_0, 0;
    %pushi/vec4 0, 0, 1;
    %assign/vec4 v0x55a1a38fdf70_0, 0;
    %pushi/vec4 0, 0, 1;
    %assign/vec4 v0x55a1a38fe1d0_0, 0;
    %pushi/vec4 0, 0, 1;
    %assign/vec4 v0x55a1a38fdc70_0, 0;
    %pushi/vec4 0, 0, 1;
    %assign/vec4 v0x55a1a38fcba0_0, 0;
    %pushi/vec4 0, 0, 1;
    %assign/vec4 v0x55a1a38fd730_0, 0;
    %pushi/vec4 0, 0, 1;
    %assign/vec4 v0x55a1a38fdbb0_0, 0;
    %pushi/vec4 0, 0, 1;
    %assign/vec4 v0x55a1a38fdaf0_0, 0;
    %pushi/vec4 0, 0, 1;
    %assign/vec4 v0x55a1a38fd970_0, 0;
    %pushi/vec4 0, 0, 1;
    %assign/vec4 v0x55a1a38fda30_0, 0;
    %jmp T_6.8;
T_6.2 ;
    %load/vec4 v0x55a1a38fcf90_0;
    %assign/vec4 v0x55a1a38fcba0_0, 0;
    %pushi/vec4 0, 0, 1;
    %assign/vec4 v0x55a1a38fd480_0, 0;
    %pushi/vec4 0, 0, 1;
    %assign/vec4 v0x55a1a38fdf70_0, 0;
    %pushi/vec4 0, 0, 1;
    %assign/vec4 v0x55a1a38fe1d0_0, 0;
    %pushi/vec4 0, 0, 1;
    %assign/vec4 v0x55a1a38fdc70_0, 0;
    %pushi/vec4 0, 0, 1;
    %assign/vec4 v0x55a1a38fca20_0, 0;
    %pushi/vec4 0, 0, 1;
    %assign/vec4 v0x55a1a38fd730_0, 0;
    %pushi/vec4 0, 0, 1;
    %assign/vec4 v0x55a1a38fdbb0_0, 0;
    %pushi/vec4 0, 0, 1;
    %assign/vec4 v0x55a1a38fdaf0_0, 0;
    %pushi/vec4 0, 0, 1;
    %assign/vec4 v0x55a1a38fd970_0, 0;
    %pushi/vec4 0, 0, 1;
    %assign/vec4 v0x55a1a38fda30_0, 0;
    %jmp T_6.8;
T_6.3 ;
    %load/vec4 v0x55a1a38fcf90_0;
    %assign/vec4 v0x55a1a38fe1d0_0, 0;
    %pushi/vec4 0, 0, 1;
    %assign/vec4 v0x55a1a38fd480_0, 0;
    %pushi/vec4 0, 0, 1;
    %assign/vec4 v0x55a1a38fdf70_0, 0;
    %pushi/vec4 0, 0, 1;
    %assign/vec4 v0x55a1a38fca20_0, 0;
    %pushi/vec4 0, 0, 1;
    %assign/vec4 v0x55a1a38fdc70_0, 0;
    %pushi/vec4 0, 0, 1;
    %assign/vec4 v0x55a1a38fcba0_0, 0;
    %pushi/vec4 0, 0, 1;
    %assign/vec4 v0x55a1a38fd730_0, 0;
    %pushi/vec4 0, 0, 1;
    %assign/vec4 v0x55a1a38fdbb0_0, 0;
    %pushi/vec4 0, 0, 1;
    %assign/vec4 v0x55a1a38fdaf0_0, 0;
    %pushi/vec4 0, 0, 1;
    %assign/vec4 v0x55a1a38fd970_0, 0;
    %pushi/vec4 0, 0, 1;
    %assign/vec4 v0x55a1a38fda30_0, 0;
    %jmp T_6.8;
T_6.4 ;
    %load/vec4 v0x55a1a38fcf90_0;
    %assign/vec4 v0x55a1a38fd480_0, 0;
    %pushi/vec4 0, 0, 1;
    %assign/vec4 v0x55a1a38fca20_0, 0;
    %pushi/vec4 0, 0, 1;
    %assign/vec4 v0x55a1a38fdf70_0, 0;
    %pushi/vec4 0, 0, 1;
    %assign/vec4 v0x55a1a38fe1d0_0, 0;
    %pushi/vec4 0, 0, 1;
    %assign/vec4 v0x55a1a38fdc70_0, 0;
    %pushi/vec4 0, 0, 1;
    %assign/vec4 v0x55a1a38fcba0_0, 0;
    %pushi/vec4 0, 0, 1;
    %assign/vec4 v0x55a1a38fd730_0, 0;
    %pushi/vec4 0, 0, 1;
    %assign/vec4 v0x55a1a38fdbb0_0, 0;
    %pushi/vec4 0, 0, 1;
    %assign/vec4 v0x55a1a38fdaf0_0, 0;
    %pushi/vec4 0, 0, 1;
    %assign/vec4 v0x55a1a38fd970_0, 0;
    %pushi/vec4 0, 0, 1;
    %assign/vec4 v0x55a1a38fda30_0, 0;
    %jmp T_6.8;
T_6.5 ;
    %load/vec4 v0x55a1a38fcf90_0;
    %assign/vec4 v0x55a1a38fdf70_0, 0;
    %pushi/vec4 0, 0, 1;
    %assign/vec4 v0x55a1a38fd480_0, 0;
    %pushi/vec4 0, 0, 1;
    %assign/vec4 v0x55a1a38fca20_0, 0;
    %pushi/vec4 0, 0, 1;
    %assign/vec4 v0x55a1a38fe1d0_0, 0;
    %pushi/vec4 0, 0, 1;
    %assign/vec4 v0x55a1a38fdc70_0, 0;
    %pushi/vec4 0, 0, 1;
    %assign/vec4 v0x55a1a38fcba0_0, 0;
    %pushi/vec4 0, 0, 1;
    %assign/vec4 v0x55a1a38fd730_0, 0;
    %pushi/vec4 0, 0, 1;
    %assign/vec4 v0x55a1a38fdbb0_0, 0;
    %pushi/vec4 0, 0, 1;
    %assign/vec4 v0x55a1a38fdaf0_0, 0;
    %pushi/vec4 0, 0, 1;
    %assign/vec4 v0x55a1a38fd970_0, 0;
    %pushi/vec4 0, 0, 1;
    %assign/vec4 v0x55a1a38fda30_0, 0;
    %jmp T_6.8;
T_6.6 ;
    %load/vec4 v0x55a1a38fcf90_0;
    %assign/vec4 v0x55a1a38fd730_0, 0;
    %pushi/vec4 0, 0, 1;
    %assign/vec4 v0x55a1a38fd480_0, 0;
    %pushi/vec4 0, 0, 1;
    %assign/vec4 v0x55a1a38fdf70_0, 0;
    %pushi/vec4 0, 0, 1;
    %assign/vec4 v0x55a1a38fe1d0_0, 0;
    %pushi/vec4 0, 0, 1;
    %assign/vec4 v0x55a1a38fdc70_0, 0;
    %pushi/vec4 0, 0, 1;
    %assign/vec4 v0x55a1a38fcba0_0, 0;
    %pushi/vec4 0, 0, 1;
    %assign/vec4 v0x55a1a38fca20_0, 0;
    %pushi/vec4 0, 0, 1;
    %assign/vec4 v0x55a1a38fdbb0_0, 0;
    %pushi/vec4 0, 0, 1;
    %assign/vec4 v0x55a1a38fdaf0_0, 0;
    %pushi/vec4 0, 0, 1;
    %assign/vec4 v0x55a1a38fd970_0, 0;
    %pushi/vec4 0, 0, 1;
    %assign/vec4 v0x55a1a38fda30_0, 0;
    %jmp T_6.8;
T_6.7 ;
    %load/vec4 v0x55a1a38fd540_0;
    %parti/s 2, 2, 3;
    %dup/vec4;
    %pushi/vec4 0, 0, 2;
    %cmp/u;
    %jmp/1 T_6.9, 6;
    %dup/vec4;
    %pushi/vec4 2, 0, 2;
    %cmp/u;
    %jmp/1 T_6.10, 6;
    %dup/vec4;
    %pushi/vec4 1, 0, 2;
    %cmp/u;
    %jmp/1 T_6.11, 6;
    %dup/vec4;
    %pushi/vec4 3, 0, 2;
    %cmp/u;
    %jmp/1 T_6.12, 6;
    %pushi/vec4 0, 0, 1;
    %assign/vec4 v0x55a1a38fda30_0, 0;
    %pushi/vec4 0, 0, 1;
    %assign/vec4 v0x55a1a38fd480_0, 0;
    %pushi/vec4 0, 0, 1;
    %assign/vec4 v0x55a1a38fdf70_0, 0;
    %pushi/vec4 0, 0, 1;
    %assign/vec4 v0x55a1a38fe1d0_0, 0;
    %pushi/vec4 0, 0, 1;
    %assign/vec4 v0x55a1a38fdc70_0, 0;
    %pushi/vec4 0, 0, 1;
    %assign/vec4 v0x55a1a38fcba0_0, 0;
    %pushi/vec4 0, 0, 1;
    %assign/vec4 v0x55a1a38fd730_0, 0;
    %pushi/vec4 0, 0, 1;
    %assign/vec4 v0x55a1a38fdbb0_0, 0;
    %pushi/vec4 0, 0, 1;
    %assign/vec4 v0x55a1a38fdaf0_0, 0;
    %pushi/vec4 0, 0, 1;
    %assign/vec4 v0x55a1a38fd970_0, 0;
    %pushi/vec4 0, 0, 1;
    %assign/vec4 v0x55a1a38fca20_0, 0;
    %jmp T_6.14;
T_6.9 ;
    %load/vec4 v0x55a1a38fcf90_0;
    %assign/vec4 v0x55a1a38fdbb0_0, 0;
    %pushi/vec4 0, 0, 1;
    %assign/vec4 v0x55a1a38fd480_0, 0;
    %pushi/vec4 0, 0, 1;
    %assign/vec4 v0x55a1a38fdf70_0, 0;
    %pushi/vec4 0, 0, 1;
    %assign/vec4 v0x55a1a38fe1d0_0, 0;
    %pushi/vec4 0, 0, 1;
    %assign/vec4 v0x55a1a38fdc70_0, 0;
    %pushi/vec4 0, 0, 1;
    %assign/vec4 v0x55a1a38fcba0_0, 0;
    %pushi/vec4 0, 0, 1;
    %assign/vec4 v0x55a1a38fd730_0, 0;
    %pushi/vec4 0, 0, 1;
    %assign/vec4 v0x55a1a38fca20_0, 0;
    %pushi/vec4 0, 0, 1;
    %assign/vec4 v0x55a1a38fdaf0_0, 0;
    %pushi/vec4 0, 0, 1;
    %assign/vec4 v0x55a1a38fd970_0, 0;
    %pushi/vec4 0, 0, 1;
    %assign/vec4 v0x55a1a38fda30_0, 0;
    %jmp T_6.14;
T_6.10 ;
    %load/vec4 v0x55a1a38fcf90_0;
    %assign/vec4 v0x55a1a38fd970_0, 0;
    %pushi/vec4 0, 0, 1;
    %assign/vec4 v0x55a1a38fd480_0, 0;
    %pushi/vec4 0, 0, 1;
    %assign/vec4 v0x55a1a38fdf70_0, 0;
    %pushi/vec4 0, 0, 1;
    %assign/vec4 v0x55a1a38fe1d0_0, 0;
    %pushi/vec4 0, 0, 1;
    %assign/vec4 v0x55a1a38fdc70_0, 0;
    %pushi/vec4 0, 0, 1;
    %assign/vec4 v0x55a1a38fcba0_0, 0;
    %pushi/vec4 0, 0, 1;
    %assign/vec4 v0x55a1a38fd730_0, 0;
    %pushi/vec4 0, 0, 1;
    %assign/vec4 v0x55a1a38fdbb0_0, 0;
    %pushi/vec4 0, 0, 1;
    %assign/vec4 v0x55a1a38fdaf0_0, 0;
    %pushi/vec4 0, 0, 1;
    %assign/vec4 v0x55a1a38fca20_0, 0;
    %pushi/vec4 0, 0, 1;
    %assign/vec4 v0x55a1a38fda30_0, 0;
    %jmp T_6.14;
T_6.11 ;
    %load/vec4 v0x55a1a38fcf90_0;
    %assign/vec4 v0x55a1a38fdaf0_0, 0;
    %pushi/vec4 0, 0, 1;
    %assign/vec4 v0x55a1a38fd480_0, 0;
    %pushi/vec4 0, 0, 1;
    %assign/vec4 v0x55a1a38fdf70_0, 0;
    %pushi/vec4 0, 0, 1;
    %assign/vec4 v0x55a1a38fe1d0_0, 0;
    %pushi/vec4 0, 0, 1;
    %assign/vec4 v0x55a1a38fdc70_0, 0;
    %pushi/vec4 0, 0, 1;
    %assign/vec4 v0x55a1a38fcba0_0, 0;
    %pushi/vec4 0, 0, 1;
    %assign/vec4 v0x55a1a38fd730_0, 0;
    %pushi/vec4 0, 0, 1;
    %assign/vec4 v0x55a1a38fdbb0_0, 0;
    %pushi/vec4 0, 0, 1;
    %assign/vec4 v0x55a1a38fca20_0, 0;
    %pushi/vec4 0, 0, 1;
    %assign/vec4 v0x55a1a38fd970_0, 0;
    %pushi/vec4 0, 0, 1;
    %assign/vec4 v0x55a1a38fda30_0, 0;
    %jmp T_6.14;
T_6.12 ;
    %load/vec4 v0x55a1a38fcf90_0;
    %assign/vec4 v0x55a1a38fda30_0, 0;
    %pushi/vec4 0, 0, 1;
    %assign/vec4 v0x55a1a38fd480_0, 0;
    %pushi/vec4 0, 0, 1;
    %assign/vec4 v0x55a1a38fdf70_0, 0;
    %pushi/vec4 0, 0, 1;
    %assign/vec4 v0x55a1a38fe1d0_0, 0;
    %pushi/vec4 0, 0, 1;
    %assign/vec4 v0x55a1a38fdc70_0, 0;
    %pushi/vec4 0, 0, 1;
    %assign/vec4 v0x55a1a38fcba0_0, 0;
    %pushi/vec4 0, 0, 1;
    %assign/vec4 v0x55a1a38fd730_0, 0;
    %pushi/vec4 0, 0, 1;
    %assign/vec4 v0x55a1a38fdbb0_0, 0;
    %pushi/vec4 0, 0, 1;
    %assign/vec4 v0x55a1a38fdaf0_0, 0;
    %pushi/vec4 0, 0, 1;
    %assign/vec4 v0x55a1a38fd970_0, 0;
    %pushi/vec4 0, 0, 1;
    %assign/vec4 v0x55a1a38fca20_0, 0;
    %jmp T_6.14;
T_6.14 ;
    %pop/vec4 1;
    %jmp T_6.8;
T_6.8 ;
    %pop/vec4 1;
    %jmp T_6;
    .thread T_6, $push;
    .scope S_0x55a1a38fb3b0;
T_7 ;
    %wait E_0x55a1a38fc810;
    %load/vec4 v0x55a1a38fd030_0;
    %load/vec4 v0x55a1a38fdf70_0;
    %pushi/vec4 1, 0, 1;
    %cmp/e;
    %flag_get/vec4 4;
    %and;
    %flag_set/vec4 8;
    %jmp/0xz  T_7.0, 8;
    %pushi/vec4 1, 0, 1;
    %assign/vec4 v0x55a1a38fe030_0, 0;
    %jmp T_7.1;
T_7.0 ;
    %pushi/vec4 0, 0, 1;
    %assign/vec4 v0x55a1a38fe030_0, 0;
T_7.1 ;
    %jmp T_7;
    .thread T_7, $push;
    .scope S_0x55a1a38fb3b0;
T_8 ;
    %wait E_0x55a1a38fc780;
    %load/vec4 v0x55a1a38fcba0_0;
    %load/vec4 v0x55a1a38fd480_0;
    %or;
    %load/vec4 v0x55a1a38fdc70_0;
    %or;
    %load/vec4 v0x55a1a38fd730_0;
    %or;
    %load/vec4 v0x55a1a38fd970_0;
    %or;
    %load/vec4 v0x55a1a38fda30_0;
    %or;
    %load/vec4 v0x55a1a38fdbb0_0;
    %or;
    %load/vec4 v0x55a1a38fdaf0_0;
    %or;
    %cmpi/e 1, 0, 1;
    %jmp/0xz  T_8.0, 4;
    %pushi/vec4 1, 0, 1;
    %ix/load 4, 0, 0;
    %ix/load 5, 0, 0;
    %flag_set/imm 4, 0;
    %assign/vec4/off/d v0x55a1a38fcae0_0, 4, 5;
    %jmp T_8.1;
T_8.0 ;
    %pushi/vec4 0, 0, 1;
    %ix/load 4, 0, 0;
    %ix/load 5, 0, 0;
    %flag_set/imm 4, 0;
    %assign/vec4/off/d v0x55a1a38fcae0_0, 4, 5;
T_8.1 ;
    %jmp T_8;
    .thread T_8, $push;
    .scope S_0x55a1a38fb3b0;
T_9 ;
    %wait E_0x55a1a38fc690;
    %load/vec4 v0x55a1a38fdf70_0;
    %load/vec4 v0x55a1a38fd480_0;
    %or;
    %load/vec4 v0x55a1a38fdc70_0;
    %or;
    %load/vec4 v0x55a1a38fd730_0;
    %or;
    %load/vec4 v0x55a1a38fd970_0;
    %or;
    %load/vec4 v0x55a1a38fda30_0;
    %or;
    %load/vec4 v0x55a1a38fdbb0_0;
    %or;
    %load/vec4 v0x55a1a38fdaf0_0;
    %or;
    %cmpi/e 1, 0, 1;
    %jmp/0xz  T_9.0, 4;
    %pushi/vec4 1, 0, 1;
    %ix/load 4, 1, 0;
    %ix/load 5, 0, 0;
    %flag_set/imm 4, 0;
    %assign/vec4/off/d v0x55a1a38fcae0_0, 4, 5;
    %jmp T_9.1;
T_9.0 ;
    %pushi/vec4 0, 0, 1;
    %ix/load 4, 1, 0;
    %ix/load 5, 0, 0;
    %flag_set/imm 4, 0;
    %assign/vec4/off/d v0x55a1a38fcae0_0, 4, 5;
T_9.1 ;
    %jmp T_9;
    .thread T_9, $push;
    .scope S_0x55a1a38fb3b0;
T_10 ;
    %wait E_0x55a1a38fc4f0;
    %load/vec4 v0x55a1a38fd3c0_0;
    %load/vec4 v0x55a1a38fe1d0_0;
    %pushi/vec4 1, 0, 1;
    %cmp/e;
    %flag_get/vec4 4;
    %or;
    %flag_set/vec4 8;
    %jmp/0xz  T_10.0, 8;
    %pushi/vec4 1, 0, 1;
    %ix/load 4, 2, 0;
    %ix/load 5, 0, 0;
    %flag_set/imm 4, 0;
    %assign/vec4/off/d v0x55a1a38fcae0_0, 4, 5;
    %jmp T_10.1;
T_10.0 ;
    %pushi/vec4 0, 0, 1;
    %ix/load 4, 2, 0;
    %ix/load 5, 0, 0;
    %flag_set/imm 4, 0;
    %assign/vec4/off/d v0x55a1a38fcae0_0, 4, 5;
T_10.1 ;
    %jmp T_10;
    .thread T_10, $push;
    .scope S_0x55a1a38fb3b0;
T_11 ;
    %wait E_0x55a1a38fc5c0;
    %load/vec4 v0x55a1a38fe1d0_0;
    %cmpi/e 1, 0, 1;
    %jmp/0xz  T_11.0, 4;
    %pushi/vec4 1, 0, 1;
    %ix/load 4, 3, 0;
    %ix/load 5, 0, 0;
    %flag_set/imm 4, 0;
    %assign/vec4/off/d v0x55a1a38fcae0_0, 4, 5;
    %jmp T_11.1;
T_11.0 ;
    %pushi/vec4 0, 0, 1;
    %ix/load 4, 3, 0;
    %ix/load 5, 0, 0;
    %flag_set/imm 4, 0;
    %assign/vec4/off/d v0x55a1a38fcae0_0, 4, 5;
T_11.1 ;
    %jmp T_11;
    .thread T_11, $push;
    .scope S_0x55a1a38fb3b0;
T_12 ;
    %wait E_0x55a1a38fc560;
    %load/vec4 v0x55a1a38fd3c0_0;
    %cmpi/e 1, 0, 1;
    %jmp/0xz  T_12.0, 4;
    %pushi/vec4 1, 0, 1;
    %ix/load 4, 4, 0;
    %ix/load 5, 0, 0;
    %flag_set/imm 4, 0;
    %assign/vec4/off/d v0x55a1a38fcae0_0, 4, 5;
    %jmp T_12.1;
T_12.0 ;
    %pushi/vec4 0, 0, 1;
    %ix/load 4, 4, 0;
    %ix/load 5, 0, 0;
    %flag_set/imm 4, 0;
    %assign/vec4/off/d v0x55a1a38fcae0_0, 4, 5;
T_12.1 ;
    %jmp T_12;
    .thread T_12, $push;
    .scope S_0x55a1a38fb3b0;
T_13 ;
    %wait E_0x55a1a38fc560;
    %load/vec4 v0x55a1a38fd3c0_0;
    %cmpi/e 1, 0, 1;
    %jmp/0xz  T_13.0, 4;
    %pushi/vec4 1, 0, 1;
    %assign/vec4 v0x55a1a38fdd30_0, 0;
    %jmp T_13.1;
T_13.0 ;
    %pushi/vec4 0, 0, 1;
    %assign/vec4 v0x55a1a38fdd30_0, 0;
T_13.1 ;
    %jmp T_13;
    .thread T_13, $push;
    .scope S_0x55a1a38fb3b0;
T_14 ;
    %wait E_0x55a1a38fc4b0;
    %load/vec4 v0x55a1a38fdc70_0;
    %load/vec4 v0x55a1a38fca20_0;
    %or;
    %load/vec4 v0x55a1a38fcba0_0;
    %or;
    %load/vec4 v0x55a1a38fe1d0_0;
    %or;
    %cmpi/e 1, 0, 1;
    %jmp/0xz  T_14.0, 4;
    %pushi/vec4 1, 0, 1;
    %assign/vec4 v0x55a1a38fddf0_0, 0;
    %jmp T_14.1;
T_14.0 ;
    %pushi/vec4 0, 0, 1;
    %assign/vec4 v0x55a1a38fddf0_0, 0;
T_14.1 ;
    %jmp T_14;
    .thread T_14, $push;
    .scope S_0x55a1a38fb3b0;
T_15 ;
    %wait E_0x55a1a38fc450;
    %load/vec4 v0x55a1a38fd480_0;
    %load/vec4 v0x55a1a38fdf70_0;
    %or;
    %cmpi/e 1, 0, 1;
    %jmp/0xz  T_15.0, 4;
    %pushi/vec4 1, 0, 1;
    %assign/vec4 v0x55a1a38fdeb0_0, 0;
    %jmp T_15.1;
T_15.0 ;
    %pushi/vec4 0, 0, 1;
    %assign/vec4 v0x55a1a38fdeb0_0, 0;
T_15.1 ;
    %jmp T_15;
    .thread T_15, $push;
    .scope S_0x55a1a38fb3b0;
T_16 ;
    %wait E_0x55a1a38fc3c0;
    %load/vec4 v0x55a1a38fd300_0;
    %cmpi/e 1, 0, 1;
    %jmp/0xz  T_16.0, 4;
    %pushi/vec4 1, 0, 1;
    %assign/vec4 v0x55a1a38fd1a0_0, 0;
    %jmp T_16.1;
T_16.0 ;
    %pushi/vec4 0, 0, 1;
    %assign/vec4 v0x55a1a38fd1a0_0, 0;
T_16.1 ;
    %jmp T_16;
    .thread T_16, $push;
    .scope S_0x55a1a38fb3b0;
T_17 ;
    %wait E_0x55a1a38fc340;
    %load/vec4 v0x55a1a38fd030_0;
    %load/vec4 v0x55a1a38fdc70_0;
    %load/vec4 v0x55a1a38fca20_0;
    %or;
    %load/vec4 v0x55a1a38fe1d0_0;
    %or;
    %load/vec4 v0x55a1a38fcba0_0;
    %or;
    %load/vec4 v0x55a1a38fd480_0;
    %or;
    %and;
    %cmpi/e 1, 0, 1;
    %jmp/0xz  T_17.0, 4;
    %pushi/vec4 1, 0, 1;
    %assign/vec4 v0x55a1a38fd0d0_0, 0;
    %jmp T_17.1;
T_17.0 ;
    %pushi/vec4 0, 0, 1;
    %assign/vec4 v0x55a1a38fd0d0_0, 0;
T_17.1 ;
    %jmp T_17;
    .thread T_17, $push;
    .scope S_0x55a1a38fb3b0;
T_18 ;
    %wait E_0x55a1a38fc2c0;
    %load/vec4 v0x55a1a38fdbb0_0;
    %load/vec4 v0x55a1a38fe570_0;
    %and;
    %load/vec4 v0x55a1a38fdaf0_0;
    %load/vec4 v0x55a1a38fe570_0;
    %inv;
    %and;
    %or;
    %load/vec4 v0x55a1a38fd970_0;
    %load/vec4 v0x55a1a38fcce0_0;
    %and;
    %or;
    %load/vec4 v0x55a1a38fda30_0;
    %load/vec4 v0x55a1a38fe570_0;
    %inv;
    %and;
    %or;
    %load/vec4 v0x55a1a38fd730_0;
    %pushi/vec4 1, 0, 1;
    %cmp/e;
    %flag_get/vec4 4;
    %or;
    %flag_set/vec4 8;
    %jmp/0xz  T_18.0, 8;
    %pushi/vec4 1, 0, 1;
    %assign/vec4 v0x55a1a38fd8b0_0, 0;
    %jmp T_18.1;
T_18.0 ;
    %pushi/vec4 0, 0, 1;
    %assign/vec4 v0x55a1a38fd8b0_0, 0;
T_18.1 ;
    %jmp T_18;
    .thread T_18, $push;
    .scope S_0x55a1a38fb3b0;
T_19 ;
    %wait E_0x55a1a38b8770;
    %load/vec4 v0x55a1a38fce20_0;
    %cmpi/e 0, 0, 1;
    %jmp/0xz  T_19.0, 4;
    %pushi/vec4 1, 0, 1;
    %assign/vec4 v0x55a1a38fd7f0_0, 0;
    %jmp T_19.1;
T_19.0 ;
    %load/vec4 v0x55a1a38fd8b0_0;
    %inv;
    %assign/vec4 v0x55a1a38fd7f0_0, 0;
T_19.1 ;
    %jmp T_19;
    .thread T_19;
    .scope S_0x55a1a38fb3b0;
T_20 ;
    %wait E_0x55a1a38b8c50;
    %load/vec4 v0x55a1a38fd3c0_0;
    %load/vec4 v0x55a1a38fd7f0_0;
    %and;
    %load/vec4 v0x55a1a38fd030_0;
    %load/vec4 v0x55a1a38fd8b0_0;
    %and;
    %pushi/vec4 1, 0, 1;
    %cmp/e;
    %flag_get/vec4 4;
    %or;
    %flag_set/vec4 8;
    %jmp/0xz  T_20.0, 8;
    %pushi/vec4 1, 0, 1;
    %assign/vec4 v0x55a1a38fd240_0, 0;
    %jmp T_20.1;
T_20.0 ;
    %pushi/vec4 0, 0, 1;
    %assign/vec4 v0x55a1a38fd240_0, 0;
T_20.1 ;
    %jmp T_20;
    .thread T_20, $push;
    .scope S_0x55a1a38fa690;
T_21 ;
    %wait E_0x55a1a38e0660;
    %load/vec4 v0x55a1a38fae00_0;
    %dup/vec4;
    %pushi/vec4 0, 0, 5;
    %cmp/u;
    %jmp/1 T_21.0, 6;
    %dup/vec4;
    %pushi/vec4 1, 0, 5;
    %cmp/u;
    %jmp/1 T_21.1, 6;
    %dup/vec4;
    %pushi/vec4 2, 0, 5;
    %cmp/u;
    %jmp/1 T_21.2, 6;
    %dup/vec4;
    %pushi/vec4 3, 0, 5;
    %cmp/u;
    %jmp/1 T_21.3, 6;
    %dup/vec4;
    %pushi/vec4 12, 0, 5;
    %cmp/u;
    %jmp/1 T_21.4, 6;
    %dup/vec4;
    %pushi/vec4 20, 0, 5;
    %cmp/u;
    %jmp/1 T_21.5, 6;
    %jmp T_21.6;
T_21.0 ;
    %load/vec4 v0x55a1a38fad00_0;
    %pad/u 9;
    %load/vec4 v0x55a1a38faee0_0;
    %pad/u 9;
    %add;
    %assign/vec4 v0x55a1a38fb170_0, 0;
    %jmp T_21.6;
T_21.1 ;
    %load/vec4 v0x55a1a38fad00_0;
    %pad/u 9;
    %load/vec4 v0x55a1a38faee0_0;
    %pad/u 9;
    %and;
    %assign/vec4 v0x55a1a38fb170_0, 0;
    %jmp T_21.6;
T_21.2 ;
    %load/vec4 v0x55a1a38fad00_0;
    %pad/u 9;
    %assign/vec4 v0x55a1a38fb170_0, 0;
    %jmp T_21.6;
T_21.3 ;
    %load/vec4 v0x55a1a38faee0_0;
    %pad/u 9;
    %assign/vec4 v0x55a1a38fb170_0, 0;
    %jmp T_21.6;
T_21.4 ;
    %load/vec4 v0x55a1a38fad00_0;
    %pad/u 9;
    %load/vec4 v0x55a1a38faee0_0;
    %pad/u 9;
    %sub;
    %assign/vec4 v0x55a1a38fb170_0, 0;
    %jmp T_21.6;
T_21.5 ;
    %load/vec4 v0x55a1a38fad00_0;
    %pad/u 9;
    %addi 1, 0, 9;
    %assign/vec4 v0x55a1a38fb170_0, 0;
    %jmp T_21.6;
T_21.6 ;
    %pop/vec4 1;
    %jmp T_21;
    .thread T_21, $push;
    .scope S_0x55a1a38fa690;
T_22 ;
    %wait E_0x55a1a3866ab0;
    %load/vec4 v0x55a1a38fb170_0;
    %cmpi/e 0, 0, 9;
    %jmp/0xz  T_22.0, 4;
    %pushi/vec4 1, 0, 1;
    %assign/vec4 v0x55a1a38fb230_0, 0;
    %jmp T_22.1;
T_22.0 ;
    %pushi/vec4 0, 0, 1;
    %assign/vec4 v0x55a1a38fb230_0, 0;
T_22.1 ;
    %jmp T_22;
    .thread T_22, $push;
    .scope S_0x55a1a38b0fa0;
T_23 ;
    %wait E_0x55a1a38b8770;
    %load/vec4 v0x55a1a38d6eb0_0;
    %cmpi/e 0, 0, 1;
    %jmp/0xz  T_23.0, 6;
    %pushi/vec4 0, 0, 8;
    %assign/vec4 v0x55a1a3879e80_0, 0;
    %jmp T_23.1;
T_23.0 ;
    %load/vec4 v0x55a1a38dac20_0;
    %cmpi/e 1, 0, 1;
    %jmp/0xz  T_23.2, 6;
    %load/vec4 v0x55a1a3879550_0;
    %assign/vec4 v0x55a1a3879e80_0, 0;
T_23.2 ;
T_23.1 ;
    %jmp T_23;
    .thread T_23;
    .scope S_0x55a1a38fee80;
T_24 ;
    %wait E_0x55a1a38ff0b0;
    %load/vec4 v0x55a1a38ff2e0_0;
    %cmpi/e 0, 0, 1;
    %jmp/0xz  T_24.0, 6;
    %load/vec4 v0x55a1a38ff210_0;
    %assign/vec4 v0x55a1a38ff130_0, 0;
    %jmp T_24.1;
T_24.0 ;
    %load/vec4 v0x55a1a38ff3e0_0;
    %assign/vec4 v0x55a1a38ff130_0, 0;
T_24.1 ;
    %jmp T_24;
    .thread T_24, $push;
    .scope S_0x55a1a38ff510;
T_25 ;
    %wait E_0x55a1a38ff6f0;
    %load/vec4 v0x55a1a38ffa30_0;
    %cmpi/e 0, 0, 1;
    %jmp/0xz  T_25.0, 6;
    %load/vec4 v0x55a1a38ff940_0;
    %assign/vec4 v0x55a1a38ff770_0, 0;
    %jmp T_25.1;
T_25.0 ;
    %load/vec4 v0x55a1a38ff880_0;
    %assign/vec4 v0x55a1a38ff770_0, 0;
T_25.1 ;
    %jmp T_25;
    .thread T_25, $push;
    .scope S_0x55a1a38ffb90;
T_26 ;
    %wait E_0x55a1a38ffd70;
    %load/vec4 v0x55a1a38fffd0_0;
    %cmpi/e 0, 0, 1;
    %jmp/0xz  T_26.0, 6;
    %load/vec4 v0x55a1a39000d0_0;
    %assign/vec4 v0x55a1a38ffdf0_0, 0;
    %jmp T_26.1;
T_26.0 ;
    %load/vec4 v0x55a1a38ffef0_0;
    %assign/vec4 v0x55a1a38ffdf0_0, 0;
T_26.1 ;
    %jmp T_26;
    .thread T_26, $push;
# The file index is used to find the file name in the following table.
:file_names 11;
    "N/A";
    "<interactive>";
    "toplevel.v";
    "acc.v";
    "alu.v";
    "decoder.v";
    "ir.v";
    "mux_a.v";
    "mux_b.v";
    "mux_c.v";
    "pc.v";
