#! /usr/bin/vvp
:ivl_version "11.0 (stable)";
:ivl_delay_selection "TYPICAL";
:vpi_time_precision + 0;
:vpi_module "/usr/lib/x86_64-linux-gnu/ivl/system.vpi";
:vpi_module "/usr/lib/x86_64-linux-gnu/ivl/vhdl_sys.vpi";
:vpi_module "/usr/lib/x86_64-linux-gnu/ivl/vhdl_textio.vpi";
:vpi_module "/usr/lib/x86_64-linux-gnu/ivl/v2005_math.vpi";
:vpi_module "/usr/lib/x86_64-linux-gnu/ivl/va_math.vpi";
S_0x55979e96abf0 .scope module, "sim_env" "sim_env" 2 3;
 .timescale 0 0;
v0x55979e98e870_0 .net "topadrs", 7 0, v0x55979e98c9d0_0;  1 drivers
v0x55979e98e950_0 .net "topdin", 15 0, L_0x55979e961800;  1 drivers
v0x55979e98ea10_0 .net "topdout", 7 0, v0x55979e986e40_0;  1 drivers
v0x55979e98eab0_0 .net "toprw", 0 0, v0x55979e98abc0_0;  1 drivers
v0x55979e98eb50_0 .var "tstclk", 0 0;
v0x55979e98ebf0_0 .var "tstclr", 0 0;
S_0x55979e93c960 .scope module, "dut_ram" "ram" 2 28, 3 1 0, S_0x55979e96abf0;
 .timescale 0 0;
    .port_info 0 /INPUT 1 "clk";
    .port_info 1 /INPUT 1 "rw";
    .port_info 2 /INPUT 8 "adrs";
    .port_info 3 /OUTPUT 16 "dout";
    .port_info 4 /INPUT 8 "din";
L_0x55979e961800 .functor BUFZ 16, L_0x55979e98f560, C4<0000000000000000>, C4<0000000000000000>, C4<0000000000000000>;
v0x55979e9527e0_0 .net *"_ivl_0", 15 0, L_0x55979e98f560;  1 drivers
v0x55979e953110_0 .net *"_ivl_2", 9 0, L_0x55979e98f600;  1 drivers
L_0x7f78ec40b018 .functor BUFT 1, C4<00>, C4<0>, C4<0>, C4<0>;
v0x55979e9531e0_0 .net *"_ivl_5", 1 0, L_0x7f78ec40b018;  1 drivers
v0x55979e961950_0 .net "adrs", 7 0, v0x55979e98c9d0_0;  alias, 1 drivers
v0x55979e9656c0_0 .net "clk", 0 0, v0x55979e98eb50_0;  1 drivers
v0x55979e965760_0 .net "din", 7 0, v0x55979e986e40_0;  alias, 1 drivers
v0x55979e96d4e0_0 .net "dout", 15 0, L_0x55979e961800;  alias, 1 drivers
v0x55979e986630 .array "mem", 0 255, 15 0;
v0x55979e9866f0_0 .net "rw", 0 0, v0x55979e98abc0_0;  alias, 1 drivers
E_0x55979e8c5800 .event posedge, v0x55979e9656c0_0;
L_0x55979e98f560 .array/port v0x55979e986630, L_0x55979e98f600;
L_0x55979e98f600 .concat [ 8 2 0 0], v0x55979e98c9d0_0, L_0x7f78ec40b018;
S_0x55979e986850 .scope module, "dut_top" "toplevel" 2 20, 4 10 0, S_0x55979e96abf0;
 .timescale 0 0;
    .port_info 0 /INPUT 16 "din";
    .port_info 1 /INPUT 1 "clk";
    .port_info 2 /INPUT 1 "clr";
    .port_info 3 /OUTPUT 1 "rw";
    .port_info 4 /OUTPUT 8 "adrs";
    .port_info 5 /OUTPUT 8 "dout";
v0x55979e98d4c0_0 .net "a", 7 0, v0x55979e98bd00_0;  1 drivers
v0x55979e98d5f0_0 .net "adrs", 7 0, v0x55979e98c9d0_0;  alias, 1 drivers
v0x55979e98d700_0 .net "alu", 4 0, v0x55979e989710_0;  1 drivers
v0x55979e98d7f0_0 .net "alu_result", 7 0, L_0x55979e98f090;  1 drivers
v0x55979e98d8b0_0 .net "b", 7 0, v0x55979e98c350_0;  1 drivers
v0x55979e98da10_0 .net "carry", 0 0, L_0x55979e98f1c0;  1 drivers
v0x55979e98db00_0 .net "clk", 0 0, v0x55979e98eb50_0;  alias, 1 drivers
v0x55979e98dba0_0 .net "clr", 0 0, v0x55979e98ebf0_0;  1 drivers
v0x55979e98dcd0_0 .net "din", 15 0, L_0x55979e961800;  alias, 1 drivers
v0x55979e98de20_0 .net "dout", 7 0, v0x55979e986e40_0;  alias, 1 drivers
v0x55979e98dee0_0 .net "en_da", 0 0, v0x55979e989da0_0;  1 drivers
v0x55979e98df80_0 .net "en_ir", 0 0, v0x55979e989e40_0;  1 drivers
v0x55979e98e070_0 .net "en_pc", 0 0, v0x55979e989ee0_0;  1 drivers
v0x55979e98e160_0 .net "ir_out", 15 0, v0x55979e98b810_0;  1 drivers
v0x55979e98e220_0 .net "muxa", 0 0, v0x55979e98a8c0_0;  1 drivers
v0x55979e98e310_0 .net "muxb", 0 0, v0x55979e98a980_0;  1 drivers
v0x55979e98e400_0 .net "muxc", 0 0, v0x55979e98aa40_0;  1 drivers
v0x55979e98e4f0_0 .net "pc_out", 7 0, v0x55979e98d170_0;  1 drivers
v0x55979e98e590_0 .net "rw", 0 0, v0x55979e98abc0_0;  alias, 1 drivers
v0x55979e98e680_0 .net "zero", 0 0, v0x55979e987df0_0;  1 drivers
L_0x55979e98eff0 .part v0x55979e98b810_0, 8, 8;
L_0x55979e98f260 .part L_0x55979e961800, 0, 8;
L_0x55979e98f390 .part v0x55979e98b810_0, 0, 8;
L_0x55979e98f430 .part v0x55979e98b810_0, 0, 8;
S_0x55979e986aa0 .scope module, "dut_acc" "acc" 4 85, 5 1 0, S_0x55979e986850;
 .timescale 0 0;
    .port_info 0 /INPUT 1 "clk";
    .port_info 1 /INPUT 1 "clr";
    .port_info 2 /INPUT 8 "acc_in";
    .port_info 3 /OUTPUT 8 "acc_out";
    .port_info 4 /INPUT 1 "en_da";
v0x55979e986d40_0 .net "acc_in", 7 0, L_0x55979e98f090;  alias, 1 drivers
v0x55979e986e40_0 .var "acc_out", 7 0;
v0x55979e986f00_0 .net "clk", 0 0, v0x55979e98eb50_0;  alias, 1 drivers
v0x55979e986fa0_0 .net "clr", 0 0, v0x55979e98ebf0_0;  alias, 1 drivers
v0x55979e987040_0 .net "en_da", 0 0, v0x55979e989da0_0;  alias, 1 drivers
E_0x55979e8e8c10/0 .event negedge, v0x55979e986fa0_0;
E_0x55979e8e8c10/1 .event posedge, v0x55979e9656c0_0;
E_0x55979e8e8c10 .event/or E_0x55979e8e8c10/0, E_0x55979e8e8c10/1;
S_0x55979e9871b0 .scope module, "dut_alu" "alu" 4 76, 6 1 0, S_0x55979e986850;
 .timescale 0 0;
    .port_info 0 /INPUT 8 "a";
    .port_info 1 /INPUT 8 "b";
    .port_info 2 /INPUT 5 "alu";
    .port_info 3 /OUTPUT 8 "dout";
    .port_info 4 /OUTPUT 1 "carry";
    .port_info 5 /OUTPUT 1 "zero";
P_0x55979e9873b0 .param/l "ADD" 1 6 19, C4<00000>;
P_0x55979e9873f0 .param/l "BITAND" 1 6 20, C4<00001>;
P_0x55979e987430 .param/l "INCREMENT" 1 6 24, C4<10100>;
P_0x55979e987470 .param/l "INP_A" 1 6 21, C4<00010>;
P_0x55979e9874b0 .param/l "INP_B" 1 6 22, C4<00011>;
P_0x55979e9874f0 .param/l "SUB" 1 6 23, C4<01100>;
v0x55979e9878c0_0 .net "a", 7 0, v0x55979e98bd00_0;  alias, 1 drivers
v0x55979e9879c0_0 .net "alu", 4 0, v0x55979e989710_0;  alias, 1 drivers
v0x55979e987aa0_0 .net "b", 7 0, v0x55979e98c350_0;  alias, 1 drivers
v0x55979e987b60_0 .net "carry", 0 0, L_0x55979e98f1c0;  alias, 1 drivers
v0x55979e987c20_0 .net "dout", 7 0, L_0x55979e98f090;  alias, 1 drivers
v0x55979e987d30_0 .var "temp_dout", 8 0;
v0x55979e987df0_0 .var "zero", 0 0;
E_0x55979e96de60 .event edge, v0x55979e987d30_0;
E_0x55979e96def0 .event edge, v0x55979e9879c0_0, v0x55979e9878c0_0, v0x55979e987aa0_0;
L_0x55979e98f090 .part v0x55979e987d30_0, 0, 8;
L_0x55979e98f1c0 .part v0x55979e987d30_0, 8, 1;
S_0x55979e987fb0 .scope module, "dut_decoder" "decoder" 4 61, 7 1 0, S_0x55979e986850;
 .timescale 0 0;
    .port_info 0 /INPUT 1 "clk";
    .port_info 1 /INPUT 1 "clr";
    .port_info 2 /INPUT 1 "carry";
    .port_info 3 /INPUT 1 "zero";
    .port_info 4 /INPUT 8 "ir";
    .port_info 5 /OUTPUT 1 "rw";
    .port_info 6 /OUTPUT 5 "alu";
    .port_info 7 /OUTPUT 1 "muxa";
    .port_info 8 /OUTPUT 1 "muxb";
    .port_info 9 /OUTPUT 1 "muxc";
    .port_info 10 /OUTPUT 1 "en_ir";
    .port_info 11 /OUTPUT 1 "en_da";
    .port_info 12 /OUTPUT 1 "en_pc";
P_0x55979e9881c0 .param/l "ADD" 1 7 38, C4<0100>;
P_0x55979e988200 .param/l "BITAND" 1 7 39, C4<0001>;
P_0x55979e988240 .param/l "CARRY" 1 7 46, C4<10>;
P_0x55979e988280 .param/l "DECODE" 1 7 34, C4<0100>;
P_0x55979e9882c0 .param/l "EXECUTE" 1 7 35, C4<0010>;
P_0x55979e988300 .param/l "FETCH" 1 7 33, C4<1000>;
P_0x55979e988340 .param/l "IDLE" 1 7 32, C4<0000>;
P_0x55979e988380 .param/l "INCREMENT" 1 7 36, C4<0001>;
P_0x55979e9883c0 .param/l "INPUT" 1 7 41, C4<1010>;
P_0x55979e988400 .param/l "JUMP" 1 7 43, C4<1000>;
P_0x55979e988440 .param/l "JUMP_CONDITION" 1 7 44, C4<1001>;
P_0x55979e988480 .param/l "LOAD" 1 7 37, C4<0000>;
P_0x55979e9884c0 .param/l "NO_CARRY" 1 7 48, C4<11>;
P_0x55979e988500 .param/l "NO_ZERO" 1 7 47, C4<01>;
P_0x55979e988540 .param/l "OUTPUT" 1 7 42, C4<1110>;
P_0x55979e988580 .param/l "SUB" 1 7 40, C4<0110>;
P_0x55979e9885c0 .param/l "ZERO" 1 7 45, C4<00>;
v0x55979e989650_0 .var "add", 0 0;
v0x55979e989710_0 .var "alu", 4 0;
v0x55979e9897d0_0 .var "bitand", 0 0;
v0x55979e9898a0_0 .net "carry", 0 0, L_0x55979e98f1c0;  alias, 1 drivers
v0x55979e989970_0 .var "carry_reg", 0 0;
v0x55979e989a10_0 .net "clk", 0 0, v0x55979e98eb50_0;  alias, 1 drivers
v0x55979e989b00_0 .net "clr", 0 0, v0x55979e98ebf0_0;  alias, 1 drivers
v0x55979e989ba0_0 .net "d", 0 0, L_0x55979e98ed30;  1 drivers
v0x55979e989c40_0 .var "decexe", 0 0;
v0x55979e989ce0_0 .net "e", 0 0, L_0x55979e98ee20;  1 drivers
v0x55979e989da0_0 .var "en_da", 0 0;
v0x55979e989e40_0 .var "en_ir", 0 0;
v0x55979e989ee0_0 .var "en_pc", 0 0;
v0x55979e989fa0_0 .net "f", 0 0, L_0x55979e98ec90;  1 drivers
v0x55979e98a060_0 .net "i", 0 0, L_0x55979e98eec0;  1 drivers
v0x55979e98a120_0 .var "inp", 0 0;
v0x55979e98a1e0_0 .net "ir", 7 0, L_0x55979e98eff0;  1 drivers
v0x55979e98a2c0_0 .var "jump", 0 0;
v0x55979e98a380_0 .var "jump_not_taken", 0 0;
v0x55979e98a440_0 .var "jump_taken", 0 0;
v0x55979e98a500_0 .var "jumpc", 0 0;
v0x55979e98a5c0_0 .var "jumpnc", 0 0;
v0x55979e98a680_0 .var "jumpnz", 0 0;
v0x55979e98a740_0 .var "jumpz", 0 0;
v0x55979e98a800_0 .var "load", 0 0;
v0x55979e98a8c0_0 .var "muxa", 0 0;
v0x55979e98a980_0 .var "muxb", 0 0;
v0x55979e98aa40_0 .var "muxc", 0 0;
v0x55979e98ab00_0 .var "outp", 0 0;
v0x55979e98abc0_0 .var "rw", 0 0;
v0x55979e98ac90_0 .var "state", 3 0;
v0x55979e98ad50_0 .var "sub", 0 0;
v0x55979e98ae10_0 .net "zero", 0 0, v0x55979e987df0_0;  alias, 1 drivers
v0x55979e98b0f0_0 .var "zero_reg", 0 0;
E_0x55979e96dd20 .event edge, v0x55979e98a060_0, v0x55979e98a380_0, v0x55979e989ce0_0, v0x55979e98a440_0;
E_0x55979e988ef0/0 .event edge, v0x55979e98a740_0, v0x55979e98b0f0_0, v0x55979e98a680_0, v0x55979e98a500_0;
E_0x55979e988ef0/1 .event edge, v0x55979e989970_0, v0x55979e98a5c0_0, v0x55979e98a2c0_0;
E_0x55979e988ef0 .event/or E_0x55979e988ef0/0, E_0x55979e988ef0/1;
E_0x55979e988f70/0 .event edge, v0x55979e989ce0_0, v0x55979e98a800_0, v0x55979e989650_0, v0x55979e98ad50_0;
E_0x55979e988f70/1 .event edge, v0x55979e9897d0_0, v0x55979e98a120_0;
E_0x55979e988f70 .event/or E_0x55979e988f70/0, E_0x55979e988f70/1;
E_0x55979e988ff0 .event edge, v0x55979e989fa0_0;
E_0x55979e989080 .event edge, v0x55979e98a120_0, v0x55979e98ab00_0;
E_0x55979e9890e0 .event edge, v0x55979e98a800_0, v0x55979e989650_0, v0x55979e9897d0_0, v0x55979e98ad50_0;
E_0x55979e989190 .event edge, v0x55979e98a060_0;
E_0x55979e9891f0 .event edge, v0x55979e98ad50_0;
E_0x55979e989120 .event edge, v0x55979e98a060_0, v0x55979e98ad50_0;
E_0x55979e9892c0/0 .event edge, v0x55979e98ab00_0, v0x55979e98a120_0, v0x55979e98a800_0, v0x55979e98a2c0_0;
E_0x55979e9892c0/1 .event edge, v0x55979e98a500_0, v0x55979e98a5c0_0, v0x55979e98a740_0, v0x55979e98a680_0;
E_0x55979e9892c0 .event/or E_0x55979e9892c0/0, E_0x55979e9892c0/1;
E_0x55979e9893b0/0 .event edge, v0x55979e9897d0_0, v0x55979e98a120_0, v0x55979e98a800_0, v0x55979e98a2c0_0;
E_0x55979e9893b0/1 .event edge, v0x55979e98a500_0, v0x55979e98a5c0_0, v0x55979e98a740_0, v0x55979e98a680_0;
E_0x55979e9893b0 .event/or E_0x55979e9893b0/0, E_0x55979e9893b0/1;
E_0x55979e989440 .event edge, v0x55979e989ce0_0, v0x55979e98ab00_0;
E_0x55979e989510 .event edge, v0x55979e98a1e0_0, v0x55979e989c40_0;
E_0x55979e989570 .event edge, v0x55979e989ba0_0, v0x55979e989ce0_0;
L_0x55979e98ec90 .part v0x55979e98ac90_0, 3, 1;
L_0x55979e98ed30 .part v0x55979e98ac90_0, 2, 1;
L_0x55979e98ee20 .part v0x55979e98ac90_0, 1, 1;
L_0x55979e98eec0 .part v0x55979e98ac90_0, 0, 1;
S_0x55979e98b330 .scope module, "dut_ir" "ir" 4 45, 8 9 0, S_0x55979e986850;
 .timescale 0 0;
    .port_info 0 /INPUT 1 "clk";
    .port_info 1 /INPUT 1 "clr";
    .port_info 2 /INPUT 16 "d_in";
    .port_info 3 /OUTPUT 16 "d_out";
    .port_info 4 /INPUT 1 "en_ir";
v0x55979e98b570_0 .net "clk", 0 0, v0x55979e98eb50_0;  alias, 1 drivers
v0x55979e98b630_0 .net "clr", 0 0, v0x55979e98ebf0_0;  alias, 1 drivers
v0x55979e98b740_0 .net "d_in", 15 0, L_0x55979e961800;  alias, 1 drivers
v0x55979e98b810_0 .var "d_out", 15 0;
v0x55979e98b8b0_0 .net "en_ir", 0 0, v0x55979e989e40_0;  alias, 1 drivers
S_0x55979e98ba50 .scope module, "dut_muxa" "mux_a" 4 93, 9 1 0, S_0x55979e986850;
 .timescale 0 0;
    .port_info 0 /INPUT 1 "muxa";
    .port_info 1 /INPUT 8 "acc";
    .port_info 2 /INPUT 8 "pc";
    .port_info 3 /OUTPUT 8 "a";
v0x55979e98bd00_0 .var "a", 7 0;
v0x55979e98bde0_0 .net "acc", 7 0, v0x55979e986e40_0;  alias, 1 drivers
v0x55979e98bed0_0 .net "muxa", 0 0, v0x55979e98a8c0_0;  alias, 1 drivers
v0x55979e98bfa0_0 .net "pc", 7 0, v0x55979e98d170_0;  alias, 1 drivers
E_0x55979e98bc80 .event edge, v0x55979e98a8c0_0, v0x55979e965760_0, v0x55979e98bfa0_0;
S_0x55979e98c0f0 .scope module, "dut_muxb" "mux_b" 4 100, 10 1 0, S_0x55979e986850;
 .timescale 0 0;
    .port_info 0 /INPUT 1 "muxb";
    .port_info 1 /INPUT 8 "mem";
    .port_info 2 /INPUT 8 "ir";
    .port_info 3 /OUTPUT 8 "b";
v0x55979e98c350_0 .var "b", 7 0;
v0x55979e98c460_0 .net "ir", 7 0, L_0x55979e98f390;  1 drivers
v0x55979e98c520_0 .net "mem", 7 0, L_0x55979e98f260;  1 drivers
v0x55979e98c610_0 .net "muxb", 0 0, v0x55979e98a980_0;  alias, 1 drivers
E_0x55979e98c2d0 .event edge, v0x55979e98a980_0, v0x55979e98c520_0, v0x55979e98c460_0;
S_0x55979e98c770 .scope module, "dut_muxc" "mux_c" 4 107, 11 1 0, S_0x55979e986850;
 .timescale 0 0;
    .port_info 0 /INPUT 1 "muxc";
    .port_info 1 /INPUT 8 "pc";
    .port_info 2 /INPUT 8 "ir";
    .port_info 3 /OUTPUT 8 "c";
v0x55979e98c9d0_0 .var "c", 7 0;
v0x55979e98cae0_0 .net "ir", 7 0, L_0x55979e98f430;  1 drivers
v0x55979e98cba0_0 .net "muxc", 0 0, v0x55979e98aa40_0;  alias, 1 drivers
v0x55979e98cca0_0 .net "pc", 7 0, v0x55979e98d170_0;  alias, 1 drivers
E_0x55979e98c950 .event edge, v0x55979e98aa40_0, v0x55979e98bfa0_0, v0x55979e98cae0_0;
S_0x55979e98cde0 .scope module, "dut_pc" "pc" 4 53, 12 1 0, S_0x55979e986850;
 .timescale 0 0;
    .port_info 0 /INPUT 1 "clk";
    .port_info 1 /INPUT 1 "clr";
    .port_info 2 /INPUT 8 "adrs_in";
    .port_info 3 /OUTPUT 8 "adrs_out";
    .port_info 4 /INPUT 1 "en_pc";
v0x55979e98d040_0 .net "adrs_in", 7 0, L_0x55979e98f090;  alias, 1 drivers
v0x55979e98d170_0 .var "adrs_out", 7 0;
v0x55979e98d280_0 .net "clk", 0 0, v0x55979e98eb50_0;  alias, 1 drivers
v0x55979e98d320_0 .net "clr", 0 0, v0x55979e98ebf0_0;  alias, 1 drivers
v0x55979e98d3c0_0 .net "en_pc", 0 0, v0x55979e989ee0_0;  alias, 1 drivers
    .scope S_0x55979e98b330;
T_0 ;
    %wait E_0x55979e8e8c10;
    %load/vec4 v0x55979e98b630_0;
    %cmpi/e 0, 0, 1;
    %jmp/0xz  T_0.0, 6;
    %pushi/vec4 0, 0, 16;
    %assign/vec4 v0x55979e98b810_0, 0;
    %jmp T_0.1;
T_0.0 ;
    %load/vec4 v0x55979e98b8b0_0;
    %cmpi/e 1, 0, 1;
    %jmp/0xz  T_0.2, 6;
    %load/vec4 v0x55979e98b740_0;
    %assign/vec4 v0x55979e98b810_0, 0;
T_0.2 ;
T_0.1 ;
    %jmp T_0;
    .thread T_0;
    .scope S_0x55979e98cde0;
T_1 ;
    %wait E_0x55979e8e8c10;
    %load/vec4 v0x55979e98d320_0;
    %cmpi/e 0, 0, 1;
    %jmp/0xz  T_1.0, 4;
    %pushi/vec4 0, 0, 8;
    %assign/vec4 v0x55979e98d170_0, 0;
    %jmp T_1.1;
T_1.0 ;
    %load/vec4 v0x55979e98d3c0_0;
    %cmpi/e 1, 0, 1;
    %jmp/0xz  T_1.2, 4;
    %load/vec4 v0x55979e98d040_0;
    %assign/vec4 v0x55979e98d170_0, 0;
T_1.2 ;
T_1.1 ;
    %jmp T_1;
    .thread T_1;
    .scope S_0x55979e987fb0;
T_2 ;
    %wait E_0x55979e8e8c10;
    %load/vec4 v0x55979e989b00_0;
    %cmpi/e 0, 0, 1;
    %jmp/0xz  T_2.0, 4;
    %pushi/vec4 0, 0, 4;
    %assign/vec4 v0x55979e98ac90_0, 0;
    %jmp T_2.1;
T_2.0 ;
    %load/vec4 v0x55979e98ac90_0;
    %dup/vec4;
    %pushi/vec4 0, 0, 4;
    %cmp/u;
    %jmp/1 T_2.2, 6;
    %dup/vec4;
    %pushi/vec4 8, 0, 4;
    %cmp/u;
    %jmp/1 T_2.3, 6;
    %dup/vec4;
    %pushi/vec4 4, 0, 4;
    %cmp/u;
    %jmp/1 T_2.4, 6;
    %dup/vec4;
    %pushi/vec4 2, 0, 4;
    %cmp/u;
    %jmp/1 T_2.5, 6;
    %dup/vec4;
    %pushi/vec4 1, 0, 4;
    %cmp/u;
    %jmp/1 T_2.6, 6;
    %pushi/vec4 0, 0, 4;
    %assign/vec4 v0x55979e98ac90_0, 0;
    %jmp T_2.8;
T_2.2 ;
    %pushi/vec4 8, 0, 4;
    %assign/vec4 v0x55979e98ac90_0, 0;
    %jmp T_2.8;
T_2.3 ;
    %pushi/vec4 4, 0, 4;
    %assign/vec4 v0x55979e98ac90_0, 0;
    %jmp T_2.8;
T_2.4 ;
    %pushi/vec4 2, 0, 4;
    %assign/vec4 v0x55979e98ac90_0, 0;
    %jmp T_2.8;
T_2.5 ;
    %pushi/vec4 1, 0, 4;
    %assign/vec4 v0x55979e98ac90_0, 0;
    %jmp T_2.8;
T_2.6 ;
    %pushi/vec4 8, 0, 4;
    %assign/vec4 v0x55979e98ac90_0, 0;
    %jmp T_2.8;
T_2.8 ;
    %pop/vec4 1;
T_2.1 ;
    %jmp T_2;
    .thread T_2;
    .scope S_0x55979e987fb0;
T_3 ;
    %wait E_0x55979e8e8c10;
    %load/vec4 v0x55979e989b00_0;
    %cmpi/e 0, 0, 1;
    %jmp/0xz  T_3.0, 4;
    %pushi/vec4 0, 0, 1;
    %assign/vec4 v0x55979e989970_0, 0;
    %jmp T_3.1;
T_3.0 ;
    %load/vec4 v0x55979e989650_0;
    %load/vec4 v0x55979e98ad50_0;
    %or;
    %load/vec4 v0x55979e9897d0_0;
    %pushi/vec4 1, 0, 1;
    %cmp/e;
    %flag_get/vec4 4;
    %or;
    %flag_set/vec4 8;
    %jmp/0xz  T_3.2, 8;
    %load/vec4 v0x55979e9898a0_0;
    %assign/vec4 v0x55979e989970_0, 0;
T_3.2 ;
T_3.1 ;
    %jmp T_3;
    .thread T_3;
    .scope S_0x55979e987fb0;
T_4 ;
    %wait E_0x55979e8e8c10;
    %load/vec4 v0x55979e989b00_0;
    %cmpi/e 0, 0, 1;
    %jmp/0xz  T_4.0, 4;
    %pushi/vec4 0, 0, 1;
    %assign/vec4 v0x55979e98b0f0_0, 0;
    %jmp T_4.1;
T_4.0 ;
    %load/vec4 v0x55979e989650_0;
    %load/vec4 v0x55979e98ad50_0;
    %or;
    %load/vec4 v0x55979e9897d0_0;
    %pushi/vec4 1, 0, 1;
    %cmp/e;
    %flag_get/vec4 4;
    %or;
    %flag_set/vec4 8;
    %jmp/0xz  T_4.2, 8;
    %load/vec4 v0x55979e98ae10_0;
    %assign/vec4 v0x55979e98b0f0_0, 0;
T_4.2 ;
T_4.1 ;
    %jmp T_4;
    .thread T_4;
    .scope S_0x55979e987fb0;
T_5 ;
    %wait E_0x55979e989570;
    %load/vec4 v0x55979e989ba0_0;
    %flag_set/vec4 8;
    %load/vec4 v0x55979e989ce0_0;
    %cmpi/e 1, 0, 1;
    %flag_or 4, 8;
    %jmp/0xz  T_5.0, 4;
    %pushi/vec4 1, 0, 1;
    %assign/vec4 v0x55979e989c40_0, 0;
    %jmp T_5.1;
T_5.0 ;
    %pushi/vec4 0, 0, 1;
    %assign/vec4 v0x55979e989c40_0, 0;
T_5.1 ;
    %jmp T_5;
    .thread T_5, $push;
    .scope S_0x55979e987fb0;
T_6 ;
    %wait E_0x55979e989510;
    %load/vec4 v0x55979e98a1e0_0;
    %parti/s 4, 4, 4;
    %dup/vec4;
    %pushi/vec4 0, 0, 4;
    %cmp/u;
    %jmp/1 T_6.0, 6;
    %dup/vec4;
    %pushi/vec4 4, 0, 4;
    %cmp/u;
    %jmp/1 T_6.1, 6;
    %dup/vec4;
    %pushi/vec4 1, 0, 4;
    %cmp/u;
    %jmp/1 T_6.2, 6;
    %dup/vec4;
    %pushi/vec4 6, 0, 4;
    %cmp/u;
    %jmp/1 T_6.3, 6;
    %dup/vec4;
    %pushi/vec4 10, 0, 4;
    %cmp/u;
    %jmp/1 T_6.4, 6;
    %dup/vec4;
    %pushi/vec4 14, 0, 4;
    %cmp/u;
    %jmp/1 T_6.5, 6;
    %dup/vec4;
    %pushi/vec4 8, 0, 4;
    %cmp/u;
    %jmp/1 T_6.6, 6;
    %dup/vec4;
    %pushi/vec4 9, 0, 4;
    %cmp/u;
    %jmp/1 T_6.7, 6;
    %jmp T_6.8;
T_6.0 ;
    %load/vec4 v0x55979e989c40_0;
    %assign/vec4 v0x55979e98a800_0, 0;
    %pushi/vec4 0, 0, 1;
    %assign/vec4 v0x55979e98a120_0, 0;
    %pushi/vec4 0, 0, 1;
    %assign/vec4 v0x55979e98ab00_0, 0;
    %pushi/vec4 0, 0, 1;
    %assign/vec4 v0x55979e98ad50_0, 0;
    %pushi/vec4 0, 0, 1;
    %assign/vec4 v0x55979e989650_0, 0;
    %pushi/vec4 0, 0, 1;
    %assign/vec4 v0x55979e9897d0_0, 0;
    %pushi/vec4 0, 0, 1;
    %assign/vec4 v0x55979e98a2c0_0, 0;
    %pushi/vec4 0, 0, 1;
    %assign/vec4 v0x55979e98a740_0, 0;
    %pushi/vec4 0, 0, 1;
    %assign/vec4 v0x55979e98a680_0, 0;
    %pushi/vec4 0, 0, 1;
    %assign/vec4 v0x55979e98a500_0, 0;
    %pushi/vec4 0, 0, 1;
    %assign/vec4 v0x55979e98a5c0_0, 0;
    %jmp T_6.8;
T_6.1 ;
    %load/vec4 v0x55979e989c40_0;
    %assign/vec4 v0x55979e989650_0, 0;
    %pushi/vec4 0, 0, 1;
    %assign/vec4 v0x55979e98a120_0, 0;
    %pushi/vec4 0, 0, 1;
    %assign/vec4 v0x55979e98ab00_0, 0;
    %pushi/vec4 0, 0, 1;
    %assign/vec4 v0x55979e98ad50_0, 0;
    %pushi/vec4 0, 0, 1;
    %assign/vec4 v0x55979e98a800_0, 0;
    %pushi/vec4 0, 0, 1;
    %assign/vec4 v0x55979e9897d0_0, 0;
    %pushi/vec4 0, 0, 1;
    %assign/vec4 v0x55979e98a2c0_0, 0;
    %pushi/vec4 0, 0, 1;
    %assign/vec4 v0x55979e98a740_0, 0;
    %pushi/vec4 0, 0, 1;
    %assign/vec4 v0x55979e98a680_0, 0;
    %pushi/vec4 0, 0, 1;
    %assign/vec4 v0x55979e98a500_0, 0;
    %pushi/vec4 0, 0, 1;
    %assign/vec4 v0x55979e98a5c0_0, 0;
    %jmp T_6.8;
T_6.2 ;
    %load/vec4 v0x55979e989c40_0;
    %assign/vec4 v0x55979e9897d0_0, 0;
    %pushi/vec4 0, 0, 1;
    %assign/vec4 v0x55979e98a120_0, 0;
    %pushi/vec4 0, 0, 1;
    %assign/vec4 v0x55979e98ab00_0, 0;
    %pushi/vec4 0, 0, 1;
    %assign/vec4 v0x55979e98ad50_0, 0;
    %pushi/vec4 0, 0, 1;
    %assign/vec4 v0x55979e98a800_0, 0;
    %pushi/vec4 0, 0, 1;
    %assign/vec4 v0x55979e989650_0, 0;
    %pushi/vec4 0, 0, 1;
    %assign/vec4 v0x55979e98a2c0_0, 0;
    %pushi/vec4 0, 0, 1;
    %assign/vec4 v0x55979e98a740_0, 0;
    %pushi/vec4 0, 0, 1;
    %assign/vec4 v0x55979e98a680_0, 0;
    %pushi/vec4 0, 0, 1;
    %assign/vec4 v0x55979e98a500_0, 0;
    %pushi/vec4 0, 0, 1;
    %assign/vec4 v0x55979e98a5c0_0, 0;
    %jmp T_6.8;
T_6.3 ;
    %load/vec4 v0x55979e989c40_0;
    %assign/vec4 v0x55979e98ad50_0, 0;
    %pushi/vec4 0, 0, 1;
    %assign/vec4 v0x55979e98a120_0, 0;
    %pushi/vec4 0, 0, 1;
    %assign/vec4 v0x55979e98ab00_0, 0;
    %pushi/vec4 0, 0, 1;
    %assign/vec4 v0x55979e989650_0, 0;
    %pushi/vec4 0, 0, 1;
    %assign/vec4 v0x55979e98a800_0, 0;
    %pushi/vec4 0, 0, 1;
    %assign/vec4 v0x55979e9897d0_0, 0;
    %pushi/vec4 0, 0, 1;
    %assign/vec4 v0x55979e98a2c0_0, 0;
    %pushi/vec4 0, 0, 1;
    %assign/vec4 v0x55979e98a740_0, 0;
    %pushi/vec4 0, 0, 1;
    %assign/vec4 v0x55979e98a680_0, 0;
    %pushi/vec4 0, 0, 1;
    %assign/vec4 v0x55979e98a500_0, 0;
    %pushi/vec4 0, 0, 1;
    %assign/vec4 v0x55979e98a5c0_0, 0;
    %jmp T_6.8;
T_6.4 ;
    %load/vec4 v0x55979e989c40_0;
    %assign/vec4 v0x55979e98a120_0, 0;
    %pushi/vec4 0, 0, 1;
    %assign/vec4 v0x55979e989650_0, 0;
    %pushi/vec4 0, 0, 1;
    %assign/vec4 v0x55979e98ab00_0, 0;
    %pushi/vec4 0, 0, 1;
    %assign/vec4 v0x55979e98ad50_0, 0;
    %pushi/vec4 0, 0, 1;
    %assign/vec4 v0x55979e98a800_0, 0;
    %pushi/vec4 0, 0, 1;
    %assign/vec4 v0x55979e9897d0_0, 0;
    %pushi/vec4 0, 0, 1;
    %assign/vec4 v0x55979e98a2c0_0, 0;
    %pushi/vec4 0, 0, 1;
    %assign/vec4 v0x55979e98a740_0, 0;
    %pushi/vec4 0, 0, 1;
    %assign/vec4 v0x55979e98a680_0, 0;
    %pushi/vec4 0, 0, 1;
    %assign/vec4 v0x55979e98a500_0, 0;
    %pushi/vec4 0, 0, 1;
    %assign/vec4 v0x55979e98a5c0_0, 0;
    %jmp T_6.8;
T_6.5 ;
    %load/vec4 v0x55979e989c40_0;
    %assign/vec4 v0x55979e98ab00_0, 0;
    %pushi/vec4 0, 0, 1;
    %assign/vec4 v0x55979e98a120_0, 0;
    %pushi/vec4 0, 0, 1;
    %assign/vec4 v0x55979e989650_0, 0;
    %pushi/vec4 0, 0, 1;
    %assign/vec4 v0x55979e98ad50_0, 0;
    %pushi/vec4 0, 0, 1;
    %assign/vec4 v0x55979e98a800_0, 0;
    %pushi/vec4 0, 0, 1;
    %assign/vec4 v0x55979e9897d0_0, 0;
    %pushi/vec4 0, 0, 1;
    %assign/vec4 v0x55979e98a2c0_0, 0;
    %pushi/vec4 0, 0, 1;
    %assign/vec4 v0x55979e98a740_0, 0;
    %pushi/vec4 0, 0, 1;
    %assign/vec4 v0x55979e98a680_0, 0;
    %pushi/vec4 0, 0, 1;
    %assign/vec4 v0x55979e98a500_0, 0;
    %pushi/vec4 0, 0, 1;
    %assign/vec4 v0x55979e98a5c0_0, 0;
    %jmp T_6.8;
T_6.6 ;
    %load/vec4 v0x55979e989c40_0;
    %assign/vec4 v0x55979e98a2c0_0, 0;
    %pushi/vec4 0, 0, 1;
    %assign/vec4 v0x55979e98a120_0, 0;
    %pushi/vec4 0, 0, 1;
    %assign/vec4 v0x55979e98ab00_0, 0;
    %pushi/vec4 0, 0, 1;
    %assign/vec4 v0x55979e98ad50_0, 0;
    %pushi/vec4 0, 0, 1;
    %assign/vec4 v0x55979e98a800_0, 0;
    %pushi/vec4 0, 0, 1;
    %assign/vec4 v0x55979e9897d0_0, 0;
    %pushi/vec4 0, 0, 1;
    %assign/vec4 v0x55979e989650_0, 0;
    %pushi/vec4 0, 0, 1;
    %assign/vec4 v0x55979e98a740_0, 0;
    %pushi/vec4 0, 0, 1;
    %assign/vec4 v0x55979e98a680_0, 0;
    %pushi/vec4 0, 0, 1;
    %assign/vec4 v0x55979e98a500_0, 0;
    %pushi/vec4 0, 0, 1;
    %assign/vec4 v0x55979e98a5c0_0, 0;
    %jmp T_6.8;
T_6.7 ;
    %load/vec4 v0x55979e98a1e0_0;
    %parti/s 2, 2, 3;
    %dup/vec4;
    %pushi/vec4 0, 0, 2;
    %cmp/u;
    %jmp/1 T_6.9, 6;
    %dup/vec4;
    %pushi/vec4 2, 0, 2;
    %cmp/u;
    %jmp/1 T_6.10, 6;
    %dup/vec4;
    %pushi/vec4 1, 0, 2;
    %cmp/u;
    %jmp/1 T_6.11, 6;
    %dup/vec4;
    %pushi/vec4 3, 0, 2;
    %cmp/u;
    %jmp/1 T_6.12, 6;
    %pushi/vec4 0, 0, 1;
    %assign/vec4 v0x55979e98a5c0_0, 0;
    %pushi/vec4 0, 0, 1;
    %assign/vec4 v0x55979e98a120_0, 0;
    %pushi/vec4 0, 0, 1;
    %assign/vec4 v0x55979e98ab00_0, 0;
    %pushi/vec4 0, 0, 1;
    %assign/vec4 v0x55979e98ad50_0, 0;
    %pushi/vec4 0, 0, 1;
    %assign/vec4 v0x55979e98a800_0, 0;
    %pushi/vec4 0, 0, 1;
    %assign/vec4 v0x55979e9897d0_0, 0;
    %pushi/vec4 0, 0, 1;
    %assign/vec4 v0x55979e98a2c0_0, 0;
    %pushi/vec4 0, 0, 1;
    %assign/vec4 v0x55979e98a740_0, 0;
    %pushi/vec4 0, 0, 1;
    %assign/vec4 v0x55979e98a680_0, 0;
    %pushi/vec4 0, 0, 1;
    %assign/vec4 v0x55979e98a500_0, 0;
    %pushi/vec4 0, 0, 1;
    %assign/vec4 v0x55979e989650_0, 0;
    %jmp T_6.14;
T_6.9 ;
    %load/vec4 v0x55979e989c40_0;
    %assign/vec4 v0x55979e98a740_0, 0;
    %pushi/vec4 0, 0, 1;
    %assign/vec4 v0x55979e98a120_0, 0;
    %pushi/vec4 0, 0, 1;
    %assign/vec4 v0x55979e98ab00_0, 0;
    %pushi/vec4 0, 0, 1;
    %assign/vec4 v0x55979e98ad50_0, 0;
    %pushi/vec4 0, 0, 1;
    %assign/vec4 v0x55979e98a800_0, 0;
    %pushi/vec4 0, 0, 1;
    %assign/vec4 v0x55979e9897d0_0, 0;
    %pushi/vec4 0, 0, 1;
    %assign/vec4 v0x55979e98a2c0_0, 0;
    %pushi/vec4 0, 0, 1;
    %assign/vec4 v0x55979e989650_0, 0;
    %pushi/vec4 0, 0, 1;
    %assign/vec4 v0x55979e98a680_0, 0;
    %pushi/vec4 0, 0, 1;
    %assign/vec4 v0x55979e98a500_0, 0;
    %pushi/vec4 0, 0, 1;
    %assign/vec4 v0x55979e98a5c0_0, 0;
    %jmp T_6.14;
T_6.10 ;
    %load/vec4 v0x55979e989c40_0;
    %assign/vec4 v0x55979e98a500_0, 0;
    %pushi/vec4 0, 0, 1;
    %assign/vec4 v0x55979e98a120_0, 0;
    %pushi/vec4 0, 0, 1;
    %assign/vec4 v0x55979e98ab00_0, 0;
    %pushi/vec4 0, 0, 1;
    %assign/vec4 v0x55979e98ad50_0, 0;
    %pushi/vec4 0, 0, 1;
    %assign/vec4 v0x55979e98a800_0, 0;
    %pushi/vec4 0, 0, 1;
    %assign/vec4 v0x55979e9897d0_0, 0;
    %pushi/vec4 0, 0, 1;
    %assign/vec4 v0x55979e98a2c0_0, 0;
    %pushi/vec4 0, 0, 1;
    %assign/vec4 v0x55979e98a740_0, 0;
    %pushi/vec4 0, 0, 1;
    %assign/vec4 v0x55979e98a680_0, 0;
    %pushi/vec4 0, 0, 1;
    %assign/vec4 v0x55979e989650_0, 0;
    %pushi/vec4 0, 0, 1;
    %assign/vec4 v0x55979e98a5c0_0, 0;
    %jmp T_6.14;
T_6.11 ;
    %load/vec4 v0x55979e989c40_0;
    %assign/vec4 v0x55979e98a680_0, 0;
    %pushi/vec4 0, 0, 1;
    %assign/vec4 v0x55979e98a120_0, 0;
    %pushi/vec4 0, 0, 1;
    %assign/vec4 v0x55979e98ab00_0, 0;
    %pushi/vec4 0, 0, 1;
    %assign/vec4 v0x55979e98ad50_0, 0;
    %pushi/vec4 0, 0, 1;
    %assign/vec4 v0x55979e98a800_0, 0;
    %pushi/vec4 0, 0, 1;
    %assign/vec4 v0x55979e9897d0_0, 0;
    %pushi/vec4 0, 0, 1;
    %assign/vec4 v0x55979e98a2c0_0, 0;
    %pushi/vec4 0, 0, 1;
    %assign/vec4 v0x55979e98a740_0, 0;
    %pushi/vec4 0, 0, 1;
    %assign/vec4 v0x55979e989650_0, 0;
    %pushi/vec4 0, 0, 1;
    %assign/vec4 v0x55979e98a500_0, 0;
    %pushi/vec4 0, 0, 1;
    %assign/vec4 v0x55979e98a5c0_0, 0;
    %jmp T_6.14;
T_6.12 ;
    %load/vec4 v0x55979e989c40_0;
    %assign/vec4 v0x55979e98a5c0_0, 0;
    %pushi/vec4 0, 0, 1;
    %assign/vec4 v0x55979e98a120_0, 0;
    %pushi/vec4 0, 0, 1;
    %assign/vec4 v0x55979e98ab00_0, 0;
    %pushi/vec4 0, 0, 1;
    %assign/vec4 v0x55979e98ad50_0, 0;
    %pushi/vec4 0, 0, 1;
    %assign/vec4 v0x55979e98a800_0, 0;
    %pushi/vec4 0, 0, 1;
    %assign/vec4 v0x55979e9897d0_0, 0;
    %pushi/vec4 0, 0, 1;
    %assign/vec4 v0x55979e98a2c0_0, 0;
    %pushi/vec4 0, 0, 1;
    %assign/vec4 v0x55979e98a740_0, 0;
    %pushi/vec4 0, 0, 1;
    %assign/vec4 v0x55979e98a680_0, 0;
    %pushi/vec4 0, 0, 1;
    %assign/vec4 v0x55979e98a500_0, 0;
    %pushi/vec4 0, 0, 1;
    %assign/vec4 v0x55979e989650_0, 0;
    %jmp T_6.14;
T_6.14 ;
    %pop/vec4 1;
    %jmp T_6.8;
T_6.8 ;
    %pop/vec4 1;
    %jmp T_6;
    .thread T_6, $push;
    .scope S_0x55979e987fb0;
T_7 ;
    %wait E_0x55979e989440;
    %load/vec4 v0x55979e989ce0_0;
    %load/vec4 v0x55979e98ab00_0;
    %pushi/vec4 1, 0, 1;
    %cmp/e;
    %flag_get/vec4 4;
    %and;
    %flag_set/vec4 8;
    %jmp/0xz  T_7.0, 8;
    %pushi/vec4 1, 0, 1;
    %assign/vec4 v0x55979e98abc0_0, 0;
    %jmp T_7.1;
T_7.0 ;
    %pushi/vec4 0, 0, 1;
    %assign/vec4 v0x55979e98abc0_0, 0;
T_7.1 ;
    %jmp T_7;
    .thread T_7, $push;
    .scope S_0x55979e987fb0;
T_8 ;
    %wait E_0x55979e9893b0;
    %load/vec4 v0x55979e9897d0_0;
    %load/vec4 v0x55979e98a120_0;
    %or;
    %load/vec4 v0x55979e98a800_0;
    %or;
    %load/vec4 v0x55979e98a2c0_0;
    %or;
    %load/vec4 v0x55979e98a500_0;
    %or;
    %load/vec4 v0x55979e98a5c0_0;
    %or;
    %load/vec4 v0x55979e98a740_0;
    %or;
    %load/vec4 v0x55979e98a680_0;
    %or;
    %cmpi/e 1, 0, 1;
    %jmp/0xz  T_8.0, 4;
    %pushi/vec4 1, 0, 1;
    %ix/load 4, 0, 0;
    %ix/load 5, 0, 0;
    %flag_set/imm 4, 0;
    %assign/vec4/off/d v0x55979e989710_0, 4, 5;
    %jmp T_8.1;
T_8.0 ;
    %pushi/vec4 0, 0, 1;
    %ix/load 4, 0, 0;
    %ix/load 5, 0, 0;
    %flag_set/imm 4, 0;
    %assign/vec4/off/d v0x55979e989710_0, 4, 5;
T_8.1 ;
    %jmp T_8;
    .thread T_8, $push;
    .scope S_0x55979e987fb0;
T_9 ;
    %wait E_0x55979e9892c0;
    %load/vec4 v0x55979e98ab00_0;
    %load/vec4 v0x55979e98a120_0;
    %or;
    %load/vec4 v0x55979e98a800_0;
    %or;
    %load/vec4 v0x55979e98a2c0_0;
    %or;
    %load/vec4 v0x55979e98a500_0;
    %or;
    %load/vec4 v0x55979e98a5c0_0;
    %or;
    %load/vec4 v0x55979e98a740_0;
    %or;
    %load/vec4 v0x55979e98a680_0;
    %or;
    %cmpi/e 1, 0, 1;
    %jmp/0xz  T_9.0, 4;
    %pushi/vec4 1, 0, 1;
    %ix/load 4, 1, 0;
    %ix/load 5, 0, 0;
    %flag_set/imm 4, 0;
    %assign/vec4/off/d v0x55979e989710_0, 4, 5;
    %jmp T_9.1;
T_9.0 ;
    %pushi/vec4 0, 0, 1;
    %ix/load 4, 1, 0;
    %ix/load 5, 0, 0;
    %flag_set/imm 4, 0;
    %assign/vec4/off/d v0x55979e989710_0, 4, 5;
T_9.1 ;
    %jmp T_9;
    .thread T_9, $push;
    .scope S_0x55979e987fb0;
T_10 ;
    %wait E_0x55979e989120;
    %load/vec4 v0x55979e98a060_0;
    %load/vec4 v0x55979e98ad50_0;
    %pushi/vec4 1, 0, 1;
    %cmp/e;
    %flag_get/vec4 4;
    %or;
    %flag_set/vec4 8;
    %jmp/0xz  T_10.0, 8;
    %pushi/vec4 1, 0, 1;
    %ix/load 4, 2, 0;
    %ix/load 5, 0, 0;
    %flag_set/imm 4, 0;
    %assign/vec4/off/d v0x55979e989710_0, 4, 5;
    %jmp T_10.1;
T_10.0 ;
    %pushi/vec4 0, 0, 1;
    %ix/load 4, 2, 0;
    %ix/load 5, 0, 0;
    %flag_set/imm 4, 0;
    %assign/vec4/off/d v0x55979e989710_0, 4, 5;
T_10.1 ;
    %jmp T_10;
    .thread T_10, $push;
    .scope S_0x55979e987fb0;
T_11 ;
    %wait E_0x55979e9891f0;
    %load/vec4 v0x55979e98ad50_0;
    %cmpi/e 1, 0, 1;
    %jmp/0xz  T_11.0, 4;
    %pushi/vec4 1, 0, 1;
    %ix/load 4, 3, 0;
    %ix/load 5, 0, 0;
    %flag_set/imm 4, 0;
    %assign/vec4/off/d v0x55979e989710_0, 4, 5;
    %jmp T_11.1;
T_11.0 ;
    %pushi/vec4 0, 0, 1;
    %ix/load 4, 3, 0;
    %ix/load 5, 0, 0;
    %flag_set/imm 4, 0;
    %assign/vec4/off/d v0x55979e989710_0, 4, 5;
T_11.1 ;
    %jmp T_11;
    .thread T_11, $push;
    .scope S_0x55979e987fb0;
T_12 ;
    %wait E_0x55979e989190;
    %load/vec4 v0x55979e98a060_0;
    %cmpi/e 1, 0, 1;
    %jmp/0xz  T_12.0, 4;
    %pushi/vec4 1, 0, 1;
    %ix/load 4, 4, 0;
    %ix/load 5, 0, 0;
    %flag_set/imm 4, 0;
    %assign/vec4/off/d v0x55979e989710_0, 4, 5;
    %jmp T_12.1;
T_12.0 ;
    %pushi/vec4 0, 0, 1;
    %ix/load 4, 4, 0;
    %ix/load 5, 0, 0;
    %flag_set/imm 4, 0;
    %assign/vec4/off/d v0x55979e989710_0, 4, 5;
T_12.1 ;
    %jmp T_12;
    .thread T_12, $push;
    .scope S_0x55979e987fb0;
T_13 ;
    %wait E_0x55979e989190;
    %load/vec4 v0x55979e98a060_0;
    %cmpi/e 1, 0, 1;
    %jmp/0xz  T_13.0, 4;
    %pushi/vec4 1, 0, 1;
    %assign/vec4 v0x55979e98a8c0_0, 0;
    %jmp T_13.1;
T_13.0 ;
    %pushi/vec4 0, 0, 1;
    %assign/vec4 v0x55979e98a8c0_0, 0;
T_13.1 ;
    %jmp T_13;
    .thread T_13, $push;
    .scope S_0x55979e987fb0;
T_14 ;
    %wait E_0x55979e9890e0;
    %load/vec4 v0x55979e98a800_0;
    %load/vec4 v0x55979e989650_0;
    %or;
    %load/vec4 v0x55979e9897d0_0;
    %or;
    %load/vec4 v0x55979e98ad50_0;
    %or;
    %cmpi/e 1, 0, 1;
    %jmp/0xz  T_14.0, 4;
    %pushi/vec4 1, 0, 1;
    %assign/vec4 v0x55979e98a980_0, 0;
    %jmp T_14.1;
T_14.0 ;
    %pushi/vec4 0, 0, 1;
    %assign/vec4 v0x55979e98a980_0, 0;
T_14.1 ;
    %jmp T_14;
    .thread T_14, $push;
    .scope S_0x55979e987fb0;
T_15 ;
    %wait E_0x55979e989080;
    %load/vec4 v0x55979e98a120_0;
    %load/vec4 v0x55979e98ab00_0;
    %or;
    %cmpi/e 1, 0, 1;
    %jmp/0xz  T_15.0, 4;
    %pushi/vec4 1, 0, 1;
    %assign/vec4 v0x55979e98aa40_0, 0;
    %jmp T_15.1;
T_15.0 ;
    %pushi/vec4 0, 0, 1;
    %assign/vec4 v0x55979e98aa40_0, 0;
T_15.1 ;
    %jmp T_15;
    .thread T_15, $push;
    .scope S_0x55979e987fb0;
T_16 ;
    %wait E_0x55979e988ff0;
    %load/vec4 v0x55979e989fa0_0;
    %cmpi/e 1, 0, 1;
    %jmp/0xz  T_16.0, 4;
    %pushi/vec4 1, 0, 1;
    %assign/vec4 v0x55979e989e40_0, 0;
    %jmp T_16.1;
T_16.0 ;
    %pushi/vec4 0, 0, 1;
    %assign/vec4 v0x55979e989e40_0, 0;
T_16.1 ;
    %jmp T_16;
    .thread T_16, $push;
    .scope S_0x55979e987fb0;
T_17 ;
    %wait E_0x55979e988f70;
    %load/vec4 v0x55979e989ce0_0;
    %load/vec4 v0x55979e98a800_0;
    %load/vec4 v0x55979e989650_0;
    %or;
    %load/vec4 v0x55979e98ad50_0;
    %or;
    %load/vec4 v0x55979e9897d0_0;
    %or;
    %load/vec4 v0x55979e98a120_0;
    %or;
    %and;
    %cmpi/e 1, 0, 1;
    %jmp/0xz  T_17.0, 4;
    %pushi/vec4 1, 0, 1;
    %assign/vec4 v0x55979e989da0_0, 0;
    %jmp T_17.1;
T_17.0 ;
    %pushi/vec4 0, 0, 1;
    %assign/vec4 v0x55979e989da0_0, 0;
T_17.1 ;
    %jmp T_17;
    .thread T_17, $push;
    .scope S_0x55979e987fb0;
T_18 ;
    %wait E_0x55979e988ef0;
    %load/vec4 v0x55979e98a740_0;
    %load/vec4 v0x55979e98b0f0_0;
    %and;
    %load/vec4 v0x55979e98a680_0;
    %load/vec4 v0x55979e98b0f0_0;
    %inv;
    %and;
    %or;
    %load/vec4 v0x55979e98a500_0;
    %load/vec4 v0x55979e989970_0;
    %and;
    %or;
    %load/vec4 v0x55979e98a5c0_0;
    %load/vec4 v0x55979e98b0f0_0;
    %inv;
    %and;
    %or;
    %load/vec4 v0x55979e98a2c0_0;
    %pushi/vec4 1, 0, 1;
    %cmp/e;
    %flag_get/vec4 4;
    %or;
    %flag_set/vec4 8;
    %jmp/0xz  T_18.0, 8;
    %pushi/vec4 1, 0, 1;
    %assign/vec4 v0x55979e98a440_0, 0;
    %jmp T_18.1;
T_18.0 ;
    %pushi/vec4 0, 0, 1;
    %assign/vec4 v0x55979e98a440_0, 0;
T_18.1 ;
    %jmp T_18;
    .thread T_18, $push;
    .scope S_0x55979e987fb0;
T_19 ;
    %wait E_0x55979e8e8c10;
    %load/vec4 v0x55979e989b00_0;
    %cmpi/e 0, 0, 1;
    %jmp/0xz  T_19.0, 4;
    %pushi/vec4 1, 0, 1;
    %assign/vec4 v0x55979e98a380_0, 0;
    %jmp T_19.1;
T_19.0 ;
    %load/vec4 v0x55979e98a440_0;
    %inv;
    %assign/vec4 v0x55979e98a380_0, 0;
T_19.1 ;
    %jmp T_19;
    .thread T_19;
    .scope S_0x55979e987fb0;
T_20 ;
    %wait E_0x55979e96dd20;
    %load/vec4 v0x55979e98a060_0;
    %load/vec4 v0x55979e98a380_0;
    %and;
    %load/vec4 v0x55979e989ce0_0;
    %load/vec4 v0x55979e98a440_0;
    %and;
    %pushi/vec4 1, 0, 1;
    %cmp/e;
    %flag_get/vec4 4;
    %or;
    %flag_set/vec4 8;
    %jmp/0xz  T_20.0, 8;
    %pushi/vec4 1, 0, 1;
    %assign/vec4 v0x55979e989ee0_0, 0;
    %jmp T_20.1;
T_20.0 ;
    %pushi/vec4 0, 0, 1;
    %assign/vec4 v0x55979e989ee0_0, 0;
T_20.1 ;
    %jmp T_20;
    .thread T_20, $push;
    .scope S_0x55979e9871b0;
T_21 ;
    %wait E_0x55979e96def0;
    %load/vec4 v0x55979e9879c0_0;
    %dup/vec4;
    %pushi/vec4 0, 0, 5;
    %cmp/u;
    %jmp/1 T_21.0, 6;
    %dup/vec4;
    %pushi/vec4 1, 0, 5;
    %cmp/u;
    %jmp/1 T_21.1, 6;
    %dup/vec4;
    %pushi/vec4 2, 0, 5;
    %cmp/u;
    %jmp/1 T_21.2, 6;
    %dup/vec4;
    %pushi/vec4 3, 0, 5;
    %cmp/u;
    %jmp/1 T_21.3, 6;
    %dup/vec4;
    %pushi/vec4 12, 0, 5;
    %cmp/u;
    %jmp/1 T_21.4, 6;
    %dup/vec4;
    %pushi/vec4 20, 0, 5;
    %cmp/u;
    %jmp/1 T_21.5, 6;
    %jmp T_21.6;
T_21.0 ;
    %load/vec4 v0x55979e9878c0_0;
    %pad/u 9;
    %load/vec4 v0x55979e987aa0_0;
    %pad/u 9;
    %add;
    %assign/vec4 v0x55979e987d30_0, 0;
    %jmp T_21.6;
T_21.1 ;
    %load/vec4 v0x55979e9878c0_0;
    %pad/u 9;
    %load/vec4 v0x55979e987aa0_0;
    %pad/u 9;
    %and;
    %assign/vec4 v0x55979e987d30_0, 0;
    %jmp T_21.6;
T_21.2 ;
    %load/vec4 v0x55979e9878c0_0;
    %pad/u 9;
    %assign/vec4 v0x55979e987d30_0, 0;
    %jmp T_21.6;
T_21.3 ;
    %load/vec4 v0x55979e987aa0_0;
    %pad/u 9;
    %assign/vec4 v0x55979e987d30_0, 0;
    %jmp T_21.6;
T_21.4 ;
    %load/vec4 v0x55979e9878c0_0;
    %pad/u 9;
    %load/vec4 v0x55979e987aa0_0;
    %pad/u 9;
    %sub;
    %assign/vec4 v0x55979e987d30_0, 0;
    %jmp T_21.6;
T_21.5 ;
    %load/vec4 v0x55979e9878c0_0;
    %pad/u 9;
    %addi 1, 0, 9;
    %assign/vec4 v0x55979e987d30_0, 0;
    %jmp T_21.6;
T_21.6 ;
    %pop/vec4 1;
    %jmp T_21;
    .thread T_21, $push;
    .scope S_0x55979e9871b0;
T_22 ;
    %wait E_0x55979e96de60;
    %load/vec4 v0x55979e987d30_0;
    %cmpi/e 0, 0, 9;
    %jmp/0xz  T_22.0, 4;
    %pushi/vec4 1, 0, 1;
    %assign/vec4 v0x55979e987df0_0, 0;
    %jmp T_22.1;
T_22.0 ;
    %pushi/vec4 0, 0, 1;
    %assign/vec4 v0x55979e987df0_0, 0;
T_22.1 ;
    %jmp T_22;
    .thread T_22, $push;
    .scope S_0x55979e986aa0;
T_23 ;
    %wait E_0x55979e8e8c10;
    %load/vec4 v0x55979e986fa0_0;
    %cmpi/e 0, 0, 1;
    %jmp/0xz  T_23.0, 6;
    %pushi/vec4 0, 0, 8;
    %assign/vec4 v0x55979e986e40_0, 0;
    %jmp T_23.1;
T_23.0 ;
    %load/vec4 v0x55979e987040_0;
    %cmpi/e 1, 0, 1;
    %jmp/0xz  T_23.2, 6;
    %load/vec4 v0x55979e986d40_0;
    %assign/vec4 v0x55979e986e40_0, 0;
T_23.2 ;
T_23.1 ;
    %jmp T_23;
    .thread T_23;
    .scope S_0x55979e98ba50;
T_24 ;
    %wait E_0x55979e98bc80;
    %load/vec4 v0x55979e98bed0_0;
    %cmpi/e 0, 0, 1;
    %jmp/0xz  T_24.0, 6;
    %load/vec4 v0x55979e98bde0_0;
    %assign/vec4 v0x55979e98bd00_0, 0;
    %jmp T_24.1;
T_24.0 ;
    %load/vec4 v0x55979e98bfa0_0;
    %assign/vec4 v0x55979e98bd00_0, 0;
T_24.1 ;
    %jmp T_24;
    .thread T_24, $push;
    .scope S_0x55979e98c0f0;
T_25 ;
    %wait E_0x55979e98c2d0;
    %load/vec4 v0x55979e98c610_0;
    %cmpi/e 0, 0, 1;
    %jmp/0xz  T_25.0, 6;
    %load/vec4 v0x55979e98c520_0;
    %assign/vec4 v0x55979e98c350_0, 0;
    %jmp T_25.1;
T_25.0 ;
    %load/vec4 v0x55979e98c460_0;
    %assign/vec4 v0x55979e98c350_0, 0;
T_25.1 ;
    %jmp T_25;
    .thread T_25, $push;
    .scope S_0x55979e98c770;
T_26 ;
    %wait E_0x55979e98c950;
    %load/vec4 v0x55979e98cba0_0;
    %cmpi/e 0, 0, 1;
    %jmp/0xz  T_26.0, 6;
    %load/vec4 v0x55979e98cca0_0;
    %assign/vec4 v0x55979e98c9d0_0, 0;
    %jmp T_26.1;
T_26.0 ;
    %load/vec4 v0x55979e98cae0_0;
    %assign/vec4 v0x55979e98c9d0_0, 0;
T_26.1 ;
    %jmp T_26;
    .thread T_26, $push;
    .scope S_0x55979e93c960;
T_27 ;
    %wait E_0x55979e8c5800;
    %load/vec4 v0x55979e9866f0_0;
    %cmpi/e 1, 0, 1;
    %jmp/0xz  T_27.0, 4;
    %pushi/vec4 0, 0, 8;
    %load/vec4 v0x55979e965760_0;
    %concat/vec4; draw_concat_vec4
    %load/vec4 v0x55979e961950_0;
    %pad/u 10;
    %ix/vec4 3;
    %ix/load 4, 0, 0; Constant delay
    %assign/vec4/a/d v0x55979e986630, 0, 4;
T_27.0 ;
    %jmp T_27;
    .thread T_27;
    .scope S_0x55979e93c960;
T_28 ;
    %vpi_call 3 29 "$readmemb", "/home/kali/PROJECTS/processor-design/s_proc_v1/sim/top_level/ram_contents.txt", v0x55979e986630, 32'sb00000000000000000000000000000000, 32'sb00000000000000000000000011111111 {0 0 0};
    %end;
    .thread T_28;
    .scope S_0x55979e96abf0;
T_29 ;
    %pushi/vec4 0, 0, 1;
    %assign/vec4 v0x55979e98eb50_0, 0;
    %delay 5, 0;
    %pushi/vec4 1, 0, 1;
    %assign/vec4 v0x55979e98eb50_0, 0;
    %delay 5, 0;
    %jmp T_29;
    .thread T_29;
    .scope S_0x55979e96abf0;
T_30 ;
    %vpi_call 2 38 "$dumpvars" {0 0 0};
    %pushi/vec4 0, 0, 1;
    %assign/vec4 v0x55979e98ebf0_0, 0;
    %delay 20, 0;
    %wait E_0x55979e8c5800;
    %pushi/vec4 1, 0, 1;
    %assign/vec4 v0x55979e98ebf0_0, 0;
    %delay 400, 0;
    %vpi_call 2 44 "$finish" {0 0 0};
    %end;
    .thread T_30;
# The file index is used to find the file name in the following table.
:file_names 13;
    "N/A";
    "<interactive>";
    "sim_env.v";
    "./top_level/ram.v";
    "./top_level/toplevel.v";
    "./top_level/acc.v";
    "./top_level/alu.v";
    "./top_level/decoder.v";
    "./top_level/ir.v";
    "./top_level/mux_a.v";
    "./top_level/mux_b.v";
    "./top_level/mux_c.v";
    "./top_level/pc.v";
